[2022-05-21 10:34:34,772] {processor.py:163} INFO - Started process (PID=221) to work on /home/airflow/.local/lib/python3.7/site-packages/airflow/example_dags/example_xcomargs.py
[2022-05-21 10:34:34,774] {processor.py:620} INFO - Processing file /home/airflow/.local/lib/python3.7/site-packages/airflow/example_dags/example_xcomargs.py for tasks to queue
[2022-05-21 10:34:34,775] {logging_mixin.py:109} INFO - [2022-05-21 10:34:34,775] {dagbag.py:500} INFO - Filling up the DagBag from /home/airflow/.local/lib/python3.7/site-packages/airflow/example_dags/example_xcomargs.py
[2022-05-21 10:34:34,809] {processor.py:632} INFO - DAG(s) dict_keys(['example_xcom_args', 'example_xcom_args_with_operators']) retrieved from /home/airflow/.local/lib/python3.7/site-packages/airflow/example_dags/example_xcomargs.py
[2022-05-21 10:34:36,216] {logging_mixin.py:109} INFO - [2022-05-21 10:34:36,216] {providers_manager.py:156} WARNING - Exception when importing 'airflow.providers.google.leveldb.hooks.leveldb.LevelDBHook' from 'apache-airflow-providers-google' package: No module named 'plyvel'
[2022-05-21 10:34:36,546] {logging_mixin.py:109} INFO - [2022-05-21 10:34:36,546] {providers_manager.py:156} WARNING - Exception when importing 'airflow.providers.google.leveldb.hooks.leveldb.LevelDBHook' from 'apache-airflow-providers-google' package: No module named 'plyvel'
[2022-05-21 10:34:36,561] {logging_mixin.py:109} INFO - [2022-05-21 10:34:36,561] {manager.py:496} INFO - Created Permission View: can edit on DAG:example_xcom_args
[2022-05-21 10:34:36,566] {logging_mixin.py:109} INFO - [2022-05-21 10:34:36,566] {manager.py:496} INFO - Created Permission View: can read on DAG:example_xcom_args
[2022-05-21 10:34:36,578] {logging_mixin.py:109} INFO - [2022-05-21 10:34:36,578] {manager.py:496} INFO - Created Permission View: can edit on DAG:example_xcom_args_with_operators
[2022-05-21 10:34:36,584] {logging_mixin.py:109} INFO - [2022-05-21 10:34:36,584] {manager.py:496} INFO - Created Permission View: can read on DAG:example_xcom_args_with_operators
[2022-05-21 10:34:36,584] {logging_mixin.py:109} INFO - [2022-05-21 10:34:36,584] {dag.py:2389} INFO - Sync 2 DAGs
[2022-05-21 10:34:36,590] {logging_mixin.py:109} INFO - [2022-05-21 10:34:36,590] {dag.py:2408} INFO - Creating ORM DAG for example_xcom_args
[2022-05-21 10:34:36,591] {logging_mixin.py:109} INFO - [2022-05-21 10:34:36,591] {dag.py:2408} INFO - Creating ORM DAG for example_xcom_args_with_operators
[2022-05-21 10:34:36,597] {logging_mixin.py:109} INFO - [2022-05-21 10:34:36,597] {dag.py:2921} INFO - Setting next_dagrun for example_xcom_args to None
[2022-05-21 10:34:36,598] {logging_mixin.py:109} INFO - [2022-05-21 10:34:36,598] {dag.py:2921} INFO - Setting next_dagrun for example_xcom_args_with_operators to None
[2022-05-21 10:34:36,606] {processor.py:171} INFO - Processing /home/airflow/.local/lib/python3.7/site-packages/airflow/example_dags/example_xcomargs.py took 1.862 seconds
[2022-05-21 10:35:06,861] {processor.py:163} INFO - Started process (PID=284) to work on /home/airflow/.local/lib/python3.7/site-packages/airflow/example_dags/example_xcomargs.py
[2022-05-21 10:35:06,863] {processor.py:620} INFO - Processing file /home/airflow/.local/lib/python3.7/site-packages/airflow/example_dags/example_xcomargs.py for tasks to queue
[2022-05-21 10:35:06,864] {logging_mixin.py:109} INFO - [2022-05-21 10:35:06,864] {dagbag.py:500} INFO - Filling up the DagBag from /home/airflow/.local/lib/python3.7/site-packages/airflow/example_dags/example_xcomargs.py
[2022-05-21 10:35:06,899] {processor.py:632} INFO - DAG(s) dict_keys(['example_xcom_args', 'example_xcom_args_with_operators']) retrieved from /home/airflow/.local/lib/python3.7/site-packages/airflow/example_dags/example_xcomargs.py
[2022-05-21 10:35:07,201] {logging_mixin.py:109} INFO - [2022-05-21 10:35:07,201] {dag.py:2389} INFO - Sync 2 DAGs
[2022-05-21 10:35:07,218] {logging_mixin.py:109} INFO - [2022-05-21 10:35:07,218] {dag.py:2921} INFO - Setting next_dagrun for example_xcom_args to None
[2022-05-21 10:35:07,220] {logging_mixin.py:109} INFO - [2022-05-21 10:35:07,219] {dag.py:2921} INFO - Setting next_dagrun for example_xcom_args_with_operators to None
[2022-05-21 10:35:07,233] {processor.py:171} INFO - Processing /home/airflow/.local/lib/python3.7/site-packages/airflow/example_dags/example_xcomargs.py took 0.375 seconds
[2022-05-21 10:35:37,322] {processor.py:163} INFO - Started process (PID=346) to work on /home/airflow/.local/lib/python3.7/site-packages/airflow/example_dags/example_xcomargs.py
[2022-05-21 10:35:37,324] {processor.py:620} INFO - Processing file /home/airflow/.local/lib/python3.7/site-packages/airflow/example_dags/example_xcomargs.py for tasks to queue
[2022-05-21 10:35:37,325] {logging_mixin.py:109} INFO - [2022-05-21 10:35:37,325] {dagbag.py:500} INFO - Filling up the DagBag from /home/airflow/.local/lib/python3.7/site-packages/airflow/example_dags/example_xcomargs.py
[2022-05-21 10:35:37,361] {processor.py:632} INFO - DAG(s) dict_keys(['example_xcom_args', 'example_xcom_args_with_operators']) retrieved from /home/airflow/.local/lib/python3.7/site-packages/airflow/example_dags/example_xcomargs.py
[2022-05-21 10:35:37,616] {logging_mixin.py:109} INFO - [2022-05-21 10:35:37,616] {dag.py:2389} INFO - Sync 2 DAGs
[2022-05-21 10:35:37,628] {logging_mixin.py:109} INFO - [2022-05-21 10:35:37,628] {dag.py:2921} INFO - Setting next_dagrun for example_xcom_args to None
[2022-05-21 10:35:37,629] {logging_mixin.py:109} INFO - [2022-05-21 10:35:37,629] {dag.py:2921} INFO - Setting next_dagrun for example_xcom_args_with_operators to None
[2022-05-21 10:35:37,637] {processor.py:171} INFO - Processing /home/airflow/.local/lib/python3.7/site-packages/airflow/example_dags/example_xcomargs.py took 0.319 seconds
[2022-05-21 10:36:08,131] {processor.py:163} INFO - Started process (PID=398) to work on /home/airflow/.local/lib/python3.7/site-packages/airflow/example_dags/example_xcomargs.py
[2022-05-21 10:36:08,133] {processor.py:620} INFO - Processing file /home/airflow/.local/lib/python3.7/site-packages/airflow/example_dags/example_xcomargs.py for tasks to queue
[2022-05-21 10:36:08,134] {logging_mixin.py:109} INFO - [2022-05-21 10:36:08,134] {dagbag.py:500} INFO - Filling up the DagBag from /home/airflow/.local/lib/python3.7/site-packages/airflow/example_dags/example_xcomargs.py
[2022-05-21 10:36:08,169] {processor.py:632} INFO - DAG(s) dict_keys(['example_xcom_args', 'example_xcom_args_with_operators']) retrieved from /home/airflow/.local/lib/python3.7/site-packages/airflow/example_dags/example_xcomargs.py
[2022-05-21 10:36:08,483] {logging_mixin.py:109} INFO - [2022-05-21 10:36:08,483] {dag.py:2389} INFO - Sync 2 DAGs
[2022-05-21 10:36:08,500] {logging_mixin.py:109} INFO - [2022-05-21 10:36:08,499] {dag.py:2921} INFO - Setting next_dagrun for example_xcom_args to None
[2022-05-21 10:36:08,501] {logging_mixin.py:109} INFO - [2022-05-21 10:36:08,501] {dag.py:2921} INFO - Setting next_dagrun for example_xcom_args_with_operators to None
[2022-05-21 10:36:08,511] {processor.py:171} INFO - Processing /home/airflow/.local/lib/python3.7/site-packages/airflow/example_dags/example_xcomargs.py took 0.384 seconds
