[2022-05-21 10:34:31,048] {processor.py:163} INFO - Started process (PID=200) to work on /home/airflow/.local/lib/python3.7/site-packages/airflow/example_dags/example_kubernetes_executor.py
[2022-05-21 10:34:31,050] {processor.py:620} INFO - Processing file /home/airflow/.local/lib/python3.7/site-packages/airflow/example_dags/example_kubernetes_executor.py for tasks to queue
[2022-05-21 10:34:31,051] {logging_mixin.py:109} INFO - [2022-05-21 10:34:31,051] {dagbag.py:500} INFO - Filling up the DagBag from /home/airflow/.local/lib/python3.7/site-packages/airflow/example_dags/example_kubernetes_executor.py
[2022-05-21 10:34:31,081] {processor.py:632} INFO - DAG(s) dict_keys(['example_kubernetes_executor']) retrieved from /home/airflow/.local/lib/python3.7/site-packages/airflow/example_dags/example_kubernetes_executor.py
[2022-05-21 10:34:32,574] {logging_mixin.py:109} INFO - [2022-05-21 10:34:32,574] {providers_manager.py:156} WARNING - Exception when importing 'airflow.providers.google.leveldb.hooks.leveldb.LevelDBHook' from 'apache-airflow-providers-google' package: No module named 'plyvel'
[2022-05-21 10:34:32,959] {logging_mixin.py:109} INFO - [2022-05-21 10:34:32,959] {providers_manager.py:156} WARNING - Exception when importing 'airflow.providers.google.leveldb.hooks.leveldb.LevelDBHook' from 'apache-airflow-providers-google' package: No module named 'plyvel'
[2022-05-21 10:34:32,976] {logging_mixin.py:109} INFO - [2022-05-21 10:34:32,976] {manager.py:496} INFO - Created Permission View: can edit on DAG:example_kubernetes_executor
[2022-05-21 10:34:32,985] {logging_mixin.py:109} INFO - [2022-05-21 10:34:32,985] {manager.py:496} INFO - Created Permission View: can read on DAG:example_kubernetes_executor
[2022-05-21 10:34:32,986] {logging_mixin.py:109} INFO - [2022-05-21 10:34:32,986] {dag.py:2389} INFO - Sync 1 DAGs
[2022-05-21 10:34:32,993] {logging_mixin.py:109} INFO - [2022-05-21 10:34:32,993] {dag.py:2408} INFO - Creating ORM DAG for example_kubernetes_executor
[2022-05-21 10:34:33,001] {logging_mixin.py:109} INFO - [2022-05-21 10:34:33,001] {dag.py:2921} INFO - Setting next_dagrun for example_kubernetes_executor to None
[2022-05-21 10:34:33,013] {processor.py:171} INFO - Processing /home/airflow/.local/lib/python3.7/site-packages/airflow/example_dags/example_kubernetes_executor.py took 1.969 seconds
[2022-05-21 10:35:03,523] {processor.py:163} INFO - Started process (PID=275) to work on /home/airflow/.local/lib/python3.7/site-packages/airflow/example_dags/example_kubernetes_executor.py
[2022-05-21 10:35:03,525] {processor.py:620} INFO - Processing file /home/airflow/.local/lib/python3.7/site-packages/airflow/example_dags/example_kubernetes_executor.py for tasks to queue
[2022-05-21 10:35:03,526] {logging_mixin.py:109} INFO - [2022-05-21 10:35:03,526] {dagbag.py:500} INFO - Filling up the DagBag from /home/airflow/.local/lib/python3.7/site-packages/airflow/example_dags/example_kubernetes_executor.py
[2022-05-21 10:35:03,556] {processor.py:632} INFO - DAG(s) dict_keys(['example_kubernetes_executor']) retrieved from /home/airflow/.local/lib/python3.7/site-packages/airflow/example_dags/example_kubernetes_executor.py
[2022-05-21 10:35:03,567] {logging_mixin.py:109} INFO - [2022-05-21 10:35:03,566] {dag.py:2389} INFO - Sync 1 DAGs
[2022-05-21 10:35:03,582] {logging_mixin.py:109} INFO - [2022-05-21 10:35:03,582] {dag.py:2921} INFO - Setting next_dagrun for example_kubernetes_executor to None
[2022-05-21 10:35:03,592] {processor.py:171} INFO - Processing /home/airflow/.local/lib/python3.7/site-packages/airflow/example_dags/example_kubernetes_executor.py took 0.072 seconds
[2022-05-21 10:35:33,923] {processor.py:163} INFO - Started process (PID=337) to work on /home/airflow/.local/lib/python3.7/site-packages/airflow/example_dags/example_kubernetes_executor.py
[2022-05-21 10:35:33,925] {processor.py:620} INFO - Processing file /home/airflow/.local/lib/python3.7/site-packages/airflow/example_dags/example_kubernetes_executor.py for tasks to queue
[2022-05-21 10:35:33,926] {logging_mixin.py:109} INFO - [2022-05-21 10:35:33,926] {dagbag.py:500} INFO - Filling up the DagBag from /home/airflow/.local/lib/python3.7/site-packages/airflow/example_dags/example_kubernetes_executor.py
[2022-05-21 10:35:33,956] {processor.py:632} INFO - DAG(s) dict_keys(['example_kubernetes_executor']) retrieved from /home/airflow/.local/lib/python3.7/site-packages/airflow/example_dags/example_kubernetes_executor.py
[2022-05-21 10:35:33,966] {logging_mixin.py:109} INFO - [2022-05-21 10:35:33,966] {dag.py:2389} INFO - Sync 1 DAGs
[2022-05-21 10:35:33,979] {logging_mixin.py:109} INFO - [2022-05-21 10:35:33,979] {dag.py:2921} INFO - Setting next_dagrun for example_kubernetes_executor to None
[2022-05-21 10:35:33,987] {processor.py:171} INFO - Processing /home/airflow/.local/lib/python3.7/site-packages/airflow/example_dags/example_kubernetes_executor.py took 0.067 seconds
[2022-05-21 10:36:04,745] {processor.py:163} INFO - Started process (PID=389) to work on /home/airflow/.local/lib/python3.7/site-packages/airflow/example_dags/example_kubernetes_executor.py
[2022-05-21 10:36:04,747] {processor.py:620} INFO - Processing file /home/airflow/.local/lib/python3.7/site-packages/airflow/example_dags/example_kubernetes_executor.py for tasks to queue
[2022-05-21 10:36:04,748] {logging_mixin.py:109} INFO - [2022-05-21 10:36:04,748] {dagbag.py:500} INFO - Filling up the DagBag from /home/airflow/.local/lib/python3.7/site-packages/airflow/example_dags/example_kubernetes_executor.py
[2022-05-21 10:36:04,782] {processor.py:632} INFO - DAG(s) dict_keys(['example_kubernetes_executor']) retrieved from /home/airflow/.local/lib/python3.7/site-packages/airflow/example_dags/example_kubernetes_executor.py
[2022-05-21 10:36:04,774] {logging_mixin.py:109} INFO - [2022-05-21 10:36:04,773] {dag.py:2389} INFO - Sync 1 DAGs
[2022-05-21 10:36:04,794] {logging_mixin.py:109} INFO - [2022-05-21 10:36:04,794] {dag.py:2921} INFO - Setting next_dagrun for example_kubernetes_executor to None
[2022-05-21 10:36:04,804] {processor.py:171} INFO - Processing /home/airflow/.local/lib/python3.7/site-packages/airflow/example_dags/example_kubernetes_executor.py took 0.085 seconds
