[2022-05-21 10:34:23,950] {processor.py:163} INFO - Started process (PID=160) to work on /home/airflow/.local/lib/python3.7/site-packages/airflow/example_dags/example_trigger_controller_dag.py
[2022-05-21 10:34:23,952] {processor.py:620} INFO - Processing file /home/airflow/.local/lib/python3.7/site-packages/airflow/example_dags/example_trigger_controller_dag.py for tasks to queue
[2022-05-21 10:34:23,953] {logging_mixin.py:109} INFO - [2022-05-21 10:34:23,953] {dagbag.py:500} INFO - Filling up the DagBag from /home/airflow/.local/lib/python3.7/site-packages/airflow/example_dags/example_trigger_controller_dag.py
[2022-05-21 10:34:23,983] {processor.py:632} INFO - DAG(s) dict_keys(['example_trigger_controller_dag']) retrieved from /home/airflow/.local/lib/python3.7/site-packages/airflow/example_dags/example_trigger_controller_dag.py
[2022-05-21 10:34:25,656] {logging_mixin.py:109} INFO - [2022-05-21 10:34:25,655] {providers_manager.py:156} WARNING - Exception when importing 'airflow.providers.google.leveldb.hooks.leveldb.LevelDBHook' from 'apache-airflow-providers-google' package: No module named 'plyvel'
[2022-05-21 10:34:26,106] {logging_mixin.py:109} INFO - [2022-05-21 10:34:26,106] {providers_manager.py:156} WARNING - Exception when importing 'airflow.providers.google.leveldb.hooks.leveldb.LevelDBHook' from 'apache-airflow-providers-google' package: No module named 'plyvel'
[2022-05-21 10:34:26,124] {logging_mixin.py:109} INFO - [2022-05-21 10:34:26,124] {manager.py:496} INFO - Created Permission View: can edit on DAG:example_trigger_controller_dag
[2022-05-21 10:34:26,133] {logging_mixin.py:109} INFO - [2022-05-21 10:34:26,133] {manager.py:496} INFO - Created Permission View: can read on DAG:example_trigger_controller_dag
[2022-05-21 10:34:26,134] {logging_mixin.py:109} INFO - [2022-05-21 10:34:26,133] {dag.py:2389} INFO - Sync 1 DAGs
[2022-05-21 10:34:26,141] {logging_mixin.py:109} INFO - [2022-05-21 10:34:26,140] {dag.py:2408} INFO - Creating ORM DAG for example_trigger_controller_dag
[2022-05-21 10:34:26,148] {logging_mixin.py:109} INFO - [2022-05-21 10:34:26,147] {dag.py:2921} INFO - Setting next_dagrun for example_trigger_controller_dag to 2021-01-01T00:00:00+00:00
[2022-05-21 10:34:26,157] {processor.py:171} INFO - Processing /home/airflow/.local/lib/python3.7/site-packages/airflow/example_dags/example_trigger_controller_dag.py took 2.211 seconds
[2022-05-21 10:34:56,585] {processor.py:163} INFO - Started process (PID=268) to work on /home/airflow/.local/lib/python3.7/site-packages/airflow/example_dags/example_trigger_controller_dag.py
[2022-05-21 10:34:56,587] {processor.py:620} INFO - Processing file /home/airflow/.local/lib/python3.7/site-packages/airflow/example_dags/example_trigger_controller_dag.py for tasks to queue
[2022-05-21 10:34:56,589] {logging_mixin.py:109} INFO - [2022-05-21 10:34:56,588] {dagbag.py:500} INFO - Filling up the DagBag from /home/airflow/.local/lib/python3.7/site-packages/airflow/example_dags/example_trigger_controller_dag.py
[2022-05-21 10:34:56,615] {processor.py:632} INFO - DAG(s) dict_keys(['example_trigger_controller_dag']) retrieved from /home/airflow/.local/lib/python3.7/site-packages/airflow/example_dags/example_trigger_controller_dag.py
[2022-05-21 10:34:56,625] {logging_mixin.py:109} INFO - [2022-05-21 10:34:56,625] {dag.py:2389} INFO - Sync 1 DAGs
[2022-05-21 10:34:56,641] {logging_mixin.py:109} INFO - [2022-05-21 10:34:56,640] {dag.py:2921} INFO - Setting next_dagrun for example_trigger_controller_dag to 2021-01-01T00:00:00+00:00
[2022-05-21 10:34:56,650] {processor.py:171} INFO - Processing /home/airflow/.local/lib/python3.7/site-packages/airflow/example_dags/example_trigger_controller_dag.py took 0.067 seconds
[2022-05-21 10:35:27,238] {processor.py:163} INFO - Started process (PID=320) to work on /home/airflow/.local/lib/python3.7/site-packages/airflow/example_dags/example_trigger_controller_dag.py
[2022-05-21 10:35:27,240] {processor.py:620} INFO - Processing file /home/airflow/.local/lib/python3.7/site-packages/airflow/example_dags/example_trigger_controller_dag.py for tasks to queue
[2022-05-21 10:35:27,241] {logging_mixin.py:109} INFO - [2022-05-21 10:35:27,241] {dagbag.py:500} INFO - Filling up the DagBag from /home/airflow/.local/lib/python3.7/site-packages/airflow/example_dags/example_trigger_controller_dag.py
[2022-05-21 10:35:27,271] {processor.py:632} INFO - DAG(s) dict_keys(['example_trigger_controller_dag']) retrieved from /home/airflow/.local/lib/python3.7/site-packages/airflow/example_dags/example_trigger_controller_dag.py
[2022-05-21 10:35:27,282] {logging_mixin.py:109} INFO - [2022-05-21 10:35:27,282] {dag.py:2389} INFO - Sync 1 DAGs
[2022-05-21 10:35:27,298] {logging_mixin.py:109} INFO - [2022-05-21 10:35:27,298] {dag.py:2921} INFO - Setting next_dagrun for example_trigger_controller_dag to 2021-01-01T00:00:00+00:00
[2022-05-21 10:35:27,308] {processor.py:171} INFO - Processing /home/airflow/.local/lib/python3.7/site-packages/airflow/example_dags/example_trigger_controller_dag.py took 0.074 seconds
[2022-05-21 10:35:57,423] {processor.py:163} INFO - Started process (PID=372) to work on /home/airflow/.local/lib/python3.7/site-packages/airflow/example_dags/example_trigger_controller_dag.py
[2022-05-21 10:35:57,425] {processor.py:620} INFO - Processing file /home/airflow/.local/lib/python3.7/site-packages/airflow/example_dags/example_trigger_controller_dag.py for tasks to queue
[2022-05-21 10:35:57,426] {logging_mixin.py:109} INFO - [2022-05-21 10:35:57,426] {dagbag.py:500} INFO - Filling up the DagBag from /home/airflow/.local/lib/python3.7/site-packages/airflow/example_dags/example_trigger_controller_dag.py
[2022-05-21 10:35:57,453] {processor.py:632} INFO - DAG(s) dict_keys(['example_trigger_controller_dag']) retrieved from /home/airflow/.local/lib/python3.7/site-packages/airflow/example_dags/example_trigger_controller_dag.py
[2022-05-21 10:35:57,463] {logging_mixin.py:109} INFO - [2022-05-21 10:35:57,463] {dag.py:2389} INFO - Sync 1 DAGs
[2022-05-21 10:35:57,479] {logging_mixin.py:109} INFO - [2022-05-21 10:35:57,479] {dag.py:2921} INFO - Setting next_dagrun for example_trigger_controller_dag to 2021-01-01T00:00:00+00:00
[2022-05-21 10:35:57,489] {processor.py:171} INFO - Processing /home/airflow/.local/lib/python3.7/site-packages/airflow/example_dags/example_trigger_controller_dag.py took 0.069 seconds
