[2022-05-21 10:34:16,085] {processor.py:163} INFO - Started process (PID=112) to work on /home/airflow/.local/lib/python3.7/site-packages/airflow/example_dags/example_branch_day_of_week_operator.py
[2022-05-21 10:34:16,087] {processor.py:620} INFO - Processing file /home/airflow/.local/lib/python3.7/site-packages/airflow/example_dags/example_branch_day_of_week_operator.py for tasks to queue
[2022-05-21 10:34:16,088] {logging_mixin.py:109} INFO - [2022-05-21 10:34:16,088] {dagbag.py:500} INFO - Filling up the DagBag from /home/airflow/.local/lib/python3.7/site-packages/airflow/example_dags/example_branch_day_of_week_operator.py
[2022-05-21 10:34:16,118] {processor.py:632} INFO - DAG(s) dict_keys(['example_weekday_branch_operator']) retrieved from /home/airflow/.local/lib/python3.7/site-packages/airflow/example_dags/example_branch_day_of_week_operator.py
[2022-05-21 10:34:17,482] {logging_mixin.py:109} INFO - [2022-05-21 10:34:17,482] {providers_manager.py:156} WARNING - Exception when importing 'airflow.providers.google.leveldb.hooks.leveldb.LevelDBHook' from 'apache-airflow-providers-google' package: No module named 'plyvel'
[2022-05-21 10:34:17,834] {logging_mixin.py:109} INFO - [2022-05-21 10:34:17,834] {providers_manager.py:156} WARNING - Exception when importing 'airflow.providers.google.leveldb.hooks.leveldb.LevelDBHook' from 'apache-airflow-providers-google' package: No module named 'plyvel'
[2022-05-21 10:34:17,850] {logging_mixin.py:109} INFO - [2022-05-21 10:34:17,850] {manager.py:496} INFO - Created Permission View: can edit on DAG:example_weekday_branch_operator
[2022-05-21 10:34:17,857] {logging_mixin.py:109} INFO - [2022-05-21 10:34:17,857] {manager.py:496} INFO - Created Permission View: can read on DAG:example_weekday_branch_operator
[2022-05-21 10:34:17,858] {logging_mixin.py:109} INFO - [2022-05-21 10:34:17,858] {dag.py:2389} INFO - Sync 1 DAGs
[2022-05-21 10:34:17,863] {logging_mixin.py:109} INFO - [2022-05-21 10:34:17,863] {dag.py:2408} INFO - Creating ORM DAG for example_weekday_branch_operator
[2022-05-21 10:34:17,871] {logging_mixin.py:109} INFO - [2022-05-21 10:34:17,871] {dag.py:2921} INFO - Setting next_dagrun for example_weekday_branch_operator to 2022-05-20 00:00:00+00:00
[2022-05-21 10:34:17,880] {processor.py:171} INFO - Processing /home/airflow/.local/lib/python3.7/site-packages/airflow/example_dags/example_branch_day_of_week_operator.py took 1.798 seconds
[2022-05-21 10:34:48,280] {processor.py:163} INFO - Started process (PID=251) to work on /home/airflow/.local/lib/python3.7/site-packages/airflow/example_dags/example_branch_day_of_week_operator.py
[2022-05-21 10:34:48,281] {processor.py:620} INFO - Processing file /home/airflow/.local/lib/python3.7/site-packages/airflow/example_dags/example_branch_day_of_week_operator.py for tasks to queue
[2022-05-21 10:34:48,283] {logging_mixin.py:109} INFO - [2022-05-21 10:34:48,282] {dagbag.py:500} INFO - Filling up the DagBag from /home/airflow/.local/lib/python3.7/site-packages/airflow/example_dags/example_branch_day_of_week_operator.py
[2022-05-21 10:34:48,310] {processor.py:632} INFO - DAG(s) dict_keys(['example_weekday_branch_operator']) retrieved from /home/airflow/.local/lib/python3.7/site-packages/airflow/example_dags/example_branch_day_of_week_operator.py
[2022-05-21 10:34:48,320] {logging_mixin.py:109} INFO - [2022-05-21 10:34:48,320] {dag.py:2389} INFO - Sync 1 DAGs
[2022-05-21 10:34:48,338] {logging_mixin.py:109} INFO - [2022-05-21 10:34:48,337] {dag.py:2921} INFO - Setting next_dagrun for example_weekday_branch_operator to 2022-05-20 00:00:00+00:00
[2022-05-21 10:34:48,346] {processor.py:171} INFO - Processing /home/airflow/.local/lib/python3.7/site-packages/airflow/example_dags/example_branch_day_of_week_operator.py took 0.070 seconds
[2022-05-21 10:35:18,891] {processor.py:163} INFO - Started process (PID=303) to work on /home/airflow/.local/lib/python3.7/site-packages/airflow/example_dags/example_branch_day_of_week_operator.py
[2022-05-21 10:35:18,893] {processor.py:620} INFO - Processing file /home/airflow/.local/lib/python3.7/site-packages/airflow/example_dags/example_branch_day_of_week_operator.py for tasks to queue
[2022-05-21 10:35:18,895] {logging_mixin.py:109} INFO - [2022-05-21 10:35:18,895] {dagbag.py:500} INFO - Filling up the DagBag from /home/airflow/.local/lib/python3.7/site-packages/airflow/example_dags/example_branch_day_of_week_operator.py
[2022-05-21 10:35:18,927] {processor.py:632} INFO - DAG(s) dict_keys(['example_weekday_branch_operator']) retrieved from /home/airflow/.local/lib/python3.7/site-packages/airflow/example_dags/example_branch_day_of_week_operator.py
[2022-05-21 10:35:18,938] {logging_mixin.py:109} INFO - [2022-05-21 10:35:18,938] {dag.py:2389} INFO - Sync 1 DAGs
[2022-05-21 10:35:18,956] {logging_mixin.py:109} INFO - [2022-05-21 10:35:18,956] {dag.py:2921} INFO - Setting next_dagrun for example_weekday_branch_operator to 2022-05-20 00:00:00+00:00
[2022-05-21 10:35:18,964] {processor.py:171} INFO - Processing /home/airflow/.local/lib/python3.7/site-packages/airflow/example_dags/example_branch_day_of_week_operator.py took 0.076 seconds
[2022-05-21 10:35:49,014] {processor.py:163} INFO - Started process (PID=365) to work on /home/airflow/.local/lib/python3.7/site-packages/airflow/example_dags/example_branch_day_of_week_operator.py
[2022-05-21 10:35:49,016] {processor.py:620} INFO - Processing file /home/airflow/.local/lib/python3.7/site-packages/airflow/example_dags/example_branch_day_of_week_operator.py for tasks to queue
[2022-05-21 10:35:49,018] {logging_mixin.py:109} INFO - [2022-05-21 10:35:49,017] {dagbag.py:500} INFO - Filling up the DagBag from /home/airflow/.local/lib/python3.7/site-packages/airflow/example_dags/example_branch_day_of_week_operator.py
[2022-05-21 10:35:49,062] {processor.py:632} INFO - DAG(s) dict_keys(['example_weekday_branch_operator']) retrieved from /home/airflow/.local/lib/python3.7/site-packages/airflow/example_dags/example_branch_day_of_week_operator.py
[2022-05-21 10:35:49,075] {logging_mixin.py:109} INFO - [2022-05-21 10:35:49,075] {dag.py:2389} INFO - Sync 1 DAGs
[2022-05-21 10:35:49,100] {logging_mixin.py:109} INFO - [2022-05-21 10:35:49,100] {dag.py:2921} INFO - Setting next_dagrun for example_weekday_branch_operator to 2022-05-20 00:00:00+00:00
[2022-05-21 10:35:49,130] {processor.py:171} INFO - Processing /home/airflow/.local/lib/python3.7/site-packages/airflow/example_dags/example_branch_day_of_week_operator.py took 0.121 seconds
