[2022-05-21 10:34:08,653] {processor.py:163} INFO - Started process (PID=81) to work on /home/airflow/.local/lib/python3.7/site-packages/airflow/example_dags/example_bash_operator.py
[2022-05-21 10:34:08,654] {processor.py:620} INFO - Processing file /home/airflow/.local/lib/python3.7/site-packages/airflow/example_dags/example_bash_operator.py for tasks to queue
[2022-05-21 10:34:08,656] {logging_mixin.py:109} INFO - [2022-05-21 10:34:08,655] {dagbag.py:500} INFO - Filling up the DagBag from /home/airflow/.local/lib/python3.7/site-packages/airflow/example_dags/example_bash_operator.py
[2022-05-21 10:34:08,709] {processor.py:632} INFO - DAG(s) dict_keys(['example_bash_operator']) retrieved from /home/airflow/.local/lib/python3.7/site-packages/airflow/example_dags/example_bash_operator.py
[2022-05-21 10:34:11,079] {logging_mixin.py:109} INFO - [2022-05-21 10:34:11,079] {providers_manager.py:156} WARNING - Exception when importing 'airflow.providers.google.leveldb.hooks.leveldb.LevelDBHook' from 'apache-airflow-providers-google' package: No module named 'plyvel'
[2022-05-21 10:34:11,481] {logging_mixin.py:109} INFO - [2022-05-21 10:34:11,481] {providers_manager.py:156} WARNING - Exception when importing 'airflow.providers.google.leveldb.hooks.leveldb.LevelDBHook' from 'apache-airflow-providers-google' package: No module named 'plyvel'
[2022-05-21 10:34:11,505] {logging_mixin.py:109} INFO - [2022-05-21 10:34:11,505] {manager.py:496} INFO - Created Permission View: can edit on DAG:example_bash_operator
[2022-05-21 10:34:11,512] {logging_mixin.py:109} INFO - [2022-05-21 10:34:11,512] {manager.py:496} INFO - Created Permission View: can read on DAG:example_bash_operator
[2022-05-21 10:34:11,513] {logging_mixin.py:109} INFO - [2022-05-21 10:34:11,513] {dag.py:2389} INFO - Sync 1 DAGs
[2022-05-21 10:34:11,519] {logging_mixin.py:109} INFO - [2022-05-21 10:34:11,519] {dag.py:2408} INFO - Creating ORM DAG for example_bash_operator
[2022-05-21 10:34:11,527] {logging_mixin.py:109} INFO - [2022-05-21 10:34:11,527] {dag.py:2921} INFO - Setting next_dagrun for example_bash_operator to 2022-05-20 00:00:00+00:00
[2022-05-21 10:34:11,537] {processor.py:171} INFO - Processing /home/airflow/.local/lib/python3.7/site-packages/airflow/example_dags/example_bash_operator.py took 2.887 seconds
[2022-05-21 10:34:41,767] {processor.py:163} INFO - Started process (PID=234) to work on /home/airflow/.local/lib/python3.7/site-packages/airflow/example_dags/example_bash_operator.py
[2022-05-21 10:34:41,768] {processor.py:620} INFO - Processing file /home/airflow/.local/lib/python3.7/site-packages/airflow/example_dags/example_bash_operator.py for tasks to queue
[2022-05-21 10:34:41,770] {logging_mixin.py:109} INFO - [2022-05-21 10:34:41,769] {dagbag.py:500} INFO - Filling up the DagBag from /home/airflow/.local/lib/python3.7/site-packages/airflow/example_dags/example_bash_operator.py
[2022-05-21 10:34:41,802] {processor.py:632} INFO - DAG(s) dict_keys(['example_bash_operator']) retrieved from /home/airflow/.local/lib/python3.7/site-packages/airflow/example_dags/example_bash_operator.py
[2022-05-21 10:34:41,812] {logging_mixin.py:109} INFO - [2022-05-21 10:34:41,812] {dag.py:2389} INFO - Sync 1 DAGs
[2022-05-21 10:34:41,827] {logging_mixin.py:109} INFO - [2022-05-21 10:34:41,827] {dag.py:2921} INFO - Setting next_dagrun for example_bash_operator to 2022-05-20 00:00:00+00:00
[2022-05-21 10:34:41,835] {processor.py:171} INFO - Processing /home/airflow/.local/lib/python3.7/site-packages/airflow/example_dags/example_bash_operator.py took 0.072 seconds
[2022-05-21 10:35:12,061] {processor.py:163} INFO - Started process (PID=296) to work on /home/airflow/.local/lib/python3.7/site-packages/airflow/example_dags/example_bash_operator.py
[2022-05-21 10:35:12,063] {processor.py:620} INFO - Processing file /home/airflow/.local/lib/python3.7/site-packages/airflow/example_dags/example_bash_operator.py for tasks to queue
[2022-05-21 10:35:12,065] {logging_mixin.py:109} INFO - [2022-05-21 10:35:12,065] {dagbag.py:500} INFO - Filling up the DagBag from /home/airflow/.local/lib/python3.7/site-packages/airflow/example_dags/example_bash_operator.py
[2022-05-21 10:35:12,108] {processor.py:632} INFO - DAG(s) dict_keys(['example_bash_operator']) retrieved from /home/airflow/.local/lib/python3.7/site-packages/airflow/example_dags/example_bash_operator.py
[2022-05-21 10:35:12,123] {logging_mixin.py:109} INFO - [2022-05-21 10:35:12,123] {dag.py:2389} INFO - Sync 1 DAGs
[2022-05-21 10:35:12,149] {logging_mixin.py:109} INFO - [2022-05-21 10:35:12,148] {dag.py:2921} INFO - Setting next_dagrun for example_bash_operator to 2022-05-20 00:00:00+00:00
[2022-05-21 10:35:12,166] {processor.py:171} INFO - Processing /home/airflow/.local/lib/python3.7/site-packages/airflow/example_dags/example_bash_operator.py took 0.109 seconds
[2022-05-21 10:35:42,461] {processor.py:163} INFO - Started process (PID=349) to work on /home/airflow/.local/lib/python3.7/site-packages/airflow/example_dags/example_bash_operator.py
[2022-05-21 10:35:42,463] {processor.py:620} INFO - Processing file /home/airflow/.local/lib/python3.7/site-packages/airflow/example_dags/example_bash_operator.py for tasks to queue
[2022-05-21 10:35:42,465] {logging_mixin.py:109} INFO - [2022-05-21 10:35:42,465] {dagbag.py:500} INFO - Filling up the DagBag from /home/airflow/.local/lib/python3.7/site-packages/airflow/example_dags/example_bash_operator.py
[2022-05-21 10:35:42,523] {processor.py:632} INFO - DAG(s) dict_keys(['example_bash_operator']) retrieved from /home/airflow/.local/lib/python3.7/site-packages/airflow/example_dags/example_bash_operator.py
[2022-05-21 10:35:42,535] {logging_mixin.py:109} INFO - [2022-05-21 10:35:42,535] {dag.py:2389} INFO - Sync 1 DAGs
[2022-05-21 10:35:42,556] {logging_mixin.py:109} INFO - [2022-05-21 10:35:42,556] {dag.py:2921} INFO - Setting next_dagrun for example_bash_operator to 2022-05-20 00:00:00+00:00
[2022-05-21 10:35:42,567] {processor.py:171} INFO - Processing /home/airflow/.local/lib/python3.7/site-packages/airflow/example_dags/example_bash_operator.py took 0.113 seconds
[2022-05-21 10:36:12,682] {processor.py:163} INFO - Started process (PID=411) to work on /home/airflow/.local/lib/python3.7/site-packages/airflow/example_dags/example_bash_operator.py
[2022-05-21 10:36:12,684] {processor.py:620} INFO - Processing file /home/airflow/.local/lib/python3.7/site-packages/airflow/example_dags/example_bash_operator.py for tasks to queue
[2022-05-21 10:36:12,685] {logging_mixin.py:109} INFO - [2022-05-21 10:36:12,685] {dagbag.py:500} INFO - Filling up the DagBag from /home/airflow/.local/lib/python3.7/site-packages/airflow/example_dags/example_bash_operator.py
[2022-05-21 10:36:12,722] {processor.py:632} INFO - DAG(s) dict_keys(['example_bash_operator']) retrieved from /home/airflow/.local/lib/python3.7/site-packages/airflow/example_dags/example_bash_operator.py
[2022-05-21 10:36:12,738] {logging_mixin.py:109} INFO - [2022-05-21 10:36:12,738] {dag.py:2389} INFO - Sync 1 DAGs
[2022-05-21 10:36:12,753] {logging_mixin.py:109} INFO - [2022-05-21 10:36:12,753] {dag.py:2921} INFO - Setting next_dagrun for example_bash_operator to 2022-05-20 00:00:00+00:00
[2022-05-21 10:36:12,765] {processor.py:171} INFO - Processing /home/airflow/.local/lib/python3.7/site-packages/airflow/example_dags/example_bash_operator.py took 0.088 seconds
