[2022-05-21 10:34:30,381] {processor.py:163} INFO - Started process (PID=190) to work on /home/airflow/.local/lib/python3.7/site-packages/airflow/example_dags/example_kubernetes_executor_config.py
[2022-05-21 10:34:30,383] {processor.py:620} INFO - Processing file /home/airflow/.local/lib/python3.7/site-packages/airflow/example_dags/example_kubernetes_executor_config.py for tasks to queue
[2022-05-21 10:34:30,384] {logging_mixin.py:109} INFO - [2022-05-21 10:34:30,384] {dagbag.py:500} INFO - Filling up the DagBag from /home/airflow/.local/lib/python3.7/site-packages/airflow/example_dags/example_kubernetes_executor_config.py
[2022-05-21 10:34:30,415] {processor.py:632} INFO - DAG(s) dict_keys(['example_kubernetes_executor_config']) retrieved from /home/airflow/.local/lib/python3.7/site-packages/airflow/example_dags/example_kubernetes_executor_config.py
[2022-05-21 10:34:32,009] {logging_mixin.py:109} INFO - [2022-05-21 10:34:32,009] {providers_manager.py:156} WARNING - Exception when importing 'airflow.providers.google.leveldb.hooks.leveldb.LevelDBHook' from 'apache-airflow-providers-google' package: No module named 'plyvel'
[2022-05-21 10:34:32,401] {logging_mixin.py:109} INFO - [2022-05-21 10:34:32,401] {providers_manager.py:156} WARNING - Exception when importing 'airflow.providers.google.leveldb.hooks.leveldb.LevelDBHook' from 'apache-airflow-providers-google' package: No module named 'plyvel'
[2022-05-21 10:34:32,421] {logging_mixin.py:109} INFO - [2022-05-21 10:34:32,421] {manager.py:496} INFO - Created Permission View: can edit on DAG:example_kubernetes_executor_config
[2022-05-21 10:34:32,430] {logging_mixin.py:109} INFO - [2022-05-21 10:34:32,430] {manager.py:496} INFO - Created Permission View: can read on DAG:example_kubernetes_executor_config
[2022-05-21 10:34:32,431] {logging_mixin.py:109} INFO - [2022-05-21 10:34:32,431] {dag.py:2389} INFO - Sync 1 DAGs
[2022-05-21 10:34:32,438] {logging_mixin.py:109} INFO - [2022-05-21 10:34:32,438] {dag.py:2408} INFO - Creating ORM DAG for example_kubernetes_executor_config
[2022-05-21 10:34:32,446] {logging_mixin.py:109} INFO - [2022-05-21 10:34:32,446] {dag.py:2921} INFO - Setting next_dagrun for example_kubernetes_executor_config to None
[2022-05-21 10:34:32,457] {processor.py:171} INFO - Processing /home/airflow/.local/lib/python3.7/site-packages/airflow/example_dags/example_kubernetes_executor_config.py took 2.079 seconds
[2022-05-21 10:35:02,524] {processor.py:163} INFO - Started process (PID=274) to work on /home/airflow/.local/lib/python3.7/site-packages/airflow/example_dags/example_kubernetes_executor_config.py
[2022-05-21 10:35:02,526] {processor.py:620} INFO - Processing file /home/airflow/.local/lib/python3.7/site-packages/airflow/example_dags/example_kubernetes_executor_config.py for tasks to queue
[2022-05-21 10:35:02,528] {logging_mixin.py:109} INFO - [2022-05-21 10:35:02,528] {dagbag.py:500} INFO - Filling up the DagBag from /home/airflow/.local/lib/python3.7/site-packages/airflow/example_dags/example_kubernetes_executor_config.py
[2022-05-21 10:35:02,566] {processor.py:632} INFO - DAG(s) dict_keys(['example_kubernetes_executor_config']) retrieved from /home/airflow/.local/lib/python3.7/site-packages/airflow/example_dags/example_kubernetes_executor_config.py
[2022-05-21 10:35:02,583] {logging_mixin.py:109} INFO - [2022-05-21 10:35:02,582] {dag.py:2389} INFO - Sync 1 DAGs
[2022-05-21 10:35:02,602] {logging_mixin.py:109} INFO - [2022-05-21 10:35:02,602] {dag.py:2921} INFO - Setting next_dagrun for example_kubernetes_executor_config to None
[2022-05-21 10:35:02,615] {processor.py:171} INFO - Processing /home/airflow/.local/lib/python3.7/site-packages/airflow/example_dags/example_kubernetes_executor_config.py took 0.096 seconds
[2022-05-21 10:35:32,919] {processor.py:163} INFO - Started process (PID=326) to work on /home/airflow/.local/lib/python3.7/site-packages/airflow/example_dags/example_kubernetes_executor_config.py
[2022-05-21 10:35:32,921] {processor.py:620} INFO - Processing file /home/airflow/.local/lib/python3.7/site-packages/airflow/example_dags/example_kubernetes_executor_config.py for tasks to queue
[2022-05-21 10:35:32,923] {logging_mixin.py:109} INFO - [2022-05-21 10:35:32,923] {dagbag.py:500} INFO - Filling up the DagBag from /home/airflow/.local/lib/python3.7/site-packages/airflow/example_dags/example_kubernetes_executor_config.py
[2022-05-21 10:35:32,956] {processor.py:632} INFO - DAG(s) dict_keys(['example_kubernetes_executor_config']) retrieved from /home/airflow/.local/lib/python3.7/site-packages/airflow/example_dags/example_kubernetes_executor_config.py
[2022-05-21 10:35:32,970] {logging_mixin.py:109} INFO - [2022-05-21 10:35:32,970] {dag.py:2389} INFO - Sync 1 DAGs
[2022-05-21 10:35:32,988] {logging_mixin.py:109} INFO - [2022-05-21 10:35:32,988] {dag.py:2921} INFO - Setting next_dagrun for example_kubernetes_executor_config to None
[2022-05-21 10:35:32,999] {processor.py:171} INFO - Processing /home/airflow/.local/lib/python3.7/site-packages/airflow/example_dags/example_kubernetes_executor_config.py took 0.084 seconds
[2022-05-21 10:36:03,735] {processor.py:163} INFO - Started process (PID=388) to work on /home/airflow/.local/lib/python3.7/site-packages/airflow/example_dags/example_kubernetes_executor_config.py
[2022-05-21 10:36:03,737] {processor.py:620} INFO - Processing file /home/airflow/.local/lib/python3.7/site-packages/airflow/example_dags/example_kubernetes_executor_config.py for tasks to queue
[2022-05-21 10:36:03,738] {logging_mixin.py:109} INFO - [2022-05-21 10:36:03,738] {dagbag.py:500} INFO - Filling up the DagBag from /home/airflow/.local/lib/python3.7/site-packages/airflow/example_dags/example_kubernetes_executor_config.py
[2022-05-21 10:36:03,771] {processor.py:632} INFO - DAG(s) dict_keys(['example_kubernetes_executor_config']) retrieved from /home/airflow/.local/lib/python3.7/site-packages/airflow/example_dags/example_kubernetes_executor_config.py
[2022-05-21 10:36:03,792] {logging_mixin.py:109} INFO - [2022-05-21 10:36:03,792] {dag.py:2389} INFO - Sync 1 DAGs
[2022-05-21 10:36:03,815] {logging_mixin.py:109} INFO - [2022-05-21 10:36:03,815] {dag.py:2921} INFO - Setting next_dagrun for example_kubernetes_executor_config to None
[2022-05-21 10:36:03,825] {processor.py:171} INFO - Processing /home/airflow/.local/lib/python3.7/site-packages/airflow/example_dags/example_kubernetes_executor_config.py took 0.093 seconds
