[2022-05-21 10:34:04,066] {processor.py:163} INFO - Started process (PID=71) to work on /home/airflow/.local/lib/python3.7/site-packages/airflow/example_dags/example_branch_operator.py
[2022-05-21 10:34:04,068] {processor.py:620} INFO - Processing file /home/airflow/.local/lib/python3.7/site-packages/airflow/example_dags/example_branch_operator.py for tasks to queue
[2022-05-21 10:34:04,069] {logging_mixin.py:109} INFO - [2022-05-21 10:34:04,069] {dagbag.py:500} INFO - Filling up the DagBag from /home/airflow/.local/lib/python3.7/site-packages/airflow/example_dags/example_branch_operator.py
[2022-05-21 10:34:04,115] {processor.py:632} INFO - DAG(s) dict_keys(['example_branch_operator']) retrieved from /home/airflow/.local/lib/python3.7/site-packages/airflow/example_dags/example_branch_operator.py
[2022-05-21 10:34:08,040] {logging_mixin.py:109} INFO - [2022-05-21 10:34:08,040] {providers_manager.py:156} WARNING - Exception when importing 'airflow.providers.google.leveldb.hooks.leveldb.LevelDBHook' from 'apache-airflow-providers-google' package: No module named 'plyvel'
[2022-05-21 10:34:08,520] {logging_mixin.py:109} INFO - [2022-05-21 10:34:08,520] {providers_manager.py:156} WARNING - Exception when importing 'airflow.providers.google.leveldb.hooks.leveldb.LevelDBHook' from 'apache-airflow-providers-google' package: No module named 'plyvel'
[2022-05-21 10:34:08,539] {logging_mixin.py:109} INFO - [2022-05-21 10:34:08,538] {manager.py:496} INFO - Created Permission View: can edit on DAG:example_branch_operator
[2022-05-21 10:34:08,546] {logging_mixin.py:109} INFO - [2022-05-21 10:34:08,546] {manager.py:496} INFO - Created Permission View: can read on DAG:example_branch_operator
[2022-05-21 10:34:08,547] {logging_mixin.py:109} INFO - [2022-05-21 10:34:08,547] {dag.py:2389} INFO - Sync 1 DAGs
[2022-05-21 10:34:08,554] {logging_mixin.py:109} INFO - [2022-05-21 10:34:08,554] {dag.py:2408} INFO - Creating ORM DAG for example_branch_operator
[2022-05-21 10:34:08,563] {logging_mixin.py:109} INFO - [2022-05-21 10:34:08,563] {dag.py:2921} INFO - Setting next_dagrun for example_branch_operator to 2022-05-20 00:00:00+00:00
[2022-05-21 10:34:08,574] {processor.py:171} INFO - Processing /home/airflow/.local/lib/python3.7/site-packages/airflow/example_dags/example_branch_operator.py took 4.532 seconds
[2022-05-21 10:34:38,659] {processor.py:163} INFO - Started process (PID=232) to work on /home/airflow/.local/lib/python3.7/site-packages/airflow/example_dags/example_branch_operator.py
[2022-05-21 10:34:38,661] {processor.py:620} INFO - Processing file /home/airflow/.local/lib/python3.7/site-packages/airflow/example_dags/example_branch_operator.py for tasks to queue
[2022-05-21 10:34:38,662] {logging_mixin.py:109} INFO - [2022-05-21 10:34:38,662] {dagbag.py:500} INFO - Filling up the DagBag from /home/airflow/.local/lib/python3.7/site-packages/airflow/example_dags/example_branch_operator.py
[2022-05-21 10:34:38,693] {processor.py:632} INFO - DAG(s) dict_keys(['example_branch_operator']) retrieved from /home/airflow/.local/lib/python3.7/site-packages/airflow/example_dags/example_branch_operator.py
[2022-05-21 10:34:38,705] {logging_mixin.py:109} INFO - [2022-05-21 10:34:38,705] {dag.py:2389} INFO - Sync 1 DAGs
[2022-05-21 10:34:38,719] {logging_mixin.py:109} INFO - [2022-05-21 10:34:38,719] {dag.py:2921} INFO - Setting next_dagrun for example_branch_operator to 2022-05-20 00:00:00+00:00
[2022-05-21 10:34:38,728] {processor.py:171} INFO - Processing /home/airflow/.local/lib/python3.7/site-packages/airflow/example_dags/example_branch_operator.py took 0.073 seconds
[2022-05-21 10:35:08,937] {processor.py:163} INFO - Started process (PID=294) to work on /home/airflow/.local/lib/python3.7/site-packages/airflow/example_dags/example_branch_operator.py
[2022-05-21 10:35:08,939] {processor.py:620} INFO - Processing file /home/airflow/.local/lib/python3.7/site-packages/airflow/example_dags/example_branch_operator.py for tasks to queue
[2022-05-21 10:35:08,941] {logging_mixin.py:109} INFO - [2022-05-21 10:35:08,940] {dagbag.py:500} INFO - Filling up the DagBag from /home/airflow/.local/lib/python3.7/site-packages/airflow/example_dags/example_branch_operator.py
[2022-05-21 10:35:08,976] {processor.py:632} INFO - DAG(s) dict_keys(['example_branch_operator']) retrieved from /home/airflow/.local/lib/python3.7/site-packages/airflow/example_dags/example_branch_operator.py
[2022-05-21 10:35:08,989] {logging_mixin.py:109} INFO - [2022-05-21 10:35:08,989] {dag.py:2389} INFO - Sync 1 DAGs
[2022-05-21 10:35:09,009] {logging_mixin.py:109} INFO - [2022-05-21 10:35:09,009] {dag.py:2921} INFO - Setting next_dagrun for example_branch_operator to 2022-05-20 00:00:00+00:00
[2022-05-21 10:35:09,020] {processor.py:171} INFO - Processing /home/airflow/.local/lib/python3.7/site-packages/airflow/example_dags/example_branch_operator.py took 0.087 seconds
[2022-05-21 10:35:39,331] {processor.py:163} INFO - Started process (PID=347) to work on /home/airflow/.local/lib/python3.7/site-packages/airflow/example_dags/example_branch_operator.py
[2022-05-21 10:35:39,333] {processor.py:620} INFO - Processing file /home/airflow/.local/lib/python3.7/site-packages/airflow/example_dags/example_branch_operator.py for tasks to queue
[2022-05-21 10:35:39,335] {logging_mixin.py:109} INFO - [2022-05-21 10:35:39,334] {dagbag.py:500} INFO - Filling up the DagBag from /home/airflow/.local/lib/python3.7/site-packages/airflow/example_dags/example_branch_operator.py
[2022-05-21 10:35:39,372] {processor.py:632} INFO - DAG(s) dict_keys(['example_branch_operator']) retrieved from /home/airflow/.local/lib/python3.7/site-packages/airflow/example_dags/example_branch_operator.py
[2022-05-21 10:35:39,385] {logging_mixin.py:109} INFO - [2022-05-21 10:35:39,385] {dag.py:2389} INFO - Sync 1 DAGs
[2022-05-21 10:35:39,406] {logging_mixin.py:109} INFO - [2022-05-21 10:35:39,406] {dag.py:2921} INFO - Setting next_dagrun for example_branch_operator to 2022-05-20 00:00:00+00:00
[2022-05-21 10:35:39,418] {processor.py:171} INFO - Processing /home/airflow/.local/lib/python3.7/site-packages/airflow/example_dags/example_branch_operator.py took 0.090 seconds
[2022-05-21 10:36:09,547] {processor.py:163} INFO - Started process (PID=399) to work on /home/airflow/.local/lib/python3.7/site-packages/airflow/example_dags/example_branch_operator.py
[2022-05-21 10:36:09,549] {processor.py:620} INFO - Processing file /home/airflow/.local/lib/python3.7/site-packages/airflow/example_dags/example_branch_operator.py for tasks to queue
[2022-05-21 10:36:09,551] {logging_mixin.py:109} INFO - [2022-05-21 10:36:09,551] {dagbag.py:500} INFO - Filling up the DagBag from /home/airflow/.local/lib/python3.7/site-packages/airflow/example_dags/example_branch_operator.py
[2022-05-21 10:36:09,610] {processor.py:632} INFO - DAG(s) dict_keys(['example_branch_operator']) retrieved from /home/airflow/.local/lib/python3.7/site-packages/airflow/example_dags/example_branch_operator.py
[2022-05-21 10:36:09,624] {logging_mixin.py:109} INFO - [2022-05-21 10:36:09,624] {dag.py:2389} INFO - Sync 1 DAGs
[2022-05-21 10:36:09,643] {logging_mixin.py:109} INFO - [2022-05-21 10:36:09,643] {dag.py:2921} INFO - Setting next_dagrun for example_branch_operator to 2022-05-20 00:00:00+00:00
[2022-05-21 10:36:09,652] {processor.py:171} INFO - Processing /home/airflow/.local/lib/python3.7/site-packages/airflow/example_dags/example_branch_operator.py took 0.110 seconds
