[2022-05-21 10:34:17,409] {processor.py:163} INFO - Started process (PID=121) to work on /home/airflow/.local/lib/python3.7/site-packages/airflow/example_dags/example_nested_branch_dag.py
[2022-05-21 10:34:17,411] {processor.py:620} INFO - Processing file /home/airflow/.local/lib/python3.7/site-packages/airflow/example_dags/example_nested_branch_dag.py for tasks to queue
[2022-05-21 10:34:17,412] {logging_mixin.py:109} INFO - [2022-05-21 10:34:17,412] {dagbag.py:500} INFO - Filling up the DagBag from /home/airflow/.local/lib/python3.7/site-packages/airflow/example_dags/example_nested_branch_dag.py
[2022-05-21 10:34:17,441] {processor.py:632} INFO - DAG(s) dict_keys(['example_nested_branch_dag']) retrieved from /home/airflow/.local/lib/python3.7/site-packages/airflow/example_dags/example_nested_branch_dag.py
[2022-05-21 10:34:18,851] {logging_mixin.py:109} INFO - [2022-05-21 10:34:18,851] {providers_manager.py:156} WARNING - Exception when importing 'airflow.providers.google.leveldb.hooks.leveldb.LevelDBHook' from 'apache-airflow-providers-google' package: No module named 'plyvel'
[2022-05-21 10:34:19,210] {logging_mixin.py:109} INFO - [2022-05-21 10:34:19,210] {providers_manager.py:156} WARNING - Exception when importing 'airflow.providers.google.leveldb.hooks.leveldb.LevelDBHook' from 'apache-airflow-providers-google' package: No module named 'plyvel'
[2022-05-21 10:34:19,227] {logging_mixin.py:109} INFO - [2022-05-21 10:34:19,227] {manager.py:496} INFO - Created Permission View: can edit on DAG:example_nested_branch_dag
[2022-05-21 10:34:19,236] {logging_mixin.py:109} INFO - [2022-05-21 10:34:19,236] {manager.py:496} INFO - Created Permission View: can read on DAG:example_nested_branch_dag
[2022-05-21 10:34:19,237] {logging_mixin.py:109} INFO - [2022-05-21 10:34:19,236] {dag.py:2389} INFO - Sync 1 DAGs
[2022-05-21 10:34:19,243] {logging_mixin.py:109} INFO - [2022-05-21 10:34:19,242] {dag.py:2408} INFO - Creating ORM DAG for example_nested_branch_dag
[2022-05-21 10:34:19,250] {logging_mixin.py:109} INFO - [2022-05-21 10:34:19,250] {dag.py:2921} INFO - Setting next_dagrun for example_nested_branch_dag to 2022-05-20 00:00:00+00:00
[2022-05-21 10:34:19,259] {processor.py:171} INFO - Processing /home/airflow/.local/lib/python3.7/site-packages/airflow/example_dags/example_nested_branch_dag.py took 1.853 seconds
[2022-05-21 10:34:49,360] {processor.py:163} INFO - Started process (PID=252) to work on /home/airflow/.local/lib/python3.7/site-packages/airflow/example_dags/example_nested_branch_dag.py
[2022-05-21 10:34:49,362] {processor.py:620} INFO - Processing file /home/airflow/.local/lib/python3.7/site-packages/airflow/example_dags/example_nested_branch_dag.py for tasks to queue
[2022-05-21 10:34:49,363] {logging_mixin.py:109} INFO - [2022-05-21 10:34:49,363] {dagbag.py:500} INFO - Filling up the DagBag from /home/airflow/.local/lib/python3.7/site-packages/airflow/example_dags/example_nested_branch_dag.py
[2022-05-21 10:34:49,387] {processor.py:632} INFO - DAG(s) dict_keys(['example_nested_branch_dag']) retrieved from /home/airflow/.local/lib/python3.7/site-packages/airflow/example_dags/example_nested_branch_dag.py
[2022-05-21 10:34:49,398] {logging_mixin.py:109} INFO - [2022-05-21 10:34:49,398] {dag.py:2389} INFO - Sync 1 DAGs
[2022-05-21 10:34:49,412] {logging_mixin.py:109} INFO - [2022-05-21 10:34:49,412] {dag.py:2921} INFO - Setting next_dagrun for example_nested_branch_dag to 2022-05-20 00:00:00+00:00
[2022-05-21 10:34:49,421] {processor.py:171} INFO - Processing /home/airflow/.local/lib/python3.7/site-packages/airflow/example_dags/example_nested_branch_dag.py took 0.063 seconds
[2022-05-21 10:35:19,993] {processor.py:163} INFO - Started process (PID=304) to work on /home/airflow/.local/lib/python3.7/site-packages/airflow/example_dags/example_nested_branch_dag.py
[2022-05-21 10:35:19,994] {processor.py:620} INFO - Processing file /home/airflow/.local/lib/python3.7/site-packages/airflow/example_dags/example_nested_branch_dag.py for tasks to queue
[2022-05-21 10:35:19,996] {logging_mixin.py:109} INFO - [2022-05-21 10:35:19,995] {dagbag.py:500} INFO - Filling up the DagBag from /home/airflow/.local/lib/python3.7/site-packages/airflow/example_dags/example_nested_branch_dag.py
[2022-05-21 10:35:20,027] {processor.py:632} INFO - DAG(s) dict_keys(['example_nested_branch_dag']) retrieved from /home/airflow/.local/lib/python3.7/site-packages/airflow/example_dags/example_nested_branch_dag.py
[2022-05-21 10:35:20,038] {logging_mixin.py:109} INFO - [2022-05-21 10:35:20,038] {dag.py:2389} INFO - Sync 1 DAGs
[2022-05-21 10:35:20,055] {logging_mixin.py:109} INFO - [2022-05-21 10:35:20,055] {dag.py:2921} INFO - Setting next_dagrun for example_nested_branch_dag to 2022-05-20 00:00:00+00:00
[2022-05-21 10:35:20,066] {processor.py:171} INFO - Processing /home/airflow/.local/lib/python3.7/site-packages/airflow/example_dags/example_nested_branch_dag.py took 0.077 seconds
[2022-05-21 10:35:50,164] {processor.py:163} INFO - Started process (PID=366) to work on /home/airflow/.local/lib/python3.7/site-packages/airflow/example_dags/example_nested_branch_dag.py
[2022-05-21 10:35:50,166] {processor.py:620} INFO - Processing file /home/airflow/.local/lib/python3.7/site-packages/airflow/example_dags/example_nested_branch_dag.py for tasks to queue
[2022-05-21 10:35:50,167] {logging_mixin.py:109} INFO - [2022-05-21 10:35:50,167] {dagbag.py:500} INFO - Filling up the DagBag from /home/airflow/.local/lib/python3.7/site-packages/airflow/example_dags/example_nested_branch_dag.py
[2022-05-21 10:35:50,199] {processor.py:632} INFO - DAG(s) dict_keys(['example_nested_branch_dag']) retrieved from /home/airflow/.local/lib/python3.7/site-packages/airflow/example_dags/example_nested_branch_dag.py
[2022-05-21 10:35:50,210] {logging_mixin.py:109} INFO - [2022-05-21 10:35:50,210] {dag.py:2389} INFO - Sync 1 DAGs
[2022-05-21 10:35:50,228] {logging_mixin.py:109} INFO - [2022-05-21 10:35:50,228] {dag.py:2921} INFO - Setting next_dagrun for example_nested_branch_dag to 2022-05-20 00:00:00+00:00
[2022-05-21 10:35:50,236] {processor.py:171} INFO - Processing /home/airflow/.local/lib/python3.7/site-packages/airflow/example_dags/example_nested_branch_dag.py took 0.076 seconds
