[2022-05-21 10:34:17,930] {processor.py:163} INFO - Started process (PID=122) to work on /home/airflow/.local/lib/python3.7/site-packages/airflow/example_dags/example_subdag_operator.py
[2022-05-21 10:34:17,932] {processor.py:620} INFO - Processing file /home/airflow/.local/lib/python3.7/site-packages/airflow/example_dags/example_subdag_operator.py for tasks to queue
[2022-05-21 10:34:17,933] {logging_mixin.py:109} INFO - [2022-05-21 10:34:17,933] {dagbag.py:500} INFO - Filling up the DagBag from /home/airflow/.local/lib/python3.7/site-packages/airflow/example_dags/example_subdag_operator.py
[2022-05-21 10:34:17,970] {processor.py:632} INFO - DAG(s) dict_keys(['example_subdag_operator.section-1', 'example_subdag_operator.section-2', 'example_subdag_operator']) retrieved from /home/airflow/.local/lib/python3.7/site-packages/airflow/example_dags/example_subdag_operator.py
[2022-05-21 10:34:19,349] {logging_mixin.py:109} INFO - [2022-05-21 10:34:19,349] {providers_manager.py:156} WARNING - Exception when importing 'airflow.providers.google.leveldb.hooks.leveldb.LevelDBHook' from 'apache-airflow-providers-google' package: No module named 'plyvel'
[2022-05-21 10:34:19,711] {logging_mixin.py:109} INFO - [2022-05-21 10:34:19,711] {providers_manager.py:156} WARNING - Exception when importing 'airflow.providers.google.leveldb.hooks.leveldb.LevelDBHook' from 'apache-airflow-providers-google' package: No module named 'plyvel'
[2022-05-21 10:34:19,727] {logging_mixin.py:109} INFO - [2022-05-21 10:34:19,727] {manager.py:496} INFO - Created Permission View: can edit on DAG:example_subdag_operator
[2022-05-21 10:34:19,734] {logging_mixin.py:109} INFO - [2022-05-21 10:34:19,734] {manager.py:496} INFO - Created Permission View: can read on DAG:example_subdag_operator
[2022-05-21 10:34:19,735] {logging_mixin.py:109} INFO - [2022-05-21 10:34:19,735] {dag.py:2389} INFO - Sync 3 DAGs
[2022-05-21 10:34:19,741] {logging_mixin.py:109} INFO - [2022-05-21 10:34:19,741] {dag.py:2408} INFO - Creating ORM DAG for example_subdag_operator.section-1
[2022-05-21 10:34:19,743] {logging_mixin.py:109} INFO - [2022-05-21 10:34:19,743] {dag.py:2408} INFO - Creating ORM DAG for example_subdag_operator.section-2
[2022-05-21 10:34:19,744] {logging_mixin.py:109} INFO - [2022-05-21 10:34:19,744] {dag.py:2408} INFO - Creating ORM DAG for example_subdag_operator
[2022-05-21 10:34:19,752] {logging_mixin.py:109} INFO - [2022-05-21 10:34:19,752] {dag.py:2921} INFO - Setting next_dagrun for example_subdag_operator to 2022-05-19T00:00:00+00:00
[2022-05-21 10:34:19,753] {logging_mixin.py:109} INFO - [2022-05-21 10:34:19,753] {dag.py:2921} INFO - Setting next_dagrun for example_subdag_operator.section-1 to None
[2022-05-21 10:34:19,754] {logging_mixin.py:109} INFO - [2022-05-21 10:34:19,754] {dag.py:2921} INFO - Setting next_dagrun for example_subdag_operator.section-2 to None
[2022-05-21 10:34:19,761] {logging_mixin.py:109} INFO - [2022-05-21 10:34:19,761] {dag.py:2389} INFO - Sync 2 DAGs
[2022-05-21 10:34:19,769] {logging_mixin.py:109} INFO - [2022-05-21 10:34:19,768] {dag.py:2921} INFO - Setting next_dagrun for example_subdag_operator.section-1 to None
[2022-05-21 10:34:19,769] {logging_mixin.py:109} INFO - [2022-05-21 10:34:19,769] {dag.py:2921} INFO - Setting next_dagrun for example_subdag_operator.section-2 to None
[2022-05-21 10:34:19,775] {processor.py:171} INFO - Processing /home/airflow/.local/lib/python3.7/site-packages/airflow/example_dags/example_subdag_operator.py took 1.848 seconds
[2022-05-21 10:34:50,375] {processor.py:163} INFO - Started process (PID=253) to work on /home/airflow/.local/lib/python3.7/site-packages/airflow/example_dags/example_subdag_operator.py
[2022-05-21 10:34:50,377] {processor.py:620} INFO - Processing file /home/airflow/.local/lib/python3.7/site-packages/airflow/example_dags/example_subdag_operator.py for tasks to queue
[2022-05-21 10:34:50,378] {logging_mixin.py:109} INFO - [2022-05-21 10:34:50,378] {dagbag.py:500} INFO - Filling up the DagBag from /home/airflow/.local/lib/python3.7/site-packages/airflow/example_dags/example_subdag_operator.py
[2022-05-21 10:34:50,411] {processor.py:632} INFO - DAG(s) dict_keys(['example_subdag_operator.section-1', 'example_subdag_operator.section-2', 'example_subdag_operator']) retrieved from /home/airflow/.local/lib/python3.7/site-packages/airflow/example_dags/example_subdag_operator.py
[2022-05-21 10:34:50,423] {logging_mixin.py:109} INFO - [2022-05-21 10:34:50,422] {dag.py:2389} INFO - Sync 3 DAGs
[2022-05-21 10:34:50,438] {logging_mixin.py:109} INFO - [2022-05-21 10:34:50,437] {dag.py:2921} INFO - Setting next_dagrun for example_subdag_operator to 2022-05-19T00:00:00+00:00
[2022-05-21 10:34:50,439] {logging_mixin.py:109} INFO - [2022-05-21 10:34:50,438] {dag.py:2921} INFO - Setting next_dagrun for example_subdag_operator.section-1 to None
[2022-05-21 10:34:50,439] {logging_mixin.py:109} INFO - [2022-05-21 10:34:50,439] {dag.py:2921} INFO - Setting next_dagrun for example_subdag_operator.section-2 to None
[2022-05-21 10:34:50,445] {logging_mixin.py:109} INFO - [2022-05-21 10:34:50,445] {dag.py:2389} INFO - Sync 2 DAGs
[2022-05-21 10:34:50,452] {logging_mixin.py:109} INFO - [2022-05-21 10:34:50,452] {dag.py:2921} INFO - Setting next_dagrun for example_subdag_operator.section-1 to None
[2022-05-21 10:34:50,452] {logging_mixin.py:109} INFO - [2022-05-21 10:34:50,452] {dag.py:2921} INFO - Setting next_dagrun for example_subdag_operator.section-2 to None
[2022-05-21 10:34:50,458] {processor.py:171} INFO - Processing /home/airflow/.local/lib/python3.7/site-packages/airflow/example_dags/example_subdag_operator.py took 0.086 seconds
[2022-05-21 10:35:21,006] {processor.py:163} INFO - Started process (PID=312) to work on /home/airflow/.local/lib/python3.7/site-packages/airflow/example_dags/example_subdag_operator.py
[2022-05-21 10:35:21,007] {processor.py:620} INFO - Processing file /home/airflow/.local/lib/python3.7/site-packages/airflow/example_dags/example_subdag_operator.py for tasks to queue
[2022-05-21 10:35:21,009] {logging_mixin.py:109} INFO - [2022-05-21 10:35:21,009] {dagbag.py:500} INFO - Filling up the DagBag from /home/airflow/.local/lib/python3.7/site-packages/airflow/example_dags/example_subdag_operator.py
[2022-05-21 10:35:21,044] {processor.py:632} INFO - DAG(s) dict_keys(['example_subdag_operator.section-1', 'example_subdag_operator.section-2', 'example_subdag_operator']) retrieved from /home/airflow/.local/lib/python3.7/site-packages/airflow/example_dags/example_subdag_operator.py
[2022-05-21 10:35:21,056] {logging_mixin.py:109} INFO - [2022-05-21 10:35:21,056] {dag.py:2389} INFO - Sync 3 DAGs
[2022-05-21 10:35:21,072] {logging_mixin.py:109} INFO - [2022-05-21 10:35:21,072] {dag.py:2921} INFO - Setting next_dagrun for example_subdag_operator to 2022-05-19T00:00:00+00:00
[2022-05-21 10:35:21,073] {logging_mixin.py:109} INFO - [2022-05-21 10:35:21,073] {dag.py:2921} INFO - Setting next_dagrun for example_subdag_operator.section-1 to None
[2022-05-21 10:35:21,073] {logging_mixin.py:109} INFO - [2022-05-21 10:35:21,073] {dag.py:2921} INFO - Setting next_dagrun for example_subdag_operator.section-2 to None
[2022-05-21 10:35:21,080] {logging_mixin.py:109} INFO - [2022-05-21 10:35:21,079] {dag.py:2389} INFO - Sync 2 DAGs
[2022-05-21 10:35:21,087] {logging_mixin.py:109} INFO - [2022-05-21 10:35:21,087] {dag.py:2921} INFO - Setting next_dagrun for example_subdag_operator.section-1 to None
[2022-05-21 10:35:21,088] {logging_mixin.py:109} INFO - [2022-05-21 10:35:21,088] {dag.py:2921} INFO - Setting next_dagrun for example_subdag_operator.section-2 to None
[2022-05-21 10:35:21,094] {processor.py:171} INFO - Processing /home/airflow/.local/lib/python3.7/site-packages/airflow/example_dags/example_subdag_operator.py took 0.093 seconds
[2022-05-21 10:35:51,179] {processor.py:163} INFO - Started process (PID=367) to work on /home/airflow/.local/lib/python3.7/site-packages/airflow/example_dags/example_subdag_operator.py
[2022-05-21 10:35:51,181] {processor.py:620} INFO - Processing file /home/airflow/.local/lib/python3.7/site-packages/airflow/example_dags/example_subdag_operator.py for tasks to queue
[2022-05-21 10:35:51,182] {logging_mixin.py:109} INFO - [2022-05-21 10:35:51,182] {dagbag.py:500} INFO - Filling up the DagBag from /home/airflow/.local/lib/python3.7/site-packages/airflow/example_dags/example_subdag_operator.py
[2022-05-21 10:35:51,219] {processor.py:632} INFO - DAG(s) dict_keys(['example_subdag_operator.section-1', 'example_subdag_operator.section-2', 'example_subdag_operator']) retrieved from /home/airflow/.local/lib/python3.7/site-packages/airflow/example_dags/example_subdag_operator.py
[2022-05-21 10:35:51,231] {logging_mixin.py:109} INFO - [2022-05-21 10:35:51,231] {dag.py:2389} INFO - Sync 3 DAGs
[2022-05-21 10:35:51,247] {logging_mixin.py:109} INFO - [2022-05-21 10:35:51,247] {dag.py:2921} INFO - Setting next_dagrun for example_subdag_operator to 2022-05-19T00:00:00+00:00
[2022-05-21 10:35:51,248] {logging_mixin.py:109} INFO - [2022-05-21 10:35:51,248] {dag.py:2921} INFO - Setting next_dagrun for example_subdag_operator.section-1 to None
[2022-05-21 10:35:51,249] {logging_mixin.py:109} INFO - [2022-05-21 10:35:51,249] {dag.py:2921} INFO - Setting next_dagrun for example_subdag_operator.section-2 to None
[2022-05-21 10:35:51,256] {logging_mixin.py:109} INFO - [2022-05-21 10:35:51,255] {dag.py:2389} INFO - Sync 2 DAGs
[2022-05-21 10:35:51,264] {logging_mixin.py:109} INFO - [2022-05-21 10:35:51,264] {dag.py:2921} INFO - Setting next_dagrun for example_subdag_operator.section-1 to None
[2022-05-21 10:35:51,265] {logging_mixin.py:109} INFO - [2022-05-21 10:35:51,265] {dag.py:2921} INFO - Setting next_dagrun for example_subdag_operator.section-2 to None
[2022-05-21 10:35:51,272] {processor.py:171} INFO - Processing /home/airflow/.local/lib/python3.7/site-packages/airflow/example_dags/example_subdag_operator.py took 0.097 seconds
