[2022-05-21 10:34:15,533] {processor.py:163} INFO - Started process (PID=111) to work on /home/airflow/.local/lib/python3.7/site-packages/airflow/example_dags/example_latest_only.py
[2022-05-21 10:34:15,535] {processor.py:620} INFO - Processing file /home/airflow/.local/lib/python3.7/site-packages/airflow/example_dags/example_latest_only.py for tasks to queue
[2022-05-21 10:34:15,537] {logging_mixin.py:109} INFO - [2022-05-21 10:34:15,537] {dagbag.py:500} INFO - Filling up the DagBag from /home/airflow/.local/lib/python3.7/site-packages/airflow/example_dags/example_latest_only.py
[2022-05-21 10:34:15,569] {processor.py:632} INFO - DAG(s) dict_keys(['latest_only']) retrieved from /home/airflow/.local/lib/python3.7/site-packages/airflow/example_dags/example_latest_only.py
[2022-05-21 10:34:16,955] {logging_mixin.py:109} INFO - [2022-05-21 10:34:16,955] {providers_manager.py:156} WARNING - Exception when importing 'airflow.providers.google.leveldb.hooks.leveldb.LevelDBHook' from 'apache-airflow-providers-google' package: No module named 'plyvel'
[2022-05-21 10:34:17,321] {logging_mixin.py:109} INFO - [2022-05-21 10:34:17,321] {providers_manager.py:156} WARNING - Exception when importing 'airflow.providers.google.leveldb.hooks.leveldb.LevelDBHook' from 'apache-airflow-providers-google' package: No module named 'plyvel'
[2022-05-21 10:34:17,337] {logging_mixin.py:109} INFO - [2022-05-21 10:34:17,337] {manager.py:496} INFO - Created Permission View: can edit on DAG:latest_only
[2022-05-21 10:34:17,345] {logging_mixin.py:109} INFO - [2022-05-21 10:34:17,345] {manager.py:496} INFO - Created Permission View: can read on DAG:latest_only
[2022-05-21 10:34:17,346] {logging_mixin.py:109} INFO - [2022-05-21 10:34:17,345] {dag.py:2389} INFO - Sync 1 DAGs
[2022-05-21 10:34:17,351] {logging_mixin.py:109} INFO - [2022-05-21 10:34:17,351] {dag.py:2408} INFO - Creating ORM DAG for latest_only
[2022-05-21 10:34:17,358] {logging_mixin.py:109} INFO - [2022-05-21 10:34:17,358] {dag.py:2921} INFO - Setting next_dagrun for latest_only to 2022-05-21T06:34:17.358177+00:00
[2022-05-21 10:34:17,367] {processor.py:171} INFO - Processing /home/airflow/.local/lib/python3.7/site-packages/airflow/example_dags/example_latest_only.py took 1.838 seconds
[2022-05-21 10:34:48,260] {processor.py:163} INFO - Started process (PID=250) to work on /home/airflow/.local/lib/python3.7/site-packages/airflow/example_dags/example_latest_only.py
[2022-05-21 10:34:48,261] {processor.py:620} INFO - Processing file /home/airflow/.local/lib/python3.7/site-packages/airflow/example_dags/example_latest_only.py for tasks to queue
[2022-05-21 10:34:48,262] {logging_mixin.py:109} INFO - [2022-05-21 10:34:48,262] {dagbag.py:500} INFO - Filling up the DagBag from /home/airflow/.local/lib/python3.7/site-packages/airflow/example_dags/example_latest_only.py
[2022-05-21 10:34:48,295] {processor.py:632} INFO - DAG(s) dict_keys(['latest_only']) retrieved from /home/airflow/.local/lib/python3.7/site-packages/airflow/example_dags/example_latest_only.py
[2022-05-21 10:34:48,307] {logging_mixin.py:109} INFO - [2022-05-21 10:34:48,307] {dag.py:2389} INFO - Sync 1 DAGs
[2022-05-21 10:34:48,326] {logging_mixin.py:109} INFO - [2022-05-21 10:34:48,326] {dag.py:2921} INFO - Setting next_dagrun for latest_only to 2022-05-21T06:34:48.325843+00:00
[2022-05-21 10:34:48,336] {processor.py:171} INFO - Processing /home/airflow/.local/lib/python3.7/site-packages/airflow/example_dags/example_latest_only.py took 0.080 seconds
[2022-05-21 10:35:18,888] {processor.py:163} INFO - Started process (PID=302) to work on /home/airflow/.local/lib/python3.7/site-packages/airflow/example_dags/example_latest_only.py
[2022-05-21 10:35:18,890] {processor.py:620} INFO - Processing file /home/airflow/.local/lib/python3.7/site-packages/airflow/example_dags/example_latest_only.py for tasks to queue
[2022-05-21 10:35:18,891] {logging_mixin.py:109} INFO - [2022-05-21 10:35:18,891] {dagbag.py:500} INFO - Filling up the DagBag from /home/airflow/.local/lib/python3.7/site-packages/airflow/example_dags/example_latest_only.py
[2022-05-21 10:35:18,922] {processor.py:632} INFO - DAG(s) dict_keys(['latest_only']) retrieved from /home/airflow/.local/lib/python3.7/site-packages/airflow/example_dags/example_latest_only.py
[2022-05-21 10:35:18,935] {logging_mixin.py:109} INFO - [2022-05-21 10:35:18,935] {dag.py:2389} INFO - Sync 1 DAGs
[2022-05-21 10:35:18,953] {logging_mixin.py:109} INFO - [2022-05-21 10:35:18,953] {dag.py:2921} INFO - Setting next_dagrun for latest_only to 2022-05-21T06:35:18.952770+00:00
[2022-05-21 10:35:18,963] {processor.py:171} INFO - Processing /home/airflow/.local/lib/python3.7/site-packages/airflow/example_dags/example_latest_only.py took 0.079 seconds
[2022-05-21 10:35:49,008] {processor.py:163} INFO - Started process (PID=364) to work on /home/airflow/.local/lib/python3.7/site-packages/airflow/example_dags/example_latest_only.py
[2022-05-21 10:35:49,010] {processor.py:620} INFO - Processing file /home/airflow/.local/lib/python3.7/site-packages/airflow/example_dags/example_latest_only.py for tasks to queue
[2022-05-21 10:35:49,012] {logging_mixin.py:109} INFO - [2022-05-21 10:35:49,011] {dagbag.py:500} INFO - Filling up the DagBag from /home/airflow/.local/lib/python3.7/site-packages/airflow/example_dags/example_latest_only.py
[2022-05-21 10:35:49,053] {processor.py:632} INFO - DAG(s) dict_keys(['latest_only']) retrieved from /home/airflow/.local/lib/python3.7/site-packages/airflow/example_dags/example_latest_only.py
[2022-05-21 10:35:49,067] {logging_mixin.py:109} INFO - [2022-05-21 10:35:49,067] {dag.py:2389} INFO - Sync 1 DAGs
[2022-05-21 10:35:49,091] {logging_mixin.py:109} INFO - [2022-05-21 10:35:49,091] {dag.py:2921} INFO - Setting next_dagrun for latest_only to 2022-05-21T06:35:49.091081+00:00
[2022-05-21 10:35:49,105] {processor.py:171} INFO - Processing /home/airflow/.local/lib/python3.7/site-packages/airflow/example_dags/example_latest_only.py took 0.104 seconds
