[2022-05-21 10:34:14,127] {processor.py:163} INFO - Started process (PID=102) to work on /home/airflow/.local/lib/python3.7/site-packages/airflow/example_dags/example_trigger_target_dag.py
[2022-05-21 10:34:14,129] {processor.py:620} INFO - Processing file /home/airflow/.local/lib/python3.7/site-packages/airflow/example_dags/example_trigger_target_dag.py for tasks to queue
[2022-05-21 10:34:14,131] {logging_mixin.py:109} INFO - [2022-05-21 10:34:14,131] {dagbag.py:500} INFO - Filling up the DagBag from /home/airflow/.local/lib/python3.7/site-packages/airflow/example_dags/example_trigger_target_dag.py
[2022-05-21 10:34:14,162] {processor.py:632} INFO - DAG(s) dict_keys(['example_trigger_target_dag']) retrieved from /home/airflow/.local/lib/python3.7/site-packages/airflow/example_dags/example_trigger_target_dag.py
[2022-05-21 10:34:15,627] {logging_mixin.py:109} INFO - [2022-05-21 10:34:15,627] {providers_manager.py:156} WARNING - Exception when importing 'airflow.providers.google.leveldb.hooks.leveldb.LevelDBHook' from 'apache-airflow-providers-google' package: No module named 'plyvel'
[2022-05-21 10:34:15,996] {logging_mixin.py:109} INFO - [2022-05-21 10:34:15,996] {providers_manager.py:156} WARNING - Exception when importing 'airflow.providers.google.leveldb.hooks.leveldb.LevelDBHook' from 'apache-airflow-providers-google' package: No module named 'plyvel'
[2022-05-21 10:34:16,013] {logging_mixin.py:109} INFO - [2022-05-21 10:34:16,013] {manager.py:496} INFO - Created Permission View: can edit on DAG:example_trigger_target_dag
[2022-05-21 10:34:16,020] {logging_mixin.py:109} INFO - [2022-05-21 10:34:16,020] {manager.py:496} INFO - Created Permission View: can read on DAG:example_trigger_target_dag
[2022-05-21 10:34:16,021] {logging_mixin.py:109} INFO - [2022-05-21 10:34:16,021] {dag.py:2389} INFO - Sync 1 DAGs
[2022-05-21 10:34:16,026] {logging_mixin.py:109} INFO - [2022-05-21 10:34:16,026] {dag.py:2408} INFO - Creating ORM DAG for example_trigger_target_dag
[2022-05-21 10:34:16,032] {logging_mixin.py:109} INFO - [2022-05-21 10:34:16,032] {dag.py:2921} INFO - Setting next_dagrun for example_trigger_target_dag to None
[2022-05-21 10:34:16,042] {processor.py:171} INFO - Processing /home/airflow/.local/lib/python3.7/site-packages/airflow/example_dags/example_trigger_target_dag.py took 1.918 seconds
[2022-05-21 10:34:46,265] {processor.py:163} INFO - Started process (PID=249) to work on /home/airflow/.local/lib/python3.7/site-packages/airflow/example_dags/example_trigger_target_dag.py
[2022-05-21 10:34:46,267] {processor.py:620} INFO - Processing file /home/airflow/.local/lib/python3.7/site-packages/airflow/example_dags/example_trigger_target_dag.py for tasks to queue
[2022-05-21 10:34:46,268] {logging_mixin.py:109} INFO - [2022-05-21 10:34:46,268] {dagbag.py:500} INFO - Filling up the DagBag from /home/airflow/.local/lib/python3.7/site-packages/airflow/example_dags/example_trigger_target_dag.py
[2022-05-21 10:34:46,303] {processor.py:632} INFO - DAG(s) dict_keys(['example_trigger_target_dag']) retrieved from /home/airflow/.local/lib/python3.7/site-packages/airflow/example_dags/example_trigger_target_dag.py
[2022-05-21 10:34:46,317] {logging_mixin.py:109} INFO - [2022-05-21 10:34:46,317] {dag.py:2389} INFO - Sync 1 DAGs
[2022-05-21 10:34:46,341] {logging_mixin.py:109} INFO - [2022-05-21 10:34:46,341] {dag.py:2921} INFO - Setting next_dagrun for example_trigger_target_dag to None
[2022-05-21 10:34:46,357] {processor.py:171} INFO - Processing /home/airflow/.local/lib/python3.7/site-packages/airflow/example_dags/example_trigger_target_dag.py took 0.097 seconds
[2022-05-21 10:35:16,773] {processor.py:163} INFO - Started process (PID=301) to work on /home/airflow/.local/lib/python3.7/site-packages/airflow/example_dags/example_trigger_target_dag.py
[2022-05-21 10:35:16,776] {processor.py:620} INFO - Processing file /home/airflow/.local/lib/python3.7/site-packages/airflow/example_dags/example_trigger_target_dag.py for tasks to queue
[2022-05-21 10:35:16,778] {logging_mixin.py:109} INFO - [2022-05-21 10:35:16,777] {dagbag.py:500} INFO - Filling up the DagBag from /home/airflow/.local/lib/python3.7/site-packages/airflow/example_dags/example_trigger_target_dag.py
[2022-05-21 10:35:16,817] {processor.py:632} INFO - DAG(s) dict_keys(['example_trigger_target_dag']) retrieved from /home/airflow/.local/lib/python3.7/site-packages/airflow/example_dags/example_trigger_target_dag.py
[2022-05-21 10:35:16,829] {logging_mixin.py:109} INFO - [2022-05-21 10:35:16,829] {dag.py:2389} INFO - Sync 1 DAGs
[2022-05-21 10:35:16,845] {logging_mixin.py:109} INFO - [2022-05-21 10:35:16,845] {dag.py:2921} INFO - Setting next_dagrun for example_trigger_target_dag to None
[2022-05-21 10:35:16,854] {processor.py:171} INFO - Processing /home/airflow/.local/lib/python3.7/site-packages/airflow/example_dags/example_trigger_target_dag.py took 0.085 seconds
[2022-05-21 10:35:47,905] {processor.py:163} INFO - Started process (PID=363) to work on /home/airflow/.local/lib/python3.7/site-packages/airflow/example_dags/example_trigger_target_dag.py
[2022-05-21 10:35:47,910] {processor.py:620} INFO - Processing file /home/airflow/.local/lib/python3.7/site-packages/airflow/example_dags/example_trigger_target_dag.py for tasks to queue
[2022-05-21 10:35:47,911] {logging_mixin.py:109} INFO - [2022-05-21 10:35:47,911] {dagbag.py:500} INFO - Filling up the DagBag from /home/airflow/.local/lib/python3.7/site-packages/airflow/example_dags/example_trigger_target_dag.py
[2022-05-21 10:35:47,941] {processor.py:632} INFO - DAG(s) dict_keys(['example_trigger_target_dag']) retrieved from /home/airflow/.local/lib/python3.7/site-packages/airflow/example_dags/example_trigger_target_dag.py
[2022-05-21 10:35:47,952] {logging_mixin.py:109} INFO - [2022-05-21 10:35:47,952] {dag.py:2389} INFO - Sync 1 DAGs
[2022-05-21 10:35:47,968] {logging_mixin.py:109} INFO - [2022-05-21 10:35:47,968] {dag.py:2921} INFO - Setting next_dagrun for example_trigger_target_dag to None
[2022-05-21 10:35:47,978] {processor.py:171} INFO - Processing /home/airflow/.local/lib/python3.7/site-packages/airflow/example_dags/example_trigger_target_dag.py took 0.077 seconds
