[2022-05-21 10:34:04,464] {processor.py:163} INFO - Started process (PID=72) to work on /home/airflow/.local/lib/python3.7/site-packages/airflow/example_dags/example_xcom.py
[2022-05-21 10:34:04,470] {processor.py:620} INFO - Processing file /home/airflow/.local/lib/python3.7/site-packages/airflow/example_dags/example_xcom.py for tasks to queue
[2022-05-21 10:34:04,472] {logging_mixin.py:109} INFO - [2022-05-21 10:34:04,472] {dagbag.py:500} INFO - Filling up the DagBag from /home/airflow/.local/lib/python3.7/site-packages/airflow/example_dags/example_xcom.py
[2022-05-21 10:34:04,561] {processor.py:632} INFO - DAG(s) dict_keys(['example_xcom']) retrieved from /home/airflow/.local/lib/python3.7/site-packages/airflow/example_dags/example_xcom.py
[2022-05-21 10:34:08,326] {logging_mixin.py:109} INFO - [2022-05-21 10:34:08,326] {providers_manager.py:156} WARNING - Exception when importing 'airflow.providers.google.leveldb.hooks.leveldb.LevelDBHook' from 'apache-airflow-providers-google' package: No module named 'plyvel'
[2022-05-21 10:34:09,034] {logging_mixin.py:109} INFO - [2022-05-21 10:34:09,034] {providers_manager.py:156} WARNING - Exception when importing 'airflow.providers.google.leveldb.hooks.leveldb.LevelDBHook' from 'apache-airflow-providers-google' package: No module named 'plyvel'
[2022-05-21 10:34:09,065] {logging_mixin.py:109} INFO - [2022-05-21 10:34:09,065] {manager.py:496} INFO - Created Permission View: can edit on DAG:example_xcom
[2022-05-21 10:34:09,078] {logging_mixin.py:109} INFO - [2022-05-21 10:34:09,078] {manager.py:496} INFO - Created Permission View: can read on DAG:example_xcom
[2022-05-21 10:34:09,079] {logging_mixin.py:109} INFO - [2022-05-21 10:34:09,079] {dag.py:2389} INFO - Sync 1 DAGs
[2022-05-21 10:34:09,089] {logging_mixin.py:109} INFO - [2022-05-21 10:34:09,089] {dag.py:2408} INFO - Creating ORM DAG for example_xcom
[2022-05-21 10:34:09,100] {logging_mixin.py:109} INFO - [2022-05-21 10:34:09,099] {dag.py:2921} INFO - Setting next_dagrun for example_xcom to 2021-01-01T00:00:00+00:00
[2022-05-21 10:34:09,118] {processor.py:171} INFO - Processing /home/airflow/.local/lib/python3.7/site-packages/airflow/example_dags/example_xcom.py took 4.679 seconds
[2022-05-21 10:34:39,662] {processor.py:163} INFO - Started process (PID=233) to work on /home/airflow/.local/lib/python3.7/site-packages/airflow/example_dags/example_xcom.py
[2022-05-21 10:34:39,664] {processor.py:620} INFO - Processing file /home/airflow/.local/lib/python3.7/site-packages/airflow/example_dags/example_xcom.py for tasks to queue
[2022-05-21 10:34:39,665] {logging_mixin.py:109} INFO - [2022-05-21 10:34:39,664] {dagbag.py:500} INFO - Filling up the DagBag from /home/airflow/.local/lib/python3.7/site-packages/airflow/example_dags/example_xcom.py
[2022-05-21 10:34:39,691] {processor.py:632} INFO - DAG(s) dict_keys(['example_xcom']) retrieved from /home/airflow/.local/lib/python3.7/site-packages/airflow/example_dags/example_xcom.py
[2022-05-21 10:34:39,963] {logging_mixin.py:109} INFO - [2022-05-21 10:34:39,963] {dag.py:2389} INFO - Sync 1 DAGs
[2022-05-21 10:34:39,975] {logging_mixin.py:109} INFO - [2022-05-21 10:34:39,975] {dag.py:2921} INFO - Setting next_dagrun for example_xcom to 2021-01-01T00:00:00+00:00
[2022-05-21 10:34:39,985] {processor.py:171} INFO - Processing /home/airflow/.local/lib/python3.7/site-packages/airflow/example_dags/example_xcom.py took 0.325 seconds
[2022-05-21 10:35:10,043] {processor.py:163} INFO - Started process (PID=295) to work on /home/airflow/.local/lib/python3.7/site-packages/airflow/example_dags/example_xcom.py
[2022-05-21 10:35:10,044] {processor.py:620} INFO - Processing file /home/airflow/.local/lib/python3.7/site-packages/airflow/example_dags/example_xcom.py for tasks to queue
[2022-05-21 10:35:10,045] {logging_mixin.py:109} INFO - [2022-05-21 10:35:10,045] {dagbag.py:500} INFO - Filling up the DagBag from /home/airflow/.local/lib/python3.7/site-packages/airflow/example_dags/example_xcom.py
[2022-05-21 10:35:10,071] {processor.py:632} INFO - DAG(s) dict_keys(['example_xcom']) retrieved from /home/airflow/.local/lib/python3.7/site-packages/airflow/example_dags/example_xcom.py
[2022-05-21 10:35:10,344] {logging_mixin.py:109} INFO - [2022-05-21 10:35:10,344] {dag.py:2389} INFO - Sync 1 DAGs
[2022-05-21 10:35:10,358] {logging_mixin.py:109} INFO - [2022-05-21 10:35:10,358] {dag.py:2921} INFO - Setting next_dagrun for example_xcom to 2021-01-01T00:00:00+00:00
[2022-05-21 10:35:10,370] {processor.py:171} INFO - Processing /home/airflow/.local/lib/python3.7/site-packages/airflow/example_dags/example_xcom.py took 0.330 seconds
[2022-05-21 10:35:40,447] {processor.py:163} INFO - Started process (PID=348) to work on /home/airflow/.local/lib/python3.7/site-packages/airflow/example_dags/example_xcom.py
[2022-05-21 10:35:40,449] {processor.py:620} INFO - Processing file /home/airflow/.local/lib/python3.7/site-packages/airflow/example_dags/example_xcom.py for tasks to queue
[2022-05-21 10:35:40,450] {logging_mixin.py:109} INFO - [2022-05-21 10:35:40,450] {dagbag.py:500} INFO - Filling up the DagBag from /home/airflow/.local/lib/python3.7/site-packages/airflow/example_dags/example_xcom.py
[2022-05-21 10:35:40,482] {processor.py:632} INFO - DAG(s) dict_keys(['example_xcom']) retrieved from /home/airflow/.local/lib/python3.7/site-packages/airflow/example_dags/example_xcom.py
[2022-05-21 10:35:40,771] {logging_mixin.py:109} INFO - [2022-05-21 10:35:40,771] {dag.py:2389} INFO - Sync 1 DAGs
[2022-05-21 10:35:40,785] {logging_mixin.py:109} INFO - [2022-05-21 10:35:40,785] {dag.py:2921} INFO - Setting next_dagrun for example_xcom to 2021-01-01T00:00:00+00:00
[2022-05-21 10:35:40,796] {processor.py:171} INFO - Processing /home/airflow/.local/lib/python3.7/site-packages/airflow/example_dags/example_xcom.py took 0.352 seconds
[2022-05-21 10:36:11,554] {processor.py:163} INFO - Started process (PID=410) to work on /home/airflow/.local/lib/python3.7/site-packages/airflow/example_dags/example_xcom.py
[2022-05-21 10:36:11,556] {processor.py:620} INFO - Processing file /home/airflow/.local/lib/python3.7/site-packages/airflow/example_dags/example_xcom.py for tasks to queue
[2022-05-21 10:36:11,558] {logging_mixin.py:109} INFO - [2022-05-21 10:36:11,558] {dagbag.py:500} INFO - Filling up the DagBag from /home/airflow/.local/lib/python3.7/site-packages/airflow/example_dags/example_xcom.py
[2022-05-21 10:36:11,606] {processor.py:632} INFO - DAG(s) dict_keys(['example_xcom']) retrieved from /home/airflow/.local/lib/python3.7/site-packages/airflow/example_dags/example_xcom.py
[2022-05-21 10:36:11,876] {logging_mixin.py:109} INFO - [2022-05-21 10:36:11,876] {dag.py:2389} INFO - Sync 1 DAGs
[2022-05-21 10:36:11,889] {logging_mixin.py:109} INFO - [2022-05-21 10:36:11,889] {dag.py:2921} INFO - Setting next_dagrun for example_xcom to 2021-01-01T00:00:00+00:00
[2022-05-21 10:36:11,899] {processor.py:171} INFO - Processing /home/airflow/.local/lib/python3.7/site-packages/airflow/example_dags/example_xcom.py took 0.349 seconds
