[2022-05-21 10:34:26,854] {processor.py:163} INFO - Started process (PID=171) to work on /home/airflow/.local/lib/python3.7/site-packages/airflow/example_dags/example_branch_datetime_operator.py
[2022-05-21 10:34:26,856] {processor.py:620} INFO - Processing file /home/airflow/.local/lib/python3.7/site-packages/airflow/example_dags/example_branch_datetime_operator.py for tasks to queue
[2022-05-21 10:34:26,857] {logging_mixin.py:109} INFO - [2022-05-21 10:34:26,857] {dagbag.py:500} INFO - Filling up the DagBag from /home/airflow/.local/lib/python3.7/site-packages/airflow/example_dags/example_branch_datetime_operator.py
[2022-05-21 10:34:26,886] {processor.py:632} INFO - DAG(s) dict_keys(['example_branch_datetime_operator_2']) retrieved from /home/airflow/.local/lib/python3.7/site-packages/airflow/example_dags/example_branch_datetime_operator.py
[2022-05-21 10:34:28,525] {logging_mixin.py:109} INFO - [2022-05-21 10:34:28,525] {providers_manager.py:156} WARNING - Exception when importing 'airflow.providers.google.leveldb.hooks.leveldb.LevelDBHook' from 'apache-airflow-providers-google' package: No module named 'plyvel'
[2022-05-21 10:34:28,942] {logging_mixin.py:109} INFO - [2022-05-21 10:34:28,942] {providers_manager.py:156} WARNING - Exception when importing 'airflow.providers.google.leveldb.hooks.leveldb.LevelDBHook' from 'apache-airflow-providers-google' package: No module named 'plyvel'
[2022-05-21 10:34:28,960] {logging_mixin.py:109} INFO - [2022-05-21 10:34:28,960] {manager.py:496} INFO - Created Permission View: can edit on DAG:example_branch_datetime_operator_2
[2022-05-21 10:34:28,968] {logging_mixin.py:109} INFO - [2022-05-21 10:34:28,968] {manager.py:496} INFO - Created Permission View: can read on DAG:example_branch_datetime_operator_2
[2022-05-21 10:34:28,969] {logging_mixin.py:109} INFO - [2022-05-21 10:34:28,969] {dag.py:2389} INFO - Sync 1 DAGs
[2022-05-21 10:34:28,975] {logging_mixin.py:109} INFO - [2022-05-21 10:34:28,975] {dag.py:2408} INFO - Creating ORM DAG for example_branch_datetime_operator_2
[2022-05-21 10:34:28,983] {logging_mixin.py:109} INFO - [2022-05-21 10:34:28,983] {dag.py:2921} INFO - Setting next_dagrun for example_branch_datetime_operator_2 to 2022-05-20 00:00:00+00:00
[2022-05-21 10:34:28,993] {processor.py:171} INFO - Processing /home/airflow/.local/lib/python3.7/site-packages/airflow/example_dags/example_branch_datetime_operator.py took 2.142 seconds
[2022-05-21 10:34:59,062] {processor.py:163} INFO - Started process (PID=271) to work on /home/airflow/.local/lib/python3.7/site-packages/airflow/example_dags/example_branch_datetime_operator.py
[2022-05-21 10:34:59,064] {processor.py:620} INFO - Processing file /home/airflow/.local/lib/python3.7/site-packages/airflow/example_dags/example_branch_datetime_operator.py for tasks to queue
[2022-05-21 10:34:59,065] {logging_mixin.py:109} INFO - [2022-05-21 10:34:59,065] {dagbag.py:500} INFO - Filling up the DagBag from /home/airflow/.local/lib/python3.7/site-packages/airflow/example_dags/example_branch_datetime_operator.py
[2022-05-21 10:34:59,096] {processor.py:632} INFO - DAG(s) dict_keys(['example_branch_datetime_operator_2']) retrieved from /home/airflow/.local/lib/python3.7/site-packages/airflow/example_dags/example_branch_datetime_operator.py
[2022-05-21 10:34:59,107] {logging_mixin.py:109} INFO - [2022-05-21 10:34:59,107] {dag.py:2389} INFO - Sync 1 DAGs
[2022-05-21 10:34:59,125] {logging_mixin.py:109} INFO - [2022-05-21 10:34:59,125] {dag.py:2921} INFO - Setting next_dagrun for example_branch_datetime_operator_2 to 2022-05-20 00:00:00+00:00
[2022-05-21 10:34:59,135] {processor.py:171} INFO - Processing /home/airflow/.local/lib/python3.7/site-packages/airflow/example_dags/example_branch_datetime_operator.py took 0.076 seconds
[2022-05-21 10:35:29,357] {processor.py:163} INFO - Started process (PID=323) to work on /home/airflow/.local/lib/python3.7/site-packages/airflow/example_dags/example_branch_datetime_operator.py
[2022-05-21 10:35:29,360] {processor.py:620} INFO - Processing file /home/airflow/.local/lib/python3.7/site-packages/airflow/example_dags/example_branch_datetime_operator.py for tasks to queue
[2022-05-21 10:35:29,362] {logging_mixin.py:109} INFO - [2022-05-21 10:35:29,362] {dagbag.py:500} INFO - Filling up the DagBag from /home/airflow/.local/lib/python3.7/site-packages/airflow/example_dags/example_branch_datetime_operator.py
[2022-05-21 10:35:29,390] {processor.py:632} INFO - DAG(s) dict_keys(['example_branch_datetime_operator_2']) retrieved from /home/airflow/.local/lib/python3.7/site-packages/airflow/example_dags/example_branch_datetime_operator.py
[2022-05-21 10:35:29,410] {logging_mixin.py:109} INFO - [2022-05-21 10:35:29,409] {dag.py:2389} INFO - Sync 1 DAGs
[2022-05-21 10:35:29,429] {logging_mixin.py:109} INFO - [2022-05-21 10:35:29,429] {dag.py:2921} INFO - Setting next_dagrun for example_branch_datetime_operator_2 to 2022-05-20 00:00:00+00:00
[2022-05-21 10:35:29,439] {processor.py:171} INFO - Processing /home/airflow/.local/lib/python3.7/site-packages/airflow/example_dags/example_branch_datetime_operator.py took 0.086 seconds
[2022-05-21 10:35:59,520] {processor.py:163} INFO - Started process (PID=384) to work on /home/airflow/.local/lib/python3.7/site-packages/airflow/example_dags/example_branch_datetime_operator.py
[2022-05-21 10:35:59,521] {processor.py:620} INFO - Processing file /home/airflow/.local/lib/python3.7/site-packages/airflow/example_dags/example_branch_datetime_operator.py for tasks to queue
[2022-05-21 10:35:59,523] {logging_mixin.py:109} INFO - [2022-05-21 10:35:59,523] {dagbag.py:500} INFO - Filling up the DagBag from /home/airflow/.local/lib/python3.7/site-packages/airflow/example_dags/example_branch_datetime_operator.py
[2022-05-21 10:35:59,558] {processor.py:632} INFO - DAG(s) dict_keys(['example_branch_datetime_operator_2']) retrieved from /home/airflow/.local/lib/python3.7/site-packages/airflow/example_dags/example_branch_datetime_operator.py
[2022-05-21 10:35:59,570] {logging_mixin.py:109} INFO - [2022-05-21 10:35:59,570] {dag.py:2389} INFO - Sync 1 DAGs
[2022-05-21 10:35:59,591] {logging_mixin.py:109} INFO - [2022-05-21 10:35:59,591] {dag.py:2921} INFO - Setting next_dagrun for example_branch_datetime_operator_2 to 2022-05-20 00:00:00+00:00
[2022-05-21 10:35:59,602] {processor.py:171} INFO - Processing /home/airflow/.local/lib/python3.7/site-packages/airflow/example_dags/example_branch_datetime_operator.py took 0.087 seconds
