[2022-05-21 10:33:54,282] {processor.py:163} INFO - Started process (PID=41) to work on /home/airflow/.local/lib/python3.7/site-packages/airflow/example_dags/example_complex.py
[2022-05-21 10:33:54,284] {processor.py:620} INFO - Processing file /home/airflow/.local/lib/python3.7/site-packages/airflow/example_dags/example_complex.py for tasks to queue
[2022-05-21 10:33:54,290] {logging_mixin.py:109} INFO - [2022-05-21 10:33:54,285] {dagbag.py:500} INFO - Filling up the DagBag from /home/airflow/.local/lib/python3.7/site-packages/airflow/example_dags/example_complex.py
[2022-05-21 10:33:54,355] {processor.py:632} INFO - DAG(s) dict_keys(['example_complex']) retrieved from /home/airflow/.local/lib/python3.7/site-packages/airflow/example_dags/example_complex.py
[2022-05-21 10:33:58,561] {logging_mixin.py:109} INFO - [2022-05-21 10:33:58,561] {providers_manager.py:156} WARNING - Exception when importing 'airflow.providers.google.leveldb.hooks.leveldb.LevelDBHook' from 'apache-airflow-providers-google' package: No module named 'plyvel'
[2022-05-21 10:33:59,871] {logging_mixin.py:109} INFO - [2022-05-21 10:33:59,871] {providers_manager.py:156} WARNING - Exception when importing 'airflow.providers.google.leveldb.hooks.leveldb.LevelDBHook' from 'apache-airflow-providers-google' package: No module named 'plyvel'
[2022-05-21 10:33:59,894] {logging_mixin.py:109} INFO - [2022-05-21 10:33:59,894] {manager.py:496} INFO - Created Permission View: can edit on DAG:example_complex
[2022-05-21 10:33:59,903] {logging_mixin.py:109} INFO - [2022-05-21 10:33:59,903] {manager.py:496} INFO - Created Permission View: can read on DAG:example_complex
[2022-05-21 10:33:59,904] {logging_mixin.py:109} INFO - [2022-05-21 10:33:59,904] {dag.py:2389} INFO - Sync 1 DAGs
[2022-05-21 10:33:59,918] {logging_mixin.py:109} INFO - [2022-05-21 10:33:59,918] {dag.py:2408} INFO - Creating ORM DAG for example_complex
[2022-05-21 10:33:59,928] {logging_mixin.py:109} INFO - [2022-05-21 10:33:59,928] {dag.py:2921} INFO - Setting next_dagrun for example_complex to None
[2022-05-21 10:33:59,946] {processor.py:171} INFO - Processing /home/airflow/.local/lib/python3.7/site-packages/airflow/example_dags/example_complex.py took 5.668 seconds
[2022-05-21 10:34:35,347] {processor.py:163} INFO - Started process (PID=224) to work on /home/airflow/.local/lib/python3.7/site-packages/airflow/example_dags/example_complex.py
[2022-05-21 10:34:35,348] {processor.py:620} INFO - Processing file /home/airflow/.local/lib/python3.7/site-packages/airflow/example_dags/example_complex.py for tasks to queue
[2022-05-21 10:34:35,350] {logging_mixin.py:109} INFO - [2022-05-21 10:34:35,350] {dagbag.py:500} INFO - Filling up the DagBag from /home/airflow/.local/lib/python3.7/site-packages/airflow/example_dags/example_complex.py
[2022-05-21 10:34:35,385] {processor.py:632} INFO - DAG(s) dict_keys(['example_complex']) retrieved from /home/airflow/.local/lib/python3.7/site-packages/airflow/example_dags/example_complex.py
[2022-05-21 10:34:35,401] {logging_mixin.py:109} INFO - [2022-05-21 10:34:35,401] {dag.py:2389} INFO - Sync 1 DAGs
[2022-05-21 10:34:35,415] {logging_mixin.py:109} INFO - [2022-05-21 10:34:35,415] {dag.py:2921} INFO - Setting next_dagrun for example_complex to None
[2022-05-21 10:34:35,425] {processor.py:171} INFO - Processing /home/airflow/.local/lib/python3.7/site-packages/airflow/example_dags/example_complex.py took 0.081 seconds
[2022-05-21 10:35:05,519] {processor.py:163} INFO - Started process (PID=276) to work on /home/airflow/.local/lib/python3.7/site-packages/airflow/example_dags/example_complex.py
[2022-05-21 10:35:05,521] {processor.py:620} INFO - Processing file /home/airflow/.local/lib/python3.7/site-packages/airflow/example_dags/example_complex.py for tasks to queue
[2022-05-21 10:35:05,523] {logging_mixin.py:109} INFO - [2022-05-21 10:35:05,523] {dagbag.py:500} INFO - Filling up the DagBag from /home/airflow/.local/lib/python3.7/site-packages/airflow/example_dags/example_complex.py
[2022-05-21 10:35:05,567] {processor.py:632} INFO - DAG(s) dict_keys(['example_complex']) retrieved from /home/airflow/.local/lib/python3.7/site-packages/airflow/example_dags/example_complex.py
[2022-05-21 10:35:05,592] {logging_mixin.py:109} INFO - [2022-05-21 10:35:05,592] {dag.py:2389} INFO - Sync 1 DAGs
[2022-05-21 10:35:05,612] {logging_mixin.py:109} INFO - [2022-05-21 10:35:05,612] {dag.py:2921} INFO - Setting next_dagrun for example_complex to None
[2022-05-21 10:35:05,623] {processor.py:171} INFO - Processing /home/airflow/.local/lib/python3.7/site-packages/airflow/example_dags/example_complex.py took 0.112 seconds
[2022-05-21 10:35:35,917] {processor.py:163} INFO - Started process (PID=338) to work on /home/airflow/.local/lib/python3.7/site-packages/airflow/example_dags/example_complex.py
[2022-05-21 10:35:35,919] {processor.py:620} INFO - Processing file /home/airflow/.local/lib/python3.7/site-packages/airflow/example_dags/example_complex.py for tasks to queue
[2022-05-21 10:35:35,920] {logging_mixin.py:109} INFO - [2022-05-21 10:35:35,920] {dagbag.py:500} INFO - Filling up the DagBag from /home/airflow/.local/lib/python3.7/site-packages/airflow/example_dags/example_complex.py
[2022-05-21 10:35:35,964] {processor.py:632} INFO - DAG(s) dict_keys(['example_complex']) retrieved from /home/airflow/.local/lib/python3.7/site-packages/airflow/example_dags/example_complex.py
[2022-05-21 10:35:35,981] {logging_mixin.py:109} INFO - [2022-05-21 10:35:35,981] {dag.py:2389} INFO - Sync 1 DAGs
[2022-05-21 10:35:35,999] {logging_mixin.py:109} INFO - [2022-05-21 10:35:35,999] {dag.py:2921} INFO - Setting next_dagrun for example_complex to None
[2022-05-21 10:35:36,011] {processor.py:171} INFO - Processing /home/airflow/.local/lib/python3.7/site-packages/airflow/example_dags/example_complex.py took 0.099 seconds
[2022-05-21 10:36:06,733] {processor.py:163} INFO - Started process (PID=390) to work on /home/airflow/.local/lib/python3.7/site-packages/airflow/example_dags/example_complex.py
[2022-05-21 10:36:06,735] {processor.py:620} INFO - Processing file /home/airflow/.local/lib/python3.7/site-packages/airflow/example_dags/example_complex.py for tasks to queue
[2022-05-21 10:36:06,736] {logging_mixin.py:109} INFO - [2022-05-21 10:36:06,736] {dagbag.py:500} INFO - Filling up the DagBag from /home/airflow/.local/lib/python3.7/site-packages/airflow/example_dags/example_complex.py
[2022-05-21 10:36:06,783] {processor.py:632} INFO - DAG(s) dict_keys(['example_complex']) retrieved from /home/airflow/.local/lib/python3.7/site-packages/airflow/example_dags/example_complex.py
[2022-05-21 10:36:06,802] {logging_mixin.py:109} INFO - [2022-05-21 10:36:06,802] {dag.py:2389} INFO - Sync 1 DAGs
[2022-05-21 10:36:06,822] {logging_mixin.py:109} INFO - [2022-05-21 10:36:06,822] {dag.py:2921} INFO - Setting next_dagrun for example_complex to None
[2022-05-21 10:36:06,833] {processor.py:171} INFO - Processing /home/airflow/.local/lib/python3.7/site-packages/airflow/example_dags/example_complex.py took 0.103 seconds
