[2022-05-21 10:34:13,492] {processor.py:163} INFO - Started process (PID=101) to work on /home/airflow/.local/lib/python3.7/site-packages/airflow/example_dags/example_dag_decorator.py
[2022-05-21 10:34:13,493] {processor.py:620} INFO - Processing file /home/airflow/.local/lib/python3.7/site-packages/airflow/example_dags/example_dag_decorator.py for tasks to queue
[2022-05-21 10:34:13,495] {logging_mixin.py:109} INFO - [2022-05-21 10:34:13,495] {dagbag.py:500} INFO - Filling up the DagBag from /home/airflow/.local/lib/python3.7/site-packages/airflow/example_dags/example_dag_decorator.py
[2022-05-21 10:34:13,540] {processor.py:632} INFO - DAG(s) dict_keys(['example_dag_decorator']) retrieved from /home/airflow/.local/lib/python3.7/site-packages/airflow/example_dags/example_dag_decorator.py
[2022-05-21 10:34:15,028] {logging_mixin.py:109} INFO - [2022-05-21 10:34:15,028] {providers_manager.py:156} WARNING - Exception when importing 'airflow.providers.google.leveldb.hooks.leveldb.LevelDBHook' from 'apache-airflow-providers-google' package: No module named 'plyvel'
[2022-05-21 10:34:15,420] {logging_mixin.py:109} INFO - [2022-05-21 10:34:15,420] {providers_manager.py:156} WARNING - Exception when importing 'airflow.providers.google.leveldb.hooks.leveldb.LevelDBHook' from 'apache-airflow-providers-google' package: No module named 'plyvel'
[2022-05-21 10:34:15,436] {logging_mixin.py:109} INFO - [2022-05-21 10:34:15,436] {manager.py:496} INFO - Created Permission View: can edit on DAG:example_dag_decorator
[2022-05-21 10:34:15,444] {logging_mixin.py:109} INFO - [2022-05-21 10:34:15,444] {manager.py:496} INFO - Created Permission View: can read on DAG:example_dag_decorator
[2022-05-21 10:34:15,445] {logging_mixin.py:109} INFO - [2022-05-21 10:34:15,445] {dag.py:2389} INFO - Sync 1 DAGs
[2022-05-21 10:34:15,451] {logging_mixin.py:109} INFO - [2022-05-21 10:34:15,451] {dag.py:2408} INFO - Creating ORM DAG for example_dag_decorator
[2022-05-21 10:34:15,461] {logging_mixin.py:109} INFO - [2022-05-21 10:34:15,461] {dag.py:2921} INFO - Setting next_dagrun for example_dag_decorator to None
[2022-05-21 10:34:15,474] {processor.py:171} INFO - Processing /home/airflow/.local/lib/python3.7/site-packages/airflow/example_dags/example_dag_decorator.py took 1.986 seconds
[2022-05-21 10:34:45,973] {processor.py:163} INFO - Started process (PID=248) to work on /home/airflow/.local/lib/python3.7/site-packages/airflow/example_dags/example_dag_decorator.py
[2022-05-21 10:34:45,975] {processor.py:620} INFO - Processing file /home/airflow/.local/lib/python3.7/site-packages/airflow/example_dags/example_dag_decorator.py for tasks to queue
[2022-05-21 10:34:45,976] {logging_mixin.py:109} INFO - [2022-05-21 10:34:45,976] {dagbag.py:500} INFO - Filling up the DagBag from /home/airflow/.local/lib/python3.7/site-packages/airflow/example_dags/example_dag_decorator.py
[2022-05-21 10:34:46,010] {processor.py:632} INFO - DAG(s) dict_keys(['example_dag_decorator']) retrieved from /home/airflow/.local/lib/python3.7/site-packages/airflow/example_dags/example_dag_decorator.py
[2022-05-21 10:34:46,322] {logging_mixin.py:109} INFO - [2022-05-21 10:34:46,321] {dag.py:2389} INFO - Sync 1 DAGs
[2022-05-21 10:34:46,334] {logging_mixin.py:109} INFO - [2022-05-21 10:34:46,334] {dag.py:2921} INFO - Setting next_dagrun for example_dag_decorator to None
[2022-05-21 10:34:46,349] {processor.py:171} INFO - Processing /home/airflow/.local/lib/python3.7/site-packages/airflow/example_dags/example_dag_decorator.py took 0.380 seconds
[2022-05-21 10:35:16,753] {processor.py:163} INFO - Started process (PID=300) to work on /home/airflow/.local/lib/python3.7/site-packages/airflow/example_dags/example_dag_decorator.py
[2022-05-21 10:35:16,755] {processor.py:620} INFO - Processing file /home/airflow/.local/lib/python3.7/site-packages/airflow/example_dags/example_dag_decorator.py for tasks to queue
[2022-05-21 10:35:16,756] {logging_mixin.py:109} INFO - [2022-05-21 10:35:16,756] {dagbag.py:500} INFO - Filling up the DagBag from /home/airflow/.local/lib/python3.7/site-packages/airflow/example_dags/example_dag_decorator.py
[2022-05-21 10:35:16,794] {processor.py:632} INFO - DAG(s) dict_keys(['example_dag_decorator']) retrieved from /home/airflow/.local/lib/python3.7/site-packages/airflow/example_dags/example_dag_decorator.py
[2022-05-21 10:35:17,090] {logging_mixin.py:109} INFO - [2022-05-21 10:35:17,090] {dag.py:2389} INFO - Sync 1 DAGs
[2022-05-21 10:35:17,103] {logging_mixin.py:109} INFO - [2022-05-21 10:35:17,103] {dag.py:2921} INFO - Setting next_dagrun for example_dag_decorator to None
[2022-05-21 10:35:17,112] {processor.py:171} INFO - Processing /home/airflow/.local/lib/python3.7/site-packages/airflow/example_dags/example_dag_decorator.py took 0.364 seconds
[2022-05-21 10:35:47,519] {processor.py:163} INFO - Started process (PID=362) to work on /home/airflow/.local/lib/python3.7/site-packages/airflow/example_dags/example_dag_decorator.py
[2022-05-21 10:35:47,522] {processor.py:620} INFO - Processing file /home/airflow/.local/lib/python3.7/site-packages/airflow/example_dags/example_dag_decorator.py for tasks to queue
[2022-05-21 10:35:47,523] {logging_mixin.py:109} INFO - [2022-05-21 10:35:47,523] {dagbag.py:500} INFO - Filling up the DagBag from /home/airflow/.local/lib/python3.7/site-packages/airflow/example_dags/example_dag_decorator.py
[2022-05-21 10:35:47,575] {processor.py:632} INFO - DAG(s) dict_keys(['example_dag_decorator']) retrieved from /home/airflow/.local/lib/python3.7/site-packages/airflow/example_dags/example_dag_decorator.py
[2022-05-21 10:35:47,861] {logging_mixin.py:109} INFO - [2022-05-21 10:35:47,861] {dag.py:2389} INFO - Sync 1 DAGs
[2022-05-21 10:35:47,879] {logging_mixin.py:109} INFO - [2022-05-21 10:35:47,879] {dag.py:2921} INFO - Setting next_dagrun for example_dag_decorator to None
[2022-05-21 10:35:47,893] {processor.py:171} INFO - Processing /home/airflow/.local/lib/python3.7/site-packages/airflow/example_dags/example_dag_decorator.py took 0.381 seconds
