[2022-05-21 10:34:22,328] {processor.py:163} INFO - Started process (PID=151) to work on /home/airflow/.local/lib/python3.7/site-packages/airflow/example_dags/example_external_task_marker_dag.py
[2022-05-21 10:34:22,330] {processor.py:620} INFO - Processing file /home/airflow/.local/lib/python3.7/site-packages/airflow/example_dags/example_external_task_marker_dag.py for tasks to queue
[2022-05-21 10:34:22,332] {logging_mixin.py:109} INFO - [2022-05-21 10:34:22,332] {dagbag.py:500} INFO - Filling up the DagBag from /home/airflow/.local/lib/python3.7/site-packages/airflow/example_dags/example_external_task_marker_dag.py
[2022-05-21 10:34:22,374] {processor.py:632} INFO - DAG(s) dict_keys(['example_external_task_marker_parent', 'example_external_task_marker_child']) retrieved from /home/airflow/.local/lib/python3.7/site-packages/airflow/example_dags/example_external_task_marker_dag.py
[2022-05-21 10:34:24,025] {logging_mixin.py:109} INFO - [2022-05-21 10:34:24,025] {providers_manager.py:156} WARNING - Exception when importing 'airflow.providers.google.leveldb.hooks.leveldb.LevelDBHook' from 'apache-airflow-providers-google' package: No module named 'plyvel'
[2022-05-21 10:34:24,430] {logging_mixin.py:109} INFO - [2022-05-21 10:34:24,430] {providers_manager.py:156} WARNING - Exception when importing 'airflow.providers.google.leveldb.hooks.leveldb.LevelDBHook' from 'apache-airflow-providers-google' package: No module named 'plyvel'
[2022-05-21 10:34:24,453] {logging_mixin.py:109} INFO - [2022-05-21 10:34:24,453] {manager.py:496} INFO - Created Permission View: can edit on DAG:example_external_task_marker_parent
[2022-05-21 10:34:24,462] {logging_mixin.py:109} INFO - [2022-05-21 10:34:24,462] {manager.py:496} INFO - Created Permission View: can read on DAG:example_external_task_marker_parent
[2022-05-21 10:34:24,481] {logging_mixin.py:109} INFO - [2022-05-21 10:34:24,481] {manager.py:496} INFO - Created Permission View: can edit on DAG:example_external_task_marker_child
[2022-05-21 10:34:24,491] {logging_mixin.py:109} INFO - [2022-05-21 10:34:24,490] {manager.py:496} INFO - Created Permission View: can read on DAG:example_external_task_marker_child
[2022-05-21 10:34:24,492] {logging_mixin.py:109} INFO - [2022-05-21 10:34:24,492] {dag.py:2389} INFO - Sync 2 DAGs
[2022-05-21 10:34:24,500] {logging_mixin.py:109} INFO - [2022-05-21 10:34:24,499] {dag.py:2408} INFO - Creating ORM DAG for example_external_task_marker_child
[2022-05-21 10:34:24,501] {logging_mixin.py:109} INFO - [2022-05-21 10:34:24,501] {dag.py:2408} INFO - Creating ORM DAG for example_external_task_marker_parent
[2022-05-21 10:34:24,511] {logging_mixin.py:109} INFO - [2022-05-21 10:34:24,511] {dag.py:2921} INFO - Setting next_dagrun for example_external_task_marker_child to None
[2022-05-21 10:34:24,512] {logging_mixin.py:109} INFO - [2022-05-21 10:34:24,512] {dag.py:2921} INFO - Setting next_dagrun for example_external_task_marker_parent to None
[2022-05-21 10:34:24,543] {processor.py:171} INFO - Processing /home/airflow/.local/lib/python3.7/site-packages/airflow/example_dags/example_external_task_marker_dag.py took 2.222 seconds
[2022-05-21 10:34:55,564] {processor.py:163} INFO - Started process (PID=257) to work on /home/airflow/.local/lib/python3.7/site-packages/airflow/example_dags/example_external_task_marker_dag.py
[2022-05-21 10:34:55,566] {processor.py:620} INFO - Processing file /home/airflow/.local/lib/python3.7/site-packages/airflow/example_dags/example_external_task_marker_dag.py for tasks to queue
[2022-05-21 10:34:55,567] {logging_mixin.py:109} INFO - [2022-05-21 10:34:55,567] {dagbag.py:500} INFO - Filling up the DagBag from /home/airflow/.local/lib/python3.7/site-packages/airflow/example_dags/example_external_task_marker_dag.py
[2022-05-21 10:34:55,595] {processor.py:632} INFO - DAG(s) dict_keys(['example_external_task_marker_parent', 'example_external_task_marker_child']) retrieved from /home/airflow/.local/lib/python3.7/site-packages/airflow/example_dags/example_external_task_marker_dag.py
[2022-05-21 10:34:55,609] {logging_mixin.py:109} INFO - [2022-05-21 10:34:55,609] {dag.py:2389} INFO - Sync 2 DAGs
[2022-05-21 10:34:55,625] {logging_mixin.py:109} INFO - [2022-05-21 10:34:55,625] {dag.py:2921} INFO - Setting next_dagrun for example_external_task_marker_child to None
[2022-05-21 10:34:55,627] {logging_mixin.py:109} INFO - [2022-05-21 10:34:55,626] {dag.py:2921} INFO - Setting next_dagrun for example_external_task_marker_parent to None
[2022-05-21 10:34:55,636] {processor.py:171} INFO - Processing /home/airflow/.local/lib/python3.7/site-packages/airflow/example_dags/example_external_task_marker_dag.py took 0.076 seconds
[2022-05-21 10:35:26,218] {processor.py:163} INFO - Started process (PID=319) to work on /home/airflow/.local/lib/python3.7/site-packages/airflow/example_dags/example_external_task_marker_dag.py
[2022-05-21 10:35:26,219] {processor.py:620} INFO - Processing file /home/airflow/.local/lib/python3.7/site-packages/airflow/example_dags/example_external_task_marker_dag.py for tasks to queue
[2022-05-21 10:35:26,220] {logging_mixin.py:109} INFO - [2022-05-21 10:35:26,220] {dagbag.py:500} INFO - Filling up the DagBag from /home/airflow/.local/lib/python3.7/site-packages/airflow/example_dags/example_external_task_marker_dag.py
[2022-05-21 10:35:26,248] {processor.py:632} INFO - DAG(s) dict_keys(['example_external_task_marker_parent', 'example_external_task_marker_child']) retrieved from /home/airflow/.local/lib/python3.7/site-packages/airflow/example_dags/example_external_task_marker_dag.py
[2022-05-21 10:35:26,261] {logging_mixin.py:109} INFO - [2022-05-21 10:35:26,261] {dag.py:2389} INFO - Sync 2 DAGs
[2022-05-21 10:35:26,276] {logging_mixin.py:109} INFO - [2022-05-21 10:35:26,276] {dag.py:2921} INFO - Setting next_dagrun for example_external_task_marker_child to None
[2022-05-21 10:35:26,277] {logging_mixin.py:109} INFO - [2022-05-21 10:35:26,277] {dag.py:2921} INFO - Setting next_dagrun for example_external_task_marker_parent to None
[2022-05-21 10:35:26,286] {processor.py:171} INFO - Processing /home/airflow/.local/lib/python3.7/site-packages/airflow/example_dags/example_external_task_marker_dag.py took 0.072 seconds
[2022-05-21 10:35:56,332] {processor.py:163} INFO - Started process (PID=371) to work on /home/airflow/.local/lib/python3.7/site-packages/airflow/example_dags/example_external_task_marker_dag.py
[2022-05-21 10:35:56,334] {processor.py:620} INFO - Processing file /home/airflow/.local/lib/python3.7/site-packages/airflow/example_dags/example_external_task_marker_dag.py for tasks to queue
[2022-05-21 10:35:56,335] {logging_mixin.py:109} INFO - [2022-05-21 10:35:56,335] {dagbag.py:500} INFO - Filling up the DagBag from /home/airflow/.local/lib/python3.7/site-packages/airflow/example_dags/example_external_task_marker_dag.py
[2022-05-21 10:35:56,374] {processor.py:632} INFO - DAG(s) dict_keys(['example_external_task_marker_parent', 'example_external_task_marker_child']) retrieved from /home/airflow/.local/lib/python3.7/site-packages/airflow/example_dags/example_external_task_marker_dag.py
[2022-05-21 10:35:56,396] {logging_mixin.py:109} INFO - [2022-05-21 10:35:56,396] {dag.py:2389} INFO - Sync 2 DAGs
[2022-05-21 10:35:56,421] {logging_mixin.py:109} INFO - [2022-05-21 10:35:56,421] {dag.py:2921} INFO - Setting next_dagrun for example_external_task_marker_child to None
[2022-05-21 10:35:56,425] {logging_mixin.py:109} INFO - [2022-05-21 10:35:56,424] {dag.py:2921} INFO - Setting next_dagrun for example_external_task_marker_parent to None
[2022-05-21 10:35:56,443] {processor.py:171} INFO - Processing /home/airflow/.local/lib/python3.7/site-packages/airflow/example_dags/example_external_task_marker_dag.py took 0.115 seconds
