[2022-05-21 10:33:54,283] {processor.py:163} INFO - Started process (PID=42) to work on /home/airflow/.local/lib/python3.7/site-packages/airflow/example_dags/example_short_circuit_operator.py
[2022-05-21 10:33:54,285] {processor.py:620} INFO - Processing file /home/airflow/.local/lib/python3.7/site-packages/airflow/example_dags/example_short_circuit_operator.py for tasks to queue
[2022-05-21 10:33:54,290] {logging_mixin.py:109} INFO - [2022-05-21 10:33:54,289] {dagbag.py:500} INFO - Filling up the DagBag from /home/airflow/.local/lib/python3.7/site-packages/airflow/example_dags/example_short_circuit_operator.py
[2022-05-21 10:33:54,331] {processor.py:632} INFO - DAG(s) dict_keys(['example_short_circuit_operator']) retrieved from /home/airflow/.local/lib/python3.7/site-packages/airflow/example_dags/example_short_circuit_operator.py
[2022-05-21 10:33:58,563] {logging_mixin.py:109} INFO - [2022-05-21 10:33:58,563] {providers_manager.py:156} WARNING - Exception when importing 'airflow.providers.google.leveldb.hooks.leveldb.LevelDBHook' from 'apache-airflow-providers-google' package: No module named 'plyvel'
[2022-05-21 10:33:59,866] {logging_mixin.py:109} INFO - [2022-05-21 10:33:59,866] {providers_manager.py:156} WARNING - Exception when importing 'airflow.providers.google.leveldb.hooks.leveldb.LevelDBHook' from 'apache-airflow-providers-google' package: No module named 'plyvel'
[2022-05-21 10:33:59,889] {logging_mixin.py:109} INFO - [2022-05-21 10:33:59,889] {manager.py:496} INFO - Created Permission View: can edit on DAG:example_short_circuit_operator
[2022-05-21 10:33:59,898] {logging_mixin.py:109} INFO - [2022-05-21 10:33:59,898] {manager.py:496} INFO - Created Permission View: can read on DAG:example_short_circuit_operator
[2022-05-21 10:33:59,899] {logging_mixin.py:109} INFO - [2022-05-21 10:33:59,899] {dag.py:2389} INFO - Sync 1 DAGs
[2022-05-21 10:33:59,907] {logging_mixin.py:109} INFO - [2022-05-21 10:33:59,907] {dag.py:2408} INFO - Creating ORM DAG for example_short_circuit_operator
[2022-05-21 10:33:59,921] {logging_mixin.py:109} INFO - [2022-05-21 10:33:59,921] {dag.py:2921} INFO - Setting next_dagrun for example_short_circuit_operator to 2022-05-20T10:33:59.920843+00:00
[2022-05-21 10:33:59,936] {processor.py:171} INFO - Processing /home/airflow/.local/lib/python3.7/site-packages/airflow/example_dags/example_short_circuit_operator.py took 5.658 seconds
[2022-05-21 10:34:35,444] {processor.py:163} INFO - Started process (PID=225) to work on /home/airflow/.local/lib/python3.7/site-packages/airflow/example_dags/example_short_circuit_operator.py
[2022-05-21 10:34:35,446] {processor.py:620} INFO - Processing file /home/airflow/.local/lib/python3.7/site-packages/airflow/example_dags/example_short_circuit_operator.py for tasks to queue
[2022-05-21 10:34:35,447] {logging_mixin.py:109} INFO - [2022-05-21 10:34:35,447] {dagbag.py:500} INFO - Filling up the DagBag from /home/airflow/.local/lib/python3.7/site-packages/airflow/example_dags/example_short_circuit_operator.py
[2022-05-21 10:34:35,471] {processor.py:632} INFO - DAG(s) dict_keys(['example_short_circuit_operator']) retrieved from /home/airflow/.local/lib/python3.7/site-packages/airflow/example_dags/example_short_circuit_operator.py
[2022-05-21 10:34:35,488] {logging_mixin.py:109} INFO - [2022-05-21 10:34:35,488] {dag.py:2389} INFO - Sync 1 DAGs
[2022-05-21 10:34:35,558] {logging_mixin.py:109} INFO - [2022-05-21 10:34:35,558] {dag.py:2921} INFO - Setting next_dagrun for example_short_circuit_operator to 2022-05-20T10:34:35.558602+00:00
[2022-05-21 10:34:35,566] {processor.py:171} INFO - Processing /home/airflow/.local/lib/python3.7/site-packages/airflow/example_dags/example_short_circuit_operator.py took 0.125 seconds
[2022-05-21 10:35:05,706] {processor.py:163} INFO - Started process (PID=281) to work on /home/airflow/.local/lib/python3.7/site-packages/airflow/example_dags/example_short_circuit_operator.py
[2022-05-21 10:35:05,709] {processor.py:620} INFO - Processing file /home/airflow/.local/lib/python3.7/site-packages/airflow/example_dags/example_short_circuit_operator.py for tasks to queue
[2022-05-21 10:35:05,735] {logging_mixin.py:109} INFO - [2022-05-21 10:35:05,735] {dagbag.py:500} INFO - Filling up the DagBag from /home/airflow/.local/lib/python3.7/site-packages/airflow/example_dags/example_short_circuit_operator.py
[2022-05-21 10:35:05,771] {processor.py:632} INFO - DAG(s) dict_keys(['example_short_circuit_operator']) retrieved from /home/airflow/.local/lib/python3.7/site-packages/airflow/example_dags/example_short_circuit_operator.py
[2022-05-21 10:35:05,782] {logging_mixin.py:109} INFO - [2022-05-21 10:35:05,782] {dag.py:2389} INFO - Sync 1 DAGs
[2022-05-21 10:35:05,799] {logging_mixin.py:109} INFO - [2022-05-21 10:35:05,798] {dag.py:2921} INFO - Setting next_dagrun for example_short_circuit_operator to 2022-05-20T10:35:05.798246+00:00
[2022-05-21 10:35:05,808] {processor.py:171} INFO - Processing /home/airflow/.local/lib/python3.7/site-packages/airflow/example_dags/example_short_circuit_operator.py took 0.105 seconds
[2022-05-21 10:35:35,921] {processor.py:163} INFO - Started process (PID=339) to work on /home/airflow/.local/lib/python3.7/site-packages/airflow/example_dags/example_short_circuit_operator.py
[2022-05-21 10:35:35,923] {processor.py:620} INFO - Processing file /home/airflow/.local/lib/python3.7/site-packages/airflow/example_dags/example_short_circuit_operator.py for tasks to queue
[2022-05-21 10:35:35,924] {logging_mixin.py:109} INFO - [2022-05-21 10:35:35,924] {dagbag.py:500} INFO - Filling up the DagBag from /home/airflow/.local/lib/python3.7/site-packages/airflow/example_dags/example_short_circuit_operator.py
[2022-05-21 10:35:35,957] {processor.py:632} INFO - DAG(s) dict_keys(['example_short_circuit_operator']) retrieved from /home/airflow/.local/lib/python3.7/site-packages/airflow/example_dags/example_short_circuit_operator.py
[2022-05-21 10:35:35,970] {logging_mixin.py:109} INFO - [2022-05-21 10:35:35,970] {dag.py:2389} INFO - Sync 1 DAGs
[2022-05-21 10:35:35,986] {logging_mixin.py:109} INFO - [2022-05-21 10:35:35,986] {dag.py:2921} INFO - Setting next_dagrun for example_short_circuit_operator to 2022-05-20T10:35:35.986302+00:00
[2022-05-21 10:35:35,996] {processor.py:171} INFO - Processing /home/airflow/.local/lib/python3.7/site-packages/airflow/example_dags/example_short_circuit_operator.py took 0.079 seconds
[2022-05-21 10:36:06,753] {processor.py:163} INFO - Started process (PID=391) to work on /home/airflow/.local/lib/python3.7/site-packages/airflow/example_dags/example_short_circuit_operator.py
[2022-05-21 10:36:06,755] {processor.py:620} INFO - Processing file /home/airflow/.local/lib/python3.7/site-packages/airflow/example_dags/example_short_circuit_operator.py for tasks to queue
[2022-05-21 10:36:06,756] {logging_mixin.py:109} INFO - [2022-05-21 10:36:06,756] {dagbag.py:500} INFO - Filling up the DagBag from /home/airflow/.local/lib/python3.7/site-packages/airflow/example_dags/example_short_circuit_operator.py
[2022-05-21 10:36:06,787] {processor.py:632} INFO - DAG(s) dict_keys(['example_short_circuit_operator']) retrieved from /home/airflow/.local/lib/python3.7/site-packages/airflow/example_dags/example_short_circuit_operator.py
[2022-05-21 10:36:06,797] {logging_mixin.py:109} INFO - [2022-05-21 10:36:06,797] {dag.py:2389} INFO - Sync 1 DAGs
[2022-05-21 10:36:06,815] {logging_mixin.py:109} INFO - [2022-05-21 10:36:06,815] {dag.py:2921} INFO - Setting next_dagrun for example_short_circuit_operator to 2022-05-20T10:36:06.815223+00:00
[2022-05-21 10:36:06,824] {processor.py:171} INFO - Processing /home/airflow/.local/lib/python3.7/site-packages/airflow/example_dags/example_short_circuit_operator.py took 0.075 seconds
