[2022-05-21 10:34:28,328] {processor.py:163} INFO - Started process (PID=180) to work on /home/airflow/.local/lib/python3.7/site-packages/airflow/example_dags/example_skip_dag.py
[2022-05-21 10:34:28,330] {processor.py:620} INFO - Processing file /home/airflow/.local/lib/python3.7/site-packages/airflow/example_dags/example_skip_dag.py for tasks to queue
[2022-05-21 10:34:28,332] {logging_mixin.py:109} INFO - [2022-05-21 10:34:28,331] {dagbag.py:500} INFO - Filling up the DagBag from /home/airflow/.local/lib/python3.7/site-packages/airflow/example_dags/example_skip_dag.py
[2022-05-21 10:34:28,368] {processor.py:632} INFO - DAG(s) dict_keys(['example_skip_dag']) retrieved from /home/airflow/.local/lib/python3.7/site-packages/airflow/example_dags/example_skip_dag.py
[2022-05-21 10:34:29,886] {logging_mixin.py:109} INFO - [2022-05-21 10:34:29,886] {providers_manager.py:156} WARNING - Exception when importing 'airflow.providers.google.leveldb.hooks.leveldb.LevelDBHook' from 'apache-airflow-providers-google' package: No module named 'plyvel'
[2022-05-21 10:34:30,285] {logging_mixin.py:109} INFO - [2022-05-21 10:34:30,285] {providers_manager.py:156} WARNING - Exception when importing 'airflow.providers.google.leveldb.hooks.leveldb.LevelDBHook' from 'apache-airflow-providers-google' package: No module named 'plyvel'
[2022-05-21 10:34:30,303] {logging_mixin.py:109} INFO - [2022-05-21 10:34:30,302] {manager.py:496} INFO - Created Permission View: can edit on DAG:example_skip_dag
[2022-05-21 10:34:30,310] {logging_mixin.py:109} INFO - [2022-05-21 10:34:30,310] {manager.py:496} INFO - Created Permission View: can read on DAG:example_skip_dag
[2022-05-21 10:34:30,311] {logging_mixin.py:109} INFO - [2022-05-21 10:34:30,311] {dag.py:2389} INFO - Sync 1 DAGs
[2022-05-21 10:34:30,317] {logging_mixin.py:109} INFO - [2022-05-21 10:34:30,317] {dag.py:2408} INFO - Creating ORM DAG for example_skip_dag
[2022-05-21 10:34:30,325] {logging_mixin.py:109} INFO - [2022-05-21 10:34:30,325] {dag.py:2921} INFO - Setting next_dagrun for example_skip_dag to 2022-05-20T10:34:30.325312+00:00
[2022-05-21 10:34:30,336] {processor.py:171} INFO - Processing /home/airflow/.local/lib/python3.7/site-packages/airflow/example_dags/example_skip_dag.py took 2.013 seconds
[2022-05-21 10:35:01,071] {processor.py:163} INFO - Started process (PID=272) to work on /home/airflow/.local/lib/python3.7/site-packages/airflow/example_dags/example_skip_dag.py
[2022-05-21 10:35:01,073] {processor.py:620} INFO - Processing file /home/airflow/.local/lib/python3.7/site-packages/airflow/example_dags/example_skip_dag.py for tasks to queue
[2022-05-21 10:35:01,078] {logging_mixin.py:109} INFO - [2022-05-21 10:35:01,077] {dagbag.py:500} INFO - Filling up the DagBag from /home/airflow/.local/lib/python3.7/site-packages/airflow/example_dags/example_skip_dag.py
[2022-05-21 10:35:01,136] {processor.py:632} INFO - DAG(s) dict_keys(['example_skip_dag']) retrieved from /home/airflow/.local/lib/python3.7/site-packages/airflow/example_dags/example_skip_dag.py
[2022-05-21 10:35:01,157] {logging_mixin.py:109} INFO - [2022-05-21 10:35:01,157] {dag.py:2389} INFO - Sync 1 DAGs
[2022-05-21 10:35:01,178] {logging_mixin.py:109} INFO - [2022-05-21 10:35:01,178] {dag.py:2921} INFO - Setting next_dagrun for example_skip_dag to 2022-05-20T10:35:01.178040+00:00
[2022-05-21 10:35:01,188] {processor.py:171} INFO - Processing /home/airflow/.local/lib/python3.7/site-packages/airflow/example_dags/example_skip_dag.py took 0.123 seconds
[2022-05-21 10:35:31,471] {processor.py:163} INFO - Started process (PID=324) to work on /home/airflow/.local/lib/python3.7/site-packages/airflow/example_dags/example_skip_dag.py
[2022-05-21 10:35:31,472] {processor.py:620} INFO - Processing file /home/airflow/.local/lib/python3.7/site-packages/airflow/example_dags/example_skip_dag.py for tasks to queue
[2022-05-21 10:35:31,474] {logging_mixin.py:109} INFO - [2022-05-21 10:35:31,474] {dagbag.py:500} INFO - Filling up the DagBag from /home/airflow/.local/lib/python3.7/site-packages/airflow/example_dags/example_skip_dag.py
[2022-05-21 10:35:31,498] {processor.py:632} INFO - DAG(s) dict_keys(['example_skip_dag']) retrieved from /home/airflow/.local/lib/python3.7/site-packages/airflow/example_dags/example_skip_dag.py
[2022-05-21 10:35:31,509] {logging_mixin.py:109} INFO - [2022-05-21 10:35:31,509] {dag.py:2389} INFO - Sync 1 DAGs
[2022-05-21 10:35:31,524] {logging_mixin.py:109} INFO - [2022-05-21 10:35:31,524] {dag.py:2921} INFO - Setting next_dagrun for example_skip_dag to 2022-05-20T10:35:31.524207+00:00
[2022-05-21 10:35:31,534] {processor.py:171} INFO - Processing /home/airflow/.local/lib/python3.7/site-packages/airflow/example_dags/example_skip_dag.py took 0.067 seconds
[2022-05-21 10:36:01,637] {processor.py:163} INFO - Started process (PID=386) to work on /home/airflow/.local/lib/python3.7/site-packages/airflow/example_dags/example_skip_dag.py
[2022-05-21 10:36:01,639] {processor.py:620} INFO - Processing file /home/airflow/.local/lib/python3.7/site-packages/airflow/example_dags/example_skip_dag.py for tasks to queue
[2022-05-21 10:36:01,640] {logging_mixin.py:109} INFO - [2022-05-21 10:36:01,640] {dagbag.py:500} INFO - Filling up the DagBag from /home/airflow/.local/lib/python3.7/site-packages/airflow/example_dags/example_skip_dag.py
[2022-05-21 10:36:01,669] {processor.py:632} INFO - DAG(s) dict_keys(['example_skip_dag']) retrieved from /home/airflow/.local/lib/python3.7/site-packages/airflow/example_dags/example_skip_dag.py
[2022-05-21 10:36:01,680] {logging_mixin.py:109} INFO - [2022-05-21 10:36:01,680] {dag.py:2389} INFO - Sync 1 DAGs
[2022-05-21 10:36:01,696] {logging_mixin.py:109} INFO - [2022-05-21 10:36:01,696] {dag.py:2921} INFO - Setting next_dagrun for example_skip_dag to 2022-05-20T10:36:01.696507+00:00
[2022-05-21 10:36:01,705] {processor.py:171} INFO - Processing /home/airflow/.local/lib/python3.7/site-packages/airflow/example_dags/example_skip_dag.py took 0.072 seconds
