[2022-05-21 10:34:11,577] {processor.py:163} INFO - Started process (PID=91) to work on /home/airflow/.local/lib/python3.7/site-packages/airflow/example_dags/example_task_group.py
[2022-05-21 10:34:11,578] {processor.py:620} INFO - Processing file /home/airflow/.local/lib/python3.7/site-packages/airflow/example_dags/example_task_group.py for tasks to queue
[2022-05-21 10:34:11,579] {logging_mixin.py:109} INFO - [2022-05-21 10:34:11,579] {dagbag.py:500} INFO - Filling up the DagBag from /home/airflow/.local/lib/python3.7/site-packages/airflow/example_dags/example_task_group.py
[2022-05-21 10:34:11,608] {processor.py:632} INFO - DAG(s) dict_keys(['example_task_group']) retrieved from /home/airflow/.local/lib/python3.7/site-packages/airflow/example_dags/example_task_group.py
[2022-05-21 10:34:12,998] {logging_mixin.py:109} INFO - [2022-05-21 10:34:12,998] {providers_manager.py:156} WARNING - Exception when importing 'airflow.providers.google.leveldb.hooks.leveldb.LevelDBHook' from 'apache-airflow-providers-google' package: No module named 'plyvel'
[2022-05-21 10:34:13,399] {logging_mixin.py:109} INFO - [2022-05-21 10:34:13,399] {providers_manager.py:156} WARNING - Exception when importing 'airflow.providers.google.leveldb.hooks.leveldb.LevelDBHook' from 'apache-airflow-providers-google' package: No module named 'plyvel'
[2022-05-21 10:34:13,417] {logging_mixin.py:109} INFO - [2022-05-21 10:34:13,417] {manager.py:496} INFO - Created Permission View: can edit on DAG:example_task_group
[2022-05-21 10:34:13,425] {logging_mixin.py:109} INFO - [2022-05-21 10:34:13,425] {manager.py:496} INFO - Created Permission View: can read on DAG:example_task_group
[2022-05-21 10:34:13,426] {logging_mixin.py:109} INFO - [2022-05-21 10:34:13,425] {dag.py:2389} INFO - Sync 1 DAGs
[2022-05-21 10:34:13,432] {logging_mixin.py:109} INFO - [2022-05-21 10:34:13,432] {dag.py:2408} INFO - Creating ORM DAG for example_task_group
[2022-05-21 10:34:13,439] {logging_mixin.py:109} INFO - [2022-05-21 10:34:13,439] {dag.py:2921} INFO - Setting next_dagrun for example_task_group to 2022-05-20T10:34:13.439452+00:00
[2022-05-21 10:34:13,450] {processor.py:171} INFO - Processing /home/airflow/.local/lib/python3.7/site-packages/airflow/example_dags/example_task_group.py took 1.876 seconds
[2022-05-21 10:34:43,862] {processor.py:163} INFO - Started process (PID=244) to work on /home/airflow/.local/lib/python3.7/site-packages/airflow/example_dags/example_task_group.py
[2022-05-21 10:34:43,864] {processor.py:620} INFO - Processing file /home/airflow/.local/lib/python3.7/site-packages/airflow/example_dags/example_task_group.py for tasks to queue
[2022-05-21 10:34:43,865] {logging_mixin.py:109} INFO - [2022-05-21 10:34:43,865] {dagbag.py:500} INFO - Filling up the DagBag from /home/airflow/.local/lib/python3.7/site-packages/airflow/example_dags/example_task_group.py
[2022-05-21 10:34:43,897] {processor.py:632} INFO - DAG(s) dict_keys(['example_task_group']) retrieved from /home/airflow/.local/lib/python3.7/site-packages/airflow/example_dags/example_task_group.py
[2022-05-21 10:34:43,911] {logging_mixin.py:109} INFO - [2022-05-21 10:34:43,911] {dag.py:2389} INFO - Sync 1 DAGs
[2022-05-21 10:34:43,930] {logging_mixin.py:109} INFO - [2022-05-21 10:34:43,930] {dag.py:2921} INFO - Setting next_dagrun for example_task_group to 2022-05-20T10:34:43.929794+00:00
[2022-05-21 10:34:43,942] {processor.py:171} INFO - Processing /home/airflow/.local/lib/python3.7/site-packages/airflow/example_dags/example_task_group.py took 0.084 seconds
[2022-05-21 10:35:14,073] {processor.py:163} INFO - Started process (PID=298) to work on /home/airflow/.local/lib/python3.7/site-packages/airflow/example_dags/example_task_group.py
[2022-05-21 10:35:14,076] {processor.py:620} INFO - Processing file /home/airflow/.local/lib/python3.7/site-packages/airflow/example_dags/example_task_group.py for tasks to queue
[2022-05-21 10:35:14,077] {logging_mixin.py:109} INFO - [2022-05-21 10:35:14,077] {dagbag.py:500} INFO - Filling up the DagBag from /home/airflow/.local/lib/python3.7/site-packages/airflow/example_dags/example_task_group.py
[2022-05-21 10:35:14,108] {processor.py:632} INFO - DAG(s) dict_keys(['example_task_group']) retrieved from /home/airflow/.local/lib/python3.7/site-packages/airflow/example_dags/example_task_group.py
[2022-05-21 10:35:14,122] {logging_mixin.py:109} INFO - [2022-05-21 10:35:14,122] {dag.py:2389} INFO - Sync 1 DAGs
[2022-05-21 10:35:14,138] {logging_mixin.py:109} INFO - [2022-05-21 10:35:14,138] {dag.py:2921} INFO - Setting next_dagrun for example_task_group to 2022-05-20T10:35:14.137962+00:00
[2022-05-21 10:35:14,148] {processor.py:171} INFO - Processing /home/airflow/.local/lib/python3.7/site-packages/airflow/example_dags/example_task_group.py took 0.078 seconds
[2022-05-21 10:35:44,468] {processor.py:163} INFO - Started process (PID=351) to work on /home/airflow/.local/lib/python3.7/site-packages/airflow/example_dags/example_task_group.py
[2022-05-21 10:35:44,470] {processor.py:620} INFO - Processing file /home/airflow/.local/lib/python3.7/site-packages/airflow/example_dags/example_task_group.py for tasks to queue
[2022-05-21 10:35:44,472] {logging_mixin.py:109} INFO - [2022-05-21 10:35:44,472] {dagbag.py:500} INFO - Filling up the DagBag from /home/airflow/.local/lib/python3.7/site-packages/airflow/example_dags/example_task_group.py
[2022-05-21 10:35:44,504] {processor.py:632} INFO - DAG(s) dict_keys(['example_task_group']) retrieved from /home/airflow/.local/lib/python3.7/site-packages/airflow/example_dags/example_task_group.py
[2022-05-21 10:35:44,517] {logging_mixin.py:109} INFO - [2022-05-21 10:35:44,516] {dag.py:2389} INFO - Sync 1 DAGs
[2022-05-21 10:35:44,535] {logging_mixin.py:109} INFO - [2022-05-21 10:35:44,535] {dag.py:2921} INFO - Setting next_dagrun for example_task_group to 2022-05-20T10:35:44.534726+00:00
[2022-05-21 10:35:44,546] {processor.py:171} INFO - Processing /home/airflow/.local/lib/python3.7/site-packages/airflow/example_dags/example_task_group.py took 0.081 seconds
[2022-05-21 10:36:14,698] {processor.py:163} INFO - Started process (PID=413) to work on /home/airflow/.local/lib/python3.7/site-packages/airflow/example_dags/example_task_group.py
[2022-05-21 10:36:14,700] {processor.py:620} INFO - Processing file /home/airflow/.local/lib/python3.7/site-packages/airflow/example_dags/example_task_group.py for tasks to queue
[2022-05-21 10:36:14,701] {logging_mixin.py:109} INFO - [2022-05-21 10:36:14,701] {dagbag.py:500} INFO - Filling up the DagBag from /home/airflow/.local/lib/python3.7/site-packages/airflow/example_dags/example_task_group.py
[2022-05-21 10:36:14,731] {processor.py:632} INFO - DAG(s) dict_keys(['example_task_group']) retrieved from /home/airflow/.local/lib/python3.7/site-packages/airflow/example_dags/example_task_group.py
[2022-05-21 10:36:14,742] {logging_mixin.py:109} INFO - [2022-05-21 10:36:14,742] {dag.py:2389} INFO - Sync 1 DAGs
[2022-05-21 10:36:14,757] {logging_mixin.py:109} INFO - [2022-05-21 10:36:14,757] {dag.py:2921} INFO - Setting next_dagrun for example_task_group to 2022-05-20T10:36:14.757584+00:00
[2022-05-21 10:36:14,766] {processor.py:171} INFO - Processing /home/airflow/.local/lib/python3.7/site-packages/airflow/example_dags/example_task_group.py took 0.072 seconds
