[2022-05-21 10:34:24,609] {processor.py:163} INFO - Started process (PID=161) to work on /home/airflow/.local/lib/python3.7/site-packages/airflow/example_dags/example_branch_python_dop_operator_3.py
[2022-05-21 10:34:24,614] {processor.py:620} INFO - Processing file /home/airflow/.local/lib/python3.7/site-packages/airflow/example_dags/example_branch_python_dop_operator_3.py for tasks to queue
[2022-05-21 10:34:24,622] {logging_mixin.py:109} INFO - [2022-05-21 10:34:24,621] {dagbag.py:500} INFO - Filling up the DagBag from /home/airflow/.local/lib/python3.7/site-packages/airflow/example_dags/example_branch_python_dop_operator_3.py
[2022-05-21 10:34:24,663] {processor.py:632} INFO - DAG(s) dict_keys(['example_branch_dop_operator_v3']) retrieved from /home/airflow/.local/lib/python3.7/site-packages/airflow/example_dags/example_branch_python_dop_operator_3.py
[2022-05-21 10:34:26,346] {logging_mixin.py:109} INFO - [2022-05-21 10:34:26,346] {providers_manager.py:156} WARNING - Exception when importing 'airflow.providers.google.leveldb.hooks.leveldb.LevelDBHook' from 'apache-airflow-providers-google' package: No module named 'plyvel'
[2022-05-21 10:34:26,746] {logging_mixin.py:109} INFO - [2022-05-21 10:34:26,746] {providers_manager.py:156} WARNING - Exception when importing 'airflow.providers.google.leveldb.hooks.leveldb.LevelDBHook' from 'apache-airflow-providers-google' package: No module named 'plyvel'
[2022-05-21 10:34:26,765] {logging_mixin.py:109} INFO - [2022-05-21 10:34:26,765] {manager.py:496} INFO - Created Permission View: can edit on DAG:example_branch_dop_operator_v3
[2022-05-21 10:34:26,775] {logging_mixin.py:109} INFO - [2022-05-21 10:34:26,775] {manager.py:496} INFO - Created Permission View: can read on DAG:example_branch_dop_operator_v3
[2022-05-21 10:34:26,776] {logging_mixin.py:109} INFO - [2022-05-21 10:34:26,776] {dag.py:2389} INFO - Sync 1 DAGs
[2022-05-21 10:34:26,786] {logging_mixin.py:109} INFO - [2022-05-21 10:34:26,785] {dag.py:2408} INFO - Creating ORM DAG for example_branch_dop_operator_v3
[2022-05-21 10:34:26,799] {logging_mixin.py:109} INFO - [2022-05-21 10:34:26,799] {dag.py:2921} INFO - Setting next_dagrun for example_branch_dop_operator_v3 to 2022-05-21T10:33:00+00:00
[2022-05-21 10:34:26,809] {processor.py:171} INFO - Processing /home/airflow/.local/lib/python3.7/site-packages/airflow/example_dags/example_branch_python_dop_operator_3.py took 2.204 seconds
[2022-05-21 10:34:57,660] {processor.py:163} INFO - Started process (PID=269) to work on /home/airflow/.local/lib/python3.7/site-packages/airflow/example_dags/example_branch_python_dop_operator_3.py
[2022-05-21 10:34:57,662] {processor.py:620} INFO - Processing file /home/airflow/.local/lib/python3.7/site-packages/airflow/example_dags/example_branch_python_dop_operator_3.py for tasks to queue
[2022-05-21 10:34:57,663] {logging_mixin.py:109} INFO - [2022-05-21 10:34:57,663] {dagbag.py:500} INFO - Filling up the DagBag from /home/airflow/.local/lib/python3.7/site-packages/airflow/example_dags/example_branch_python_dop_operator_3.py
[2022-05-21 10:34:57,692] {processor.py:632} INFO - DAG(s) dict_keys(['example_branch_dop_operator_v3']) retrieved from /home/airflow/.local/lib/python3.7/site-packages/airflow/example_dags/example_branch_python_dop_operator_3.py
[2022-05-21 10:34:57,702] {logging_mixin.py:109} INFO - [2022-05-21 10:34:57,702] {dag.py:2389} INFO - Sync 1 DAGs
[2022-05-21 10:34:57,723] {logging_mixin.py:109} INFO - [2022-05-21 10:34:57,723] {dag.py:2921} INFO - Setting next_dagrun for example_branch_dop_operator_v3 to 2022-05-21T10:33:00+00:00
[2022-05-21 10:34:57,732] {processor.py:171} INFO - Processing /home/airflow/.local/lib/python3.7/site-packages/airflow/example_dags/example_branch_python_dop_operator_3.py took 0.075 seconds
[2022-05-21 10:35:28,313] {processor.py:163} INFO - Started process (PID=321) to work on /home/airflow/.local/lib/python3.7/site-packages/airflow/example_dags/example_branch_python_dop_operator_3.py
[2022-05-21 10:35:28,315] {processor.py:620} INFO - Processing file /home/airflow/.local/lib/python3.7/site-packages/airflow/example_dags/example_branch_python_dop_operator_3.py for tasks to queue
[2022-05-21 10:35:28,317] {logging_mixin.py:109} INFO - [2022-05-21 10:35:28,317] {dagbag.py:500} INFO - Filling up the DagBag from /home/airflow/.local/lib/python3.7/site-packages/airflow/example_dags/example_branch_python_dop_operator_3.py
[2022-05-21 10:35:28,346] {processor.py:632} INFO - DAG(s) dict_keys(['example_branch_dop_operator_v3']) retrieved from /home/airflow/.local/lib/python3.7/site-packages/airflow/example_dags/example_branch_python_dop_operator_3.py
[2022-05-21 10:35:28,358] {logging_mixin.py:109} INFO - [2022-05-21 10:35:28,358] {dag.py:2389} INFO - Sync 1 DAGs
[2022-05-21 10:35:28,381] {logging_mixin.py:109} INFO - [2022-05-21 10:35:28,381] {dag.py:2921} INFO - Setting next_dagrun for example_branch_dop_operator_v3 to 2022-05-21T10:34:00+00:00
[2022-05-21 10:35:28,393] {processor.py:171} INFO - Processing /home/airflow/.local/lib/python3.7/site-packages/airflow/example_dags/example_branch_python_dop_operator_3.py took 0.084 seconds
[2022-05-21 10:35:58,474] {processor.py:163} INFO - Started process (PID=381) to work on /home/airflow/.local/lib/python3.7/site-packages/airflow/example_dags/example_branch_python_dop_operator_3.py
[2022-05-21 10:35:58,476] {processor.py:620} INFO - Processing file /home/airflow/.local/lib/python3.7/site-packages/airflow/example_dags/example_branch_python_dop_operator_3.py for tasks to queue
[2022-05-21 10:35:58,477] {logging_mixin.py:109} INFO - [2022-05-21 10:35:58,477] {dagbag.py:500} INFO - Filling up the DagBag from /home/airflow/.local/lib/python3.7/site-packages/airflow/example_dags/example_branch_python_dop_operator_3.py
[2022-05-21 10:35:58,510] {processor.py:632} INFO - DAG(s) dict_keys(['example_branch_dop_operator_v3']) retrieved from /home/airflow/.local/lib/python3.7/site-packages/airflow/example_dags/example_branch_python_dop_operator_3.py
[2022-05-21 10:35:58,523] {logging_mixin.py:109} INFO - [2022-05-21 10:35:58,523] {dag.py:2389} INFO - Sync 1 DAGs
[2022-05-21 10:35:58,547] {logging_mixin.py:109} INFO - [2022-05-21 10:35:58,547] {dag.py:2921} INFO - Setting next_dagrun for example_branch_dop_operator_v3 to 2022-05-21T10:34:00+00:00
[2022-05-21 10:35:58,558] {processor.py:171} INFO - Processing /home/airflow/.local/lib/python3.7/site-packages/airflow/example_dags/example_branch_python_dop_operator_3.py took 0.086 seconds
