[2022-05-21 10:34:00,024] {processor.py:163} INFO - Started process (PID=51) to work on /home/airflow/.local/lib/python3.7/site-packages/airflow/example_dags/example_branch_labels.py
[2022-05-21 10:34:00,027] {processor.py:620} INFO - Processing file /home/airflow/.local/lib/python3.7/site-packages/airflow/example_dags/example_branch_labels.py for tasks to queue
[2022-05-21 10:34:00,029] {logging_mixin.py:109} INFO - [2022-05-21 10:34:00,028] {dagbag.py:500} INFO - Filling up the DagBag from /home/airflow/.local/lib/python3.7/site-packages/airflow/example_dags/example_branch_labels.py
[2022-05-21 10:34:00,078] {processor.py:632} INFO - DAG(s) dict_keys(['example_branch_labels']) retrieved from /home/airflow/.local/lib/python3.7/site-packages/airflow/example_dags/example_branch_labels.py
[2022-05-21 10:34:03,351] {logging_mixin.py:109} INFO - [2022-05-21 10:34:03,351] {providers_manager.py:156} WARNING - Exception when importing 'airflow.providers.google.leveldb.hooks.leveldb.LevelDBHook' from 'apache-airflow-providers-google' package: No module named 'plyvel'
[2022-05-21 10:34:04,197] {logging_mixin.py:109} INFO - [2022-05-21 10:34:04,196] {providers_manager.py:156} WARNING - Exception when importing 'airflow.providers.google.leveldb.hooks.leveldb.LevelDBHook' from 'apache-airflow-providers-google' package: No module named 'plyvel'
[2022-05-21 10:34:04,257] {logging_mixin.py:109} INFO - [2022-05-21 10:34:04,257] {manager.py:496} INFO - Created Permission View: can edit on DAG:example_branch_labels
[2022-05-21 10:34:04,267] {logging_mixin.py:109} INFO - [2022-05-21 10:34:04,266] {manager.py:496} INFO - Created Permission View: can read on DAG:example_branch_labels
[2022-05-21 10:34:04,268] {logging_mixin.py:109} INFO - [2022-05-21 10:34:04,267] {dag.py:2389} INFO - Sync 1 DAGs
[2022-05-21 10:34:04,281] {logging_mixin.py:109} INFO - [2022-05-21 10:34:04,281] {dag.py:2408} INFO - Creating ORM DAG for example_branch_labels
[2022-05-21 10:34:04,299] {logging_mixin.py:109} INFO - [2022-05-21 10:34:04,299] {dag.py:2921} INFO - Setting next_dagrun for example_branch_labels to 2022-05-20 00:00:00+00:00
[2022-05-21 10:34:04,331] {processor.py:171} INFO - Processing /home/airflow/.local/lib/python3.7/site-packages/airflow/example_dags/example_branch_labels.py took 4.310 seconds
[2022-05-21 10:34:35,589] {processor.py:163} INFO - Started process (PID=229) to work on /home/airflow/.local/lib/python3.7/site-packages/airflow/example_dags/example_branch_labels.py
[2022-05-21 10:34:35,591] {processor.py:620} INFO - Processing file /home/airflow/.local/lib/python3.7/site-packages/airflow/example_dags/example_branch_labels.py for tasks to queue
[2022-05-21 10:34:35,592] {logging_mixin.py:109} INFO - [2022-05-21 10:34:35,592] {dagbag.py:500} INFO - Filling up the DagBag from /home/airflow/.local/lib/python3.7/site-packages/airflow/example_dags/example_branch_labels.py
[2022-05-21 10:34:35,617] {processor.py:632} INFO - DAG(s) dict_keys(['example_branch_labels']) retrieved from /home/airflow/.local/lib/python3.7/site-packages/airflow/example_dags/example_branch_labels.py
[2022-05-21 10:34:35,628] {logging_mixin.py:109} INFO - [2022-05-21 10:34:35,628] {dag.py:2389} INFO - Sync 1 DAGs
[2022-05-21 10:34:35,647] {logging_mixin.py:109} INFO - [2022-05-21 10:34:35,647] {dag.py:2921} INFO - Setting next_dagrun for example_branch_labels to 2022-05-20 00:00:00+00:00
[2022-05-21 10:34:35,656] {processor.py:171} INFO - Processing /home/airflow/.local/lib/python3.7/site-packages/airflow/example_dags/example_branch_labels.py took 0.072 seconds
[2022-05-21 10:35:05,758] {processor.py:163} INFO - Started process (PID=282) to work on /home/airflow/.local/lib/python3.7/site-packages/airflow/example_dags/example_branch_labels.py
[2022-05-21 10:35:05,759] {processor.py:620} INFO - Processing file /home/airflow/.local/lib/python3.7/site-packages/airflow/example_dags/example_branch_labels.py for tasks to queue
[2022-05-21 10:35:05,761] {logging_mixin.py:109} INFO - [2022-05-21 10:35:05,760] {dagbag.py:500} INFO - Filling up the DagBag from /home/airflow/.local/lib/python3.7/site-packages/airflow/example_dags/example_branch_labels.py
[2022-05-21 10:35:05,788] {processor.py:632} INFO - DAG(s) dict_keys(['example_branch_labels']) retrieved from /home/airflow/.local/lib/python3.7/site-packages/airflow/example_dags/example_branch_labels.py
[2022-05-21 10:35:05,798] {logging_mixin.py:109} INFO - [2022-05-21 10:35:05,798] {dag.py:2389} INFO - Sync 1 DAGs
[2022-05-21 10:35:05,816] {logging_mixin.py:109} INFO - [2022-05-21 10:35:05,816] {dag.py:2921} INFO - Setting next_dagrun for example_branch_labels to 2022-05-20 00:00:00+00:00
[2022-05-21 10:35:05,825] {processor.py:171} INFO - Processing /home/airflow/.local/lib/python3.7/site-packages/airflow/example_dags/example_branch_labels.py took 0.071 seconds
[2022-05-21 10:35:36,018] {processor.py:163} INFO - Started process (PID=340) to work on /home/airflow/.local/lib/python3.7/site-packages/airflow/example_dags/example_branch_labels.py
[2022-05-21 10:35:36,020] {processor.py:620} INFO - Processing file /home/airflow/.local/lib/python3.7/site-packages/airflow/example_dags/example_branch_labels.py for tasks to queue
[2022-05-21 10:35:36,021] {logging_mixin.py:109} INFO - [2022-05-21 10:35:36,021] {dagbag.py:500} INFO - Filling up the DagBag from /home/airflow/.local/lib/python3.7/site-packages/airflow/example_dags/example_branch_labels.py
[2022-05-21 10:35:36,049] {processor.py:632} INFO - DAG(s) dict_keys(['example_branch_labels']) retrieved from /home/airflow/.local/lib/python3.7/site-packages/airflow/example_dags/example_branch_labels.py
[2022-05-21 10:35:36,061] {logging_mixin.py:109} INFO - [2022-05-21 10:35:36,060] {dag.py:2389} INFO - Sync 1 DAGs
[2022-05-21 10:35:36,079] {logging_mixin.py:109} INFO - [2022-05-21 10:35:36,079] {dag.py:2921} INFO - Setting next_dagrun for example_branch_labels to 2022-05-20 00:00:00+00:00
[2022-05-21 10:35:36,089] {processor.py:171} INFO - Processing /home/airflow/.local/lib/python3.7/site-packages/airflow/example_dags/example_branch_labels.py took 0.074 seconds
[2022-05-21 10:36:06,848] {processor.py:163} INFO - Started process (PID=392) to work on /home/airflow/.local/lib/python3.7/site-packages/airflow/example_dags/example_branch_labels.py
[2022-05-21 10:36:06,849] {processor.py:620} INFO - Processing file /home/airflow/.local/lib/python3.7/site-packages/airflow/example_dags/example_branch_labels.py for tasks to queue
[2022-05-21 10:36:06,851] {logging_mixin.py:109} INFO - [2022-05-21 10:36:06,851] {dagbag.py:500} INFO - Filling up the DagBag from /home/airflow/.local/lib/python3.7/site-packages/airflow/example_dags/example_branch_labels.py
[2022-05-21 10:36:06,883] {processor.py:632} INFO - DAG(s) dict_keys(['example_branch_labels']) retrieved from /home/airflow/.local/lib/python3.7/site-packages/airflow/example_dags/example_branch_labels.py
[2022-05-21 10:36:06,895] {logging_mixin.py:109} INFO - [2022-05-21 10:36:06,895] {dag.py:2389} INFO - Sync 1 DAGs
[2022-05-21 10:36:06,914] {logging_mixin.py:109} INFO - [2022-05-21 10:36:06,914] {dag.py:2921} INFO - Setting next_dagrun for example_branch_labels to 2022-05-20 00:00:00+00:00
[2022-05-21 10:36:06,924] {processor.py:171} INFO - Processing /home/airflow/.local/lib/python3.7/site-packages/airflow/example_dags/example_branch_labels.py took 0.080 seconds
