[2022-05-21 10:34:19,820] {processor.py:163} INFO - Started process (PID=141) to work on /home/airflow/.local/lib/python3.7/site-packages/airflow/example_dags/example_time_delta_sensor_async.py
[2022-05-21 10:34:19,821] {processor.py:620} INFO - Processing file /home/airflow/.local/lib/python3.7/site-packages/airflow/example_dags/example_time_delta_sensor_async.py for tasks to queue
[2022-05-21 10:34:19,822] {logging_mixin.py:109} INFO - [2022-05-21 10:34:19,822] {dagbag.py:500} INFO - Filling up the DagBag from /home/airflow/.local/lib/python3.7/site-packages/airflow/example_dags/example_time_delta_sensor_async.py
[2022-05-21 10:34:19,850] {processor.py:632} INFO - DAG(s) dict_keys(['example_time_delta_sensor_async']) retrieved from /home/airflow/.local/lib/python3.7/site-packages/airflow/example_dags/example_time_delta_sensor_async.py
[2022-05-21 10:34:21,776] {logging_mixin.py:109} INFO - [2022-05-21 10:34:21,776] {providers_manager.py:156} WARNING - Exception when importing 'airflow.providers.google.leveldb.hooks.leveldb.LevelDBHook' from 'apache-airflow-providers-google' package: No module named 'plyvel'
[2022-05-21 10:34:22,202] {logging_mixin.py:109} INFO - [2022-05-21 10:34:22,202] {providers_manager.py:156} WARNING - Exception when importing 'airflow.providers.google.leveldb.hooks.leveldb.LevelDBHook' from 'apache-airflow-providers-google' package: No module named 'plyvel'
[2022-05-21 10:34:22,223] {logging_mixin.py:109} INFO - [2022-05-21 10:34:22,223] {manager.py:496} INFO - Created Permission View: can edit on DAG:example_time_delta_sensor_async
[2022-05-21 10:34:22,233] {logging_mixin.py:109} INFO - [2022-05-21 10:34:22,233] {manager.py:496} INFO - Created Permission View: can read on DAG:example_time_delta_sensor_async
[2022-05-21 10:34:22,235] {logging_mixin.py:109} INFO - [2022-05-21 10:34:22,234] {dag.py:2389} INFO - Sync 1 DAGs
[2022-05-21 10:34:22,243] {logging_mixin.py:109} INFO - [2022-05-21 10:34:22,243] {dag.py:2408} INFO - Creating ORM DAG for example_time_delta_sensor_async
[2022-05-21 10:34:22,252] {logging_mixin.py:109} INFO - [2022-05-21 10:34:22,252] {dag.py:2921} INFO - Setting next_dagrun for example_time_delta_sensor_async to None
[2022-05-21 10:34:22,267] {processor.py:171} INFO - Processing /home/airflow/.local/lib/python3.7/site-packages/airflow/example_dags/example_time_delta_sensor_async.py took 2.451 seconds
[2022-05-21 10:34:52,451] {processor.py:163} INFO - Started process (PID=255) to work on /home/airflow/.local/lib/python3.7/site-packages/airflow/example_dags/example_time_delta_sensor_async.py
[2022-05-21 10:34:52,452] {processor.py:620} INFO - Processing file /home/airflow/.local/lib/python3.7/site-packages/airflow/example_dags/example_time_delta_sensor_async.py for tasks to queue
[2022-05-21 10:34:52,453] {logging_mixin.py:109} INFO - [2022-05-21 10:34:52,453] {dagbag.py:500} INFO - Filling up the DagBag from /home/airflow/.local/lib/python3.7/site-packages/airflow/example_dags/example_time_delta_sensor_async.py
[2022-05-21 10:34:52,482] {processor.py:632} INFO - DAG(s) dict_keys(['example_time_delta_sensor_async']) retrieved from /home/airflow/.local/lib/python3.7/site-packages/airflow/example_dags/example_time_delta_sensor_async.py
[2022-05-21 10:34:52,493] {logging_mixin.py:109} INFO - [2022-05-21 10:34:52,493] {dag.py:2389} INFO - Sync 1 DAGs
[2022-05-21 10:34:52,509] {logging_mixin.py:109} INFO - [2022-05-21 10:34:52,509] {dag.py:2921} INFO - Setting next_dagrun for example_time_delta_sensor_async to None
[2022-05-21 10:34:52,519] {processor.py:171} INFO - Processing /home/airflow/.local/lib/python3.7/site-packages/airflow/example_dags/example_time_delta_sensor_async.py took 0.072 seconds
[2022-05-21 10:35:23,101] {processor.py:163} INFO - Started process (PID=317) to work on /home/airflow/.local/lib/python3.7/site-packages/airflow/example_dags/example_time_delta_sensor_async.py
[2022-05-21 10:35:23,103] {processor.py:620} INFO - Processing file /home/airflow/.local/lib/python3.7/site-packages/airflow/example_dags/example_time_delta_sensor_async.py for tasks to queue
[2022-05-21 10:35:23,104] {logging_mixin.py:109} INFO - [2022-05-21 10:35:23,104] {dagbag.py:500} INFO - Filling up the DagBag from /home/airflow/.local/lib/python3.7/site-packages/airflow/example_dags/example_time_delta_sensor_async.py
[2022-05-21 10:35:23,133] {processor.py:632} INFO - DAG(s) dict_keys(['example_time_delta_sensor_async']) retrieved from /home/airflow/.local/lib/python3.7/site-packages/airflow/example_dags/example_time_delta_sensor_async.py
[2022-05-21 10:35:23,143] {logging_mixin.py:109} INFO - [2022-05-21 10:35:23,142] {dag.py:2389} INFO - Sync 1 DAGs
[2022-05-21 10:35:23,159] {logging_mixin.py:109} INFO - [2022-05-21 10:35:23,159] {dag.py:2921} INFO - Setting next_dagrun for example_time_delta_sensor_async to None
[2022-05-21 10:35:23,168] {processor.py:171} INFO - Processing /home/airflow/.local/lib/python3.7/site-packages/airflow/example_dags/example_time_delta_sensor_async.py took 0.070 seconds
[2022-05-21 10:35:53,284] {processor.py:163} INFO - Started process (PID=369) to work on /home/airflow/.local/lib/python3.7/site-packages/airflow/example_dags/example_time_delta_sensor_async.py
[2022-05-21 10:35:53,288] {processor.py:620} INFO - Processing file /home/airflow/.local/lib/python3.7/site-packages/airflow/example_dags/example_time_delta_sensor_async.py for tasks to queue
[2022-05-21 10:35:53,290] {logging_mixin.py:109} INFO - [2022-05-21 10:35:53,290] {dagbag.py:500} INFO - Filling up the DagBag from /home/airflow/.local/lib/python3.7/site-packages/airflow/example_dags/example_time_delta_sensor_async.py
[2022-05-21 10:35:53,333] {processor.py:632} INFO - DAG(s) dict_keys(['example_time_delta_sensor_async']) retrieved from /home/airflow/.local/lib/python3.7/site-packages/airflow/example_dags/example_time_delta_sensor_async.py
[2022-05-21 10:35:53,356] {logging_mixin.py:109} INFO - [2022-05-21 10:35:53,355] {dag.py:2389} INFO - Sync 1 DAGs
[2022-05-21 10:35:53,381] {logging_mixin.py:109} INFO - [2022-05-21 10:35:53,381] {dag.py:2921} INFO - Setting next_dagrun for example_time_delta_sensor_async to None
[2022-05-21 10:35:53,397] {processor.py:171} INFO - Processing /home/airflow/.local/lib/python3.7/site-packages/airflow/example_dags/example_time_delta_sensor_async.py took 0.124 seconds
