[2022-05-21 10:34:12,191] {processor.py:163} INFO - Started process (PID=92) to work on /home/airflow/.local/lib/python3.7/site-packages/airflow/example_dags/example_task_group_decorator.py
[2022-05-21 10:34:12,193] {processor.py:620} INFO - Processing file /home/airflow/.local/lib/python3.7/site-packages/airflow/example_dags/example_task_group_decorator.py for tasks to queue
[2022-05-21 10:34:12,194] {logging_mixin.py:109} INFO - [2022-05-21 10:34:12,194] {dagbag.py:500} INFO - Filling up the DagBag from /home/airflow/.local/lib/python3.7/site-packages/airflow/example_dags/example_task_group_decorator.py
[2022-05-21 10:34:12,238] {processor.py:632} INFO - DAG(s) dict_keys(['example_task_group_decorator']) retrieved from /home/airflow/.local/lib/python3.7/site-packages/airflow/example_dags/example_task_group_decorator.py
[2022-05-21 10:34:13,660] {logging_mixin.py:109} INFO - [2022-05-21 10:34:13,660] {providers_manager.py:156} WARNING - Exception when importing 'airflow.providers.google.leveldb.hooks.leveldb.LevelDBHook' from 'apache-airflow-providers-google' package: No module named 'plyvel'
[2022-05-21 10:34:14,026] {logging_mixin.py:109} INFO - [2022-05-21 10:34:14,026] {providers_manager.py:156} WARNING - Exception when importing 'airflow.providers.google.leveldb.hooks.leveldb.LevelDBHook' from 'apache-airflow-providers-google' package: No module named 'plyvel'
[2022-05-21 10:34:14,047] {logging_mixin.py:109} INFO - [2022-05-21 10:34:14,047] {manager.py:496} INFO - Created Permission View: can edit on DAG:example_task_group_decorator
[2022-05-21 10:34:14,055] {logging_mixin.py:109} INFO - [2022-05-21 10:34:14,055] {manager.py:496} INFO - Created Permission View: can read on DAG:example_task_group_decorator
[2022-05-21 10:34:14,056] {logging_mixin.py:109} INFO - [2022-05-21 10:34:14,056] {dag.py:2389} INFO - Sync 1 DAGs
[2022-05-21 10:34:14,063] {logging_mixin.py:109} INFO - [2022-05-21 10:34:14,062] {dag.py:2408} INFO - Creating ORM DAG for example_task_group_decorator
[2022-05-21 10:34:14,071] {logging_mixin.py:109} INFO - [2022-05-21 10:34:14,071] {dag.py:2921} INFO - Setting next_dagrun for example_task_group_decorator to 2022-05-20T10:34:14.070885+00:00
[2022-05-21 10:34:14,082] {processor.py:171} INFO - Processing /home/airflow/.local/lib/python3.7/site-packages/airflow/example_dags/example_task_group_decorator.py took 1.895 seconds
[2022-05-21 10:34:44,904] {processor.py:163} INFO - Started process (PID=247) to work on /home/airflow/.local/lib/python3.7/site-packages/airflow/example_dags/example_task_group_decorator.py
[2022-05-21 10:34:44,906] {processor.py:620} INFO - Processing file /home/airflow/.local/lib/python3.7/site-packages/airflow/example_dags/example_task_group_decorator.py for tasks to queue
[2022-05-21 10:34:44,908] {logging_mixin.py:109} INFO - [2022-05-21 10:34:44,907] {dagbag.py:500} INFO - Filling up the DagBag from /home/airflow/.local/lib/python3.7/site-packages/airflow/example_dags/example_task_group_decorator.py
[2022-05-21 10:34:44,952] {processor.py:632} INFO - DAG(s) dict_keys(['example_task_group_decorator']) retrieved from /home/airflow/.local/lib/python3.7/site-packages/airflow/example_dags/example_task_group_decorator.py
[2022-05-21 10:34:45,202] {logging_mixin.py:109} INFO - [2022-05-21 10:34:45,202] {dag.py:2389} INFO - Sync 1 DAGs
[2022-05-21 10:34:45,213] {logging_mixin.py:109} INFO - [2022-05-21 10:34:45,213] {dag.py:2921} INFO - Setting next_dagrun for example_task_group_decorator to 2022-05-20T10:34:45.213622+00:00
[2022-05-21 10:34:45,223] {processor.py:171} INFO - Processing /home/airflow/.local/lib/python3.7/site-packages/airflow/example_dags/example_task_group_decorator.py took 0.323 seconds
[2022-05-21 10:35:16,188] {processor.py:163} INFO - Started process (PID=299) to work on /home/airflow/.local/lib/python3.7/site-packages/airflow/example_dags/example_task_group_decorator.py
[2022-05-21 10:35:16,190] {processor.py:620} INFO - Processing file /home/airflow/.local/lib/python3.7/site-packages/airflow/example_dags/example_task_group_decorator.py for tasks to queue
[2022-05-21 10:35:16,193] {logging_mixin.py:109} INFO - [2022-05-21 10:35:16,192] {dagbag.py:500} INFO - Filling up the DagBag from /home/airflow/.local/lib/python3.7/site-packages/airflow/example_dags/example_task_group_decorator.py
[2022-05-21 10:35:16,253] {processor.py:632} INFO - DAG(s) dict_keys(['example_task_group_decorator']) retrieved from /home/airflow/.local/lib/python3.7/site-packages/airflow/example_dags/example_task_group_decorator.py
[2022-05-21 10:35:16,646] {logging_mixin.py:109} INFO - [2022-05-21 10:35:16,646] {dag.py:2389} INFO - Sync 1 DAGs
[2022-05-21 10:35:16,669] {logging_mixin.py:109} INFO - [2022-05-21 10:35:16,669] {dag.py:2921} INFO - Setting next_dagrun for example_task_group_decorator to 2022-05-20T10:35:16.668263+00:00
[2022-05-21 10:35:16,701] {processor.py:171} INFO - Processing /home/airflow/.local/lib/python3.7/site-packages/airflow/example_dags/example_task_group_decorator.py took 0.518 seconds
[2022-05-21 10:35:47,497] {processor.py:163} INFO - Started process (PID=361) to work on /home/airflow/.local/lib/python3.7/site-packages/airflow/example_dags/example_task_group_decorator.py
[2022-05-21 10:35:47,498] {processor.py:620} INFO - Processing file /home/airflow/.local/lib/python3.7/site-packages/airflow/example_dags/example_task_group_decorator.py for tasks to queue
[2022-05-21 10:35:47,499] {logging_mixin.py:109} INFO - [2022-05-21 10:35:47,499] {dagbag.py:500} INFO - Filling up the DagBag from /home/airflow/.local/lib/python3.7/site-packages/airflow/example_dags/example_task_group_decorator.py
[2022-05-21 10:35:47,548] {processor.py:632} INFO - DAG(s) dict_keys(['example_task_group_decorator']) retrieved from /home/airflow/.local/lib/python3.7/site-packages/airflow/example_dags/example_task_group_decorator.py
[2022-05-21 10:35:47,846] {logging_mixin.py:109} INFO - [2022-05-21 10:35:47,846] {dag.py:2389} INFO - Sync 1 DAGs
[2022-05-21 10:35:47,861] {logging_mixin.py:109} INFO - [2022-05-21 10:35:47,861] {dag.py:2921} INFO - Setting next_dagrun for example_task_group_decorator to 2022-05-20T10:35:47.861556+00:00
[2022-05-21 10:35:47,874] {processor.py:171} INFO - Processing /home/airflow/.local/lib/python3.7/site-packages/airflow/example_dags/example_task_group_decorator.py took 0.382 seconds
