[2022-05-21 10:34:09,263] {processor.py:163} INFO - Started process (PID=82) to work on /home/airflow/.local/lib/python3.7/site-packages/airflow/example_dags/example_latest_only_with_trigger.py
[2022-05-21 10:34:09,268] {processor.py:620} INFO - Processing file /home/airflow/.local/lib/python3.7/site-packages/airflow/example_dags/example_latest_only_with_trigger.py for tasks to queue
[2022-05-21 10:34:09,270] {logging_mixin.py:109} INFO - [2022-05-21 10:34:09,270] {dagbag.py:500} INFO - Filling up the DagBag from /home/airflow/.local/lib/python3.7/site-packages/airflow/example_dags/example_latest_only_with_trigger.py
[2022-05-21 10:34:09,345] {processor.py:632} INFO - DAG(s) dict_keys(['latest_only_with_trigger']) retrieved from /home/airflow/.local/lib/python3.7/site-packages/airflow/example_dags/example_latest_only_with_trigger.py
[2022-05-21 10:34:11,713] {logging_mixin.py:109} INFO - [2022-05-21 10:34:11,713] {providers_manager.py:156} WARNING - Exception when importing 'airflow.providers.google.leveldb.hooks.leveldb.LevelDBHook' from 'apache-airflow-providers-google' package: No module named 'plyvel'
[2022-05-21 10:34:12,088] {logging_mixin.py:109} INFO - [2022-05-21 10:34:12,088] {providers_manager.py:156} WARNING - Exception when importing 'airflow.providers.google.leveldb.hooks.leveldb.LevelDBHook' from 'apache-airflow-providers-google' package: No module named 'plyvel'
[2022-05-21 10:34:12,114] {logging_mixin.py:109} INFO - [2022-05-21 10:34:12,114] {manager.py:496} INFO - Created Permission View: can edit on DAG:latest_only_with_trigger
[2022-05-21 10:34:12,121] {logging_mixin.py:109} INFO - [2022-05-21 10:34:12,121] {manager.py:496} INFO - Created Permission View: can read on DAG:latest_only_with_trigger
[2022-05-21 10:34:12,122] {logging_mixin.py:109} INFO - [2022-05-21 10:34:12,122] {dag.py:2389} INFO - Sync 1 DAGs
[2022-05-21 10:34:12,129] {logging_mixin.py:109} INFO - [2022-05-21 10:34:12,128] {dag.py:2408} INFO - Creating ORM DAG for latest_only_with_trigger
[2022-05-21 10:34:12,137] {logging_mixin.py:109} INFO - [2022-05-21 10:34:12,137] {dag.py:2921} INFO - Setting next_dagrun for latest_only_with_trigger to 2022-05-21T06:34:12.136967+00:00
[2022-05-21 10:34:12,148] {processor.py:171} INFO - Processing /home/airflow/.local/lib/python3.7/site-packages/airflow/example_dags/example_latest_only_with_trigger.py took 2.888 seconds
[2022-05-21 10:34:42,779] {processor.py:163} INFO - Started process (PID=235) to work on /home/airflow/.local/lib/python3.7/site-packages/airflow/example_dags/example_latest_only_with_trigger.py
[2022-05-21 10:34:42,781] {processor.py:620} INFO - Processing file /home/airflow/.local/lib/python3.7/site-packages/airflow/example_dags/example_latest_only_with_trigger.py for tasks to queue
[2022-05-21 10:34:42,782] {logging_mixin.py:109} INFO - [2022-05-21 10:34:42,782] {dagbag.py:500} INFO - Filling up the DagBag from /home/airflow/.local/lib/python3.7/site-packages/airflow/example_dags/example_latest_only_with_trigger.py
[2022-05-21 10:34:42,815] {processor.py:632} INFO - DAG(s) dict_keys(['latest_only_with_trigger']) retrieved from /home/airflow/.local/lib/python3.7/site-packages/airflow/example_dags/example_latest_only_with_trigger.py
[2022-05-21 10:34:42,827] {logging_mixin.py:109} INFO - [2022-05-21 10:34:42,827] {dag.py:2389} INFO - Sync 1 DAGs
[2022-05-21 10:34:42,845] {logging_mixin.py:109} INFO - [2022-05-21 10:34:42,845] {dag.py:2921} INFO - Setting next_dagrun for latest_only_with_trigger to 2022-05-21T06:34:42.844758+00:00
[2022-05-21 10:34:42,855] {processor.py:171} INFO - Processing /home/airflow/.local/lib/python3.7/site-packages/airflow/example_dags/example_latest_only_with_trigger.py took 0.080 seconds
[2022-05-21 10:35:13,067] {processor.py:163} INFO - Started process (PID=297) to work on /home/airflow/.local/lib/python3.7/site-packages/airflow/example_dags/example_latest_only_with_trigger.py
[2022-05-21 10:35:13,069] {processor.py:620} INFO - Processing file /home/airflow/.local/lib/python3.7/site-packages/airflow/example_dags/example_latest_only_with_trigger.py for tasks to queue
[2022-05-21 10:35:13,070] {logging_mixin.py:109} INFO - [2022-05-21 10:35:13,070] {dagbag.py:500} INFO - Filling up the DagBag from /home/airflow/.local/lib/python3.7/site-packages/airflow/example_dags/example_latest_only_with_trigger.py
[2022-05-21 10:35:13,099] {processor.py:632} INFO - DAG(s) dict_keys(['latest_only_with_trigger']) retrieved from /home/airflow/.local/lib/python3.7/site-packages/airflow/example_dags/example_latest_only_with_trigger.py
[2022-05-21 10:35:13,110] {logging_mixin.py:109} INFO - [2022-05-21 10:35:13,110] {dag.py:2389} INFO - Sync 1 DAGs
[2022-05-21 10:35:13,125] {logging_mixin.py:109} INFO - [2022-05-21 10:35:13,125] {dag.py:2921} INFO - Setting next_dagrun for latest_only_with_trigger to 2022-05-21T06:35:13.125588+00:00
[2022-05-21 10:35:13,134] {processor.py:171} INFO - Processing /home/airflow/.local/lib/python3.7/site-packages/airflow/example_dags/example_latest_only_with_trigger.py took 0.071 seconds
[2022-05-21 10:35:43,465] {processor.py:163} INFO - Started process (PID=350) to work on /home/airflow/.local/lib/python3.7/site-packages/airflow/example_dags/example_latest_only_with_trigger.py
[2022-05-21 10:35:43,467] {processor.py:620} INFO - Processing file /home/airflow/.local/lib/python3.7/site-packages/airflow/example_dags/example_latest_only_with_trigger.py for tasks to queue
[2022-05-21 10:35:43,469] {logging_mixin.py:109} INFO - [2022-05-21 10:35:43,469] {dagbag.py:500} INFO - Filling up the DagBag from /home/airflow/.local/lib/python3.7/site-packages/airflow/example_dags/example_latest_only_with_trigger.py
[2022-05-21 10:35:43,501] {processor.py:632} INFO - DAG(s) dict_keys(['latest_only_with_trigger']) retrieved from /home/airflow/.local/lib/python3.7/site-packages/airflow/example_dags/example_latest_only_with_trigger.py
[2022-05-21 10:35:43,513] {logging_mixin.py:109} INFO - [2022-05-21 10:35:43,513] {dag.py:2389} INFO - Sync 1 DAGs
[2022-05-21 10:35:43,534] {logging_mixin.py:109} INFO - [2022-05-21 10:35:43,534] {dag.py:2921} INFO - Setting next_dagrun for latest_only_with_trigger to 2022-05-21T06:35:43.533898+00:00
[2022-05-21 10:35:43,548] {processor.py:171} INFO - Processing /home/airflow/.local/lib/python3.7/site-packages/airflow/example_dags/example_latest_only_with_trigger.py took 0.088 seconds
[2022-05-21 10:36:13,690] {processor.py:163} INFO - Started process (PID=412) to work on /home/airflow/.local/lib/python3.7/site-packages/airflow/example_dags/example_latest_only_with_trigger.py
[2022-05-21 10:36:13,692] {processor.py:620} INFO - Processing file /home/airflow/.local/lib/python3.7/site-packages/airflow/example_dags/example_latest_only_with_trigger.py for tasks to queue
[2022-05-21 10:36:13,693] {logging_mixin.py:109} INFO - [2022-05-21 10:36:13,693] {dagbag.py:500} INFO - Filling up the DagBag from /home/airflow/.local/lib/python3.7/site-packages/airflow/example_dags/example_latest_only_with_trigger.py
[2022-05-21 10:36:13,722] {processor.py:632} INFO - DAG(s) dict_keys(['latest_only_with_trigger']) retrieved from /home/airflow/.local/lib/python3.7/site-packages/airflow/example_dags/example_latest_only_with_trigger.py
[2022-05-21 10:36:13,732] {logging_mixin.py:109} INFO - [2022-05-21 10:36:13,732] {dag.py:2389} INFO - Sync 1 DAGs
[2022-05-21 10:36:13,747] {logging_mixin.py:109} INFO - [2022-05-21 10:36:13,747] {dag.py:2921} INFO - Setting next_dagrun for latest_only_with_trigger to 2022-05-21T06:36:13.747285+00:00
[2022-05-21 10:36:13,757] {processor.py:171} INFO - Processing /home/airflow/.local/lib/python3.7/site-packages/airflow/example_dags/example_latest_only_with_trigger.py took 0.071 seconds
