[2022-05-21 10:34:21,714] {processor.py:163} INFO - Started process (PID=150) to work on /home/airflow/.local/lib/python3.7/site-packages/airflow/example_dags/example_python_operator.py
[2022-05-21 10:34:21,715] {processor.py:620} INFO - Processing file /home/airflow/.local/lib/python3.7/site-packages/airflow/example_dags/example_python_operator.py for tasks to queue
[2022-05-21 10:34:21,717] {logging_mixin.py:109} INFO - [2022-05-21 10:34:21,716] {dagbag.py:500} INFO - Filling up the DagBag from /home/airflow/.local/lib/python3.7/site-packages/airflow/example_dags/example_python_operator.py
[2022-05-21 10:34:21,745] {processor.py:632} INFO - DAG(s) dict_keys(['example_python_operator']) retrieved from /home/airflow/.local/lib/python3.7/site-packages/airflow/example_dags/example_python_operator.py
[2022-05-21 10:34:23,386] {logging_mixin.py:109} INFO - [2022-05-21 10:34:23,386] {providers_manager.py:156} WARNING - Exception when importing 'airflow.providers.google.leveldb.hooks.leveldb.LevelDBHook' from 'apache-airflow-providers-google' package: No module named 'plyvel'
[2022-05-21 10:34:23,841] {logging_mixin.py:109} INFO - [2022-05-21 10:34:23,841] {providers_manager.py:156} WARNING - Exception when importing 'airflow.providers.google.leveldb.hooks.leveldb.LevelDBHook' from 'apache-airflow-providers-google' package: No module named 'plyvel'
[2022-05-21 10:34:23,861] {logging_mixin.py:109} INFO - [2022-05-21 10:34:23,860] {manager.py:496} INFO - Created Permission View: can edit on DAG:example_python_operator
[2022-05-21 10:34:23,869] {logging_mixin.py:109} INFO - [2022-05-21 10:34:23,869] {manager.py:496} INFO - Created Permission View: can read on DAG:example_python_operator
[2022-05-21 10:34:23,870] {logging_mixin.py:109} INFO - [2022-05-21 10:34:23,870] {dag.py:2389} INFO - Sync 1 DAGs
[2022-05-21 10:34:23,877] {logging_mixin.py:109} INFO - [2022-05-21 10:34:23,877] {dag.py:2408} INFO - Creating ORM DAG for example_python_operator
[2022-05-21 10:34:23,887] {logging_mixin.py:109} INFO - [2022-05-21 10:34:23,887] {dag.py:2921} INFO - Setting next_dagrun for example_python_operator to None
[2022-05-21 10:34:23,901] {processor.py:171} INFO - Processing /home/airflow/.local/lib/python3.7/site-packages/airflow/example_dags/example_python_operator.py took 2.191 seconds
[2022-05-21 10:34:54,492] {processor.py:163} INFO - Started process (PID=256) to work on /home/airflow/.local/lib/python3.7/site-packages/airflow/example_dags/example_python_operator.py
[2022-05-21 10:34:54,493] {processor.py:620} INFO - Processing file /home/airflow/.local/lib/python3.7/site-packages/airflow/example_dags/example_python_operator.py for tasks to queue
[2022-05-21 10:34:54,495] {logging_mixin.py:109} INFO - [2022-05-21 10:34:54,494] {dagbag.py:500} INFO - Filling up the DagBag from /home/airflow/.local/lib/python3.7/site-packages/airflow/example_dags/example_python_operator.py
[2022-05-21 10:34:54,525] {processor.py:632} INFO - DAG(s) dict_keys(['example_python_operator']) retrieved from /home/airflow/.local/lib/python3.7/site-packages/airflow/example_dags/example_python_operator.py
[2022-05-21 10:34:54,536] {logging_mixin.py:109} INFO - [2022-05-21 10:34:54,536] {dag.py:2389} INFO - Sync 1 DAGs
[2022-05-21 10:34:54,551] {logging_mixin.py:109} INFO - [2022-05-21 10:34:54,551] {dag.py:2921} INFO - Setting next_dagrun for example_python_operator to None
[2022-05-21 10:34:54,560] {processor.py:171} INFO - Processing /home/airflow/.local/lib/python3.7/site-packages/airflow/example_dags/example_python_operator.py took 0.072 seconds
[2022-05-21 10:35:25,133] {processor.py:163} INFO - Started process (PID=318) to work on /home/airflow/.local/lib/python3.7/site-packages/airflow/example_dags/example_python_operator.py
[2022-05-21 10:35:25,134] {processor.py:620} INFO - Processing file /home/airflow/.local/lib/python3.7/site-packages/airflow/example_dags/example_python_operator.py for tasks to queue
[2022-05-21 10:35:25,135] {logging_mixin.py:109} INFO - [2022-05-21 10:35:25,135] {dagbag.py:500} INFO - Filling up the DagBag from /home/airflow/.local/lib/python3.7/site-packages/airflow/example_dags/example_python_operator.py
[2022-05-21 10:35:25,165] {processor.py:632} INFO - DAG(s) dict_keys(['example_python_operator']) retrieved from /home/airflow/.local/lib/python3.7/site-packages/airflow/example_dags/example_python_operator.py
[2022-05-21 10:35:25,176] {logging_mixin.py:109} INFO - [2022-05-21 10:35:25,176] {dag.py:2389} INFO - Sync 1 DAGs
[2022-05-21 10:35:25,191] {logging_mixin.py:109} INFO - [2022-05-21 10:35:25,191] {dag.py:2921} INFO - Setting next_dagrun for example_python_operator to None
[2022-05-21 10:35:25,200] {processor.py:171} INFO - Processing /home/airflow/.local/lib/python3.7/site-packages/airflow/example_dags/example_python_operator.py took 0.071 seconds
[2022-05-21 10:35:55,308] {processor.py:163} INFO - Started process (PID=370) to work on /home/airflow/.local/lib/python3.7/site-packages/airflow/example_dags/example_python_operator.py
[2022-05-21 10:35:55,309] {processor.py:620} INFO - Processing file /home/airflow/.local/lib/python3.7/site-packages/airflow/example_dags/example_python_operator.py for tasks to queue
[2022-05-21 10:35:55,311] {logging_mixin.py:109} INFO - [2022-05-21 10:35:55,310] {dagbag.py:500} INFO - Filling up the DagBag from /home/airflow/.local/lib/python3.7/site-packages/airflow/example_dags/example_python_operator.py
[2022-05-21 10:35:55,342] {processor.py:632} INFO - DAG(s) dict_keys(['example_python_operator']) retrieved from /home/airflow/.local/lib/python3.7/site-packages/airflow/example_dags/example_python_operator.py
[2022-05-21 10:35:55,353] {logging_mixin.py:109} INFO - [2022-05-21 10:35:55,353] {dag.py:2389} INFO - Sync 1 DAGs
[2022-05-21 10:35:55,369] {logging_mixin.py:109} INFO - [2022-05-21 10:35:55,369] {dag.py:2921} INFO - Setting next_dagrun for example_python_operator to None
[2022-05-21 10:35:55,378] {processor.py:171} INFO - Processing /home/airflow/.local/lib/python3.7/site-packages/airflow/example_dags/example_python_operator.py took 0.073 seconds
