[2022-05-21 10:34:29,038] {processor.py:163} INFO - Started process (PID=181) to work on /home/airflow/.local/lib/python3.7/site-packages/airflow/example_dags/tutorial_taskflow_api_etl_virtualenv.py
[2022-05-21 10:34:29,040] {processor.py:620} INFO - Processing file /home/airflow/.local/lib/python3.7/site-packages/airflow/example_dags/tutorial_taskflow_api_etl_virtualenv.py for tasks to queue
[2022-05-21 10:34:29,041] {logging_mixin.py:109} INFO - [2022-05-21 10:34:29,041] {dagbag.py:500} INFO - Filling up the DagBag from /home/airflow/.local/lib/python3.7/site-packages/airflow/example_dags/tutorial_taskflow_api_etl_virtualenv.py
[2022-05-21 10:34:29,074] {processor.py:632} INFO - DAG(s) dict_keys(['tutorial_taskflow_api_etl_virtualenv']) retrieved from /home/airflow/.local/lib/python3.7/site-packages/airflow/example_dags/tutorial_taskflow_api_etl_virtualenv.py
[2022-05-21 10:34:30,531] {logging_mixin.py:109} INFO - [2022-05-21 10:34:30,531] {providers_manager.py:156} WARNING - Exception when importing 'airflow.providers.google.leveldb.hooks.leveldb.LevelDBHook' from 'apache-airflow-providers-google' package: No module named 'plyvel'
[2022-05-21 10:34:30,946] {logging_mixin.py:109} INFO - [2022-05-21 10:34:30,946] {providers_manager.py:156} WARNING - Exception when importing 'airflow.providers.google.leveldb.hooks.leveldb.LevelDBHook' from 'apache-airflow-providers-google' package: No module named 'plyvel'
[2022-05-21 10:34:30,963] {logging_mixin.py:109} INFO - [2022-05-21 10:34:30,963] {manager.py:496} INFO - Created Permission View: can edit on DAG:tutorial_taskflow_api_etl_virtualenv
[2022-05-21 10:34:30,973] {logging_mixin.py:109} INFO - [2022-05-21 10:34:30,973] {manager.py:496} INFO - Created Permission View: can read on DAG:tutorial_taskflow_api_etl_virtualenv
[2022-05-21 10:34:30,974] {logging_mixin.py:109} INFO - [2022-05-21 10:34:30,974] {dag.py:2389} INFO - Sync 1 DAGs
[2022-05-21 10:34:30,981] {logging_mixin.py:109} INFO - [2022-05-21 10:34:30,981] {dag.py:2408} INFO - Creating ORM DAG for tutorial_taskflow_api_etl_virtualenv
[2022-05-21 10:34:30,989] {logging_mixin.py:109} INFO - [2022-05-21 10:34:30,989] {dag.py:2921} INFO - Setting next_dagrun for tutorial_taskflow_api_etl_virtualenv to None
[2022-05-21 10:34:31,000] {processor.py:171} INFO - Processing /home/airflow/.local/lib/python3.7/site-packages/airflow/example_dags/tutorial_taskflow_api_etl_virtualenv.py took 1.966 seconds
[2022-05-21 10:35:01,075] {processor.py:163} INFO - Started process (PID=273) to work on /home/airflow/.local/lib/python3.7/site-packages/airflow/example_dags/tutorial_taskflow_api_etl_virtualenv.py
[2022-05-21 10:35:01,077] {processor.py:620} INFO - Processing file /home/airflow/.local/lib/python3.7/site-packages/airflow/example_dags/tutorial_taskflow_api_etl_virtualenv.py for tasks to queue
[2022-05-21 10:35:01,080] {logging_mixin.py:109} INFO - [2022-05-21 10:35:01,080] {dagbag.py:500} INFO - Filling up the DagBag from /home/airflow/.local/lib/python3.7/site-packages/airflow/example_dags/tutorial_taskflow_api_etl_virtualenv.py
[2022-05-21 10:35:01,117] {processor.py:632} INFO - DAG(s) dict_keys(['tutorial_taskflow_api_etl_virtualenv']) retrieved from /home/airflow/.local/lib/python3.7/site-packages/airflow/example_dags/tutorial_taskflow_api_etl_virtualenv.py
[2022-05-21 10:35:01,450] {logging_mixin.py:109} INFO - [2022-05-21 10:35:01,450] {dag.py:2389} INFO - Sync 1 DAGs
[2022-05-21 10:35:01,465] {logging_mixin.py:109} INFO - [2022-05-21 10:35:01,465] {dag.py:2921} INFO - Setting next_dagrun for tutorial_taskflow_api_etl_virtualenv to None
[2022-05-21 10:35:01,476] {processor.py:171} INFO - Processing /home/airflow/.local/lib/python3.7/site-packages/airflow/example_dags/tutorial_taskflow_api_etl_virtualenv.py took 0.405 seconds
[2022-05-21 10:35:31,558] {processor.py:163} INFO - Started process (PID=325) to work on /home/airflow/.local/lib/python3.7/site-packages/airflow/example_dags/tutorial_taskflow_api_etl_virtualenv.py
[2022-05-21 10:35:31,559] {processor.py:620} INFO - Processing file /home/airflow/.local/lib/python3.7/site-packages/airflow/example_dags/tutorial_taskflow_api_etl_virtualenv.py for tasks to queue
[2022-05-21 10:35:31,561] {logging_mixin.py:109} INFO - [2022-05-21 10:35:31,561] {dagbag.py:500} INFO - Filling up the DagBag from /home/airflow/.local/lib/python3.7/site-packages/airflow/example_dags/tutorial_taskflow_api_etl_virtualenv.py
[2022-05-21 10:35:31,593] {processor.py:632} INFO - DAG(s) dict_keys(['tutorial_taskflow_api_etl_virtualenv']) retrieved from /home/airflow/.local/lib/python3.7/site-packages/airflow/example_dags/tutorial_taskflow_api_etl_virtualenv.py
[2022-05-21 10:35:31,857] {logging_mixin.py:109} INFO - [2022-05-21 10:35:31,857] {dag.py:2389} INFO - Sync 1 DAGs
[2022-05-21 10:35:31,872] {logging_mixin.py:109} INFO - [2022-05-21 10:35:31,872] {dag.py:2921} INFO - Setting next_dagrun for tutorial_taskflow_api_etl_virtualenv to None
[2022-05-21 10:35:31,884] {processor.py:171} INFO - Processing /home/airflow/.local/lib/python3.7/site-packages/airflow/example_dags/tutorial_taskflow_api_etl_virtualenv.py took 0.331 seconds
[2022-05-21 10:36:02,647] {processor.py:163} INFO - Started process (PID=387) to work on /home/airflow/.local/lib/python3.7/site-packages/airflow/example_dags/tutorial_taskflow_api_etl_virtualenv.py
[2022-05-21 10:36:02,649] {processor.py:620} INFO - Processing file /home/airflow/.local/lib/python3.7/site-packages/airflow/example_dags/tutorial_taskflow_api_etl_virtualenv.py for tasks to queue
[2022-05-21 10:36:02,652] {logging_mixin.py:109} INFO - [2022-05-21 10:36:02,651] {dagbag.py:500} INFO - Filling up the DagBag from /home/airflow/.local/lib/python3.7/site-packages/airflow/example_dags/tutorial_taskflow_api_etl_virtualenv.py
[2022-05-21 10:36:02,703] {processor.py:632} INFO - DAG(s) dict_keys(['tutorial_taskflow_api_etl_virtualenv']) retrieved from /home/airflow/.local/lib/python3.7/site-packages/airflow/example_dags/tutorial_taskflow_api_etl_virtualenv.py
[2022-05-21 10:36:02,964] {logging_mixin.py:109} INFO - [2022-05-21 10:36:02,964] {dag.py:2389} INFO - Sync 1 DAGs
[2022-05-21 10:36:02,977] {logging_mixin.py:109} INFO - [2022-05-21 10:36:02,977] {dag.py:2921} INFO - Setting next_dagrun for tutorial_taskflow_api_etl_virtualenv to None
[2022-05-21 10:36:02,985] {processor.py:171} INFO - Processing /home/airflow/.local/lib/python3.7/site-packages/airflow/example_dags/tutorial_taskflow_api_etl_virtualenv.py took 0.343 seconds
