[2022-05-21 10:34:19,299] {processor.py:163} INFO - Started process (PID=140) to work on /home/airflow/.local/lib/python3.7/site-packages/airflow/example_dags/tutorial_etl_dag.py
[2022-05-21 10:34:19,300] {processor.py:620} INFO - Processing file /home/airflow/.local/lib/python3.7/site-packages/airflow/example_dags/tutorial_etl_dag.py for tasks to queue
[2022-05-21 10:34:19,301] {logging_mixin.py:109} INFO - [2022-05-21 10:34:19,301] {dagbag.py:500} INFO - Filling up the DagBag from /home/airflow/.local/lib/python3.7/site-packages/airflow/example_dags/tutorial_etl_dag.py
[2022-05-21 10:34:19,326] {processor.py:632} INFO - DAG(s) dict_keys(['tutorial_etl_dag']) retrieved from /home/airflow/.local/lib/python3.7/site-packages/airflow/example_dags/tutorial_etl_dag.py
[2022-05-21 10:34:21,176] {logging_mixin.py:109} INFO - [2022-05-21 10:34:21,176] {providers_manager.py:156} WARNING - Exception when importing 'airflow.providers.google.leveldb.hooks.leveldb.LevelDBHook' from 'apache-airflow-providers-google' package: No module named 'plyvel'
[2022-05-21 10:34:21,618] {logging_mixin.py:109} INFO - [2022-05-21 10:34:21,618] {providers_manager.py:156} WARNING - Exception when importing 'airflow.providers.google.leveldb.hooks.leveldb.LevelDBHook' from 'apache-airflow-providers-google' package: No module named 'plyvel'
[2022-05-21 10:34:21,636] {logging_mixin.py:109} INFO - [2022-05-21 10:34:21,636] {manager.py:496} INFO - Created Permission View: can edit on DAG:tutorial_etl_dag
[2022-05-21 10:34:21,644] {logging_mixin.py:109} INFO - [2022-05-21 10:34:21,644] {manager.py:496} INFO - Created Permission View: can read on DAG:tutorial_etl_dag
[2022-05-21 10:34:21,645] {logging_mixin.py:109} INFO - [2022-05-21 10:34:21,645] {dag.py:2389} INFO - Sync 1 DAGs
[2022-05-21 10:34:21,651] {logging_mixin.py:109} INFO - [2022-05-21 10:34:21,651] {dag.py:2408} INFO - Creating ORM DAG for tutorial_etl_dag
[2022-05-21 10:34:21,658] {logging_mixin.py:109} INFO - [2022-05-21 10:34:21,658] {dag.py:2921} INFO - Setting next_dagrun for tutorial_etl_dag to None
[2022-05-21 10:34:21,670] {processor.py:171} INFO - Processing /home/airflow/.local/lib/python3.7/site-packages/airflow/example_dags/tutorial_etl_dag.py took 2.374 seconds
[2022-05-21 10:34:52,448] {processor.py:163} INFO - Started process (PID=254) to work on /home/airflow/.local/lib/python3.7/site-packages/airflow/example_dags/tutorial_etl_dag.py
[2022-05-21 10:34:52,450] {processor.py:620} INFO - Processing file /home/airflow/.local/lib/python3.7/site-packages/airflow/example_dags/tutorial_etl_dag.py for tasks to queue
[2022-05-21 10:34:52,451] {logging_mixin.py:109} INFO - [2022-05-21 10:34:52,451] {dagbag.py:500} INFO - Filling up the DagBag from /home/airflow/.local/lib/python3.7/site-packages/airflow/example_dags/tutorial_etl_dag.py
[2022-05-21 10:34:52,483] {processor.py:632} INFO - DAG(s) dict_keys(['tutorial_etl_dag']) retrieved from /home/airflow/.local/lib/python3.7/site-packages/airflow/example_dags/tutorial_etl_dag.py
[2022-05-21 10:34:52,493] {logging_mixin.py:109} INFO - [2022-05-21 10:34:52,493] {dag.py:2389} INFO - Sync 1 DAGs
[2022-05-21 10:34:52,508] {logging_mixin.py:109} INFO - [2022-05-21 10:34:52,508] {dag.py:2921} INFO - Setting next_dagrun for tutorial_etl_dag to None
[2022-05-21 10:34:52,519] {processor.py:171} INFO - Processing /home/airflow/.local/lib/python3.7/site-packages/airflow/example_dags/tutorial_etl_dag.py took 0.075 seconds
[2022-05-21 10:35:23,095] {processor.py:163} INFO - Started process (PID=316) to work on /home/airflow/.local/lib/python3.7/site-packages/airflow/example_dags/tutorial_etl_dag.py
[2022-05-21 10:35:23,097] {processor.py:620} INFO - Processing file /home/airflow/.local/lib/python3.7/site-packages/airflow/example_dags/tutorial_etl_dag.py for tasks to queue
[2022-05-21 10:35:23,098] {logging_mixin.py:109} INFO - [2022-05-21 10:35:23,098] {dagbag.py:500} INFO - Filling up the DagBag from /home/airflow/.local/lib/python3.7/site-packages/airflow/example_dags/tutorial_etl_dag.py
[2022-05-21 10:35:23,127] {processor.py:632} INFO - DAG(s) dict_keys(['tutorial_etl_dag']) retrieved from /home/airflow/.local/lib/python3.7/site-packages/airflow/example_dags/tutorial_etl_dag.py
[2022-05-21 10:35:23,139] {logging_mixin.py:109} INFO - [2022-05-21 10:35:23,138] {dag.py:2389} INFO - Sync 1 DAGs
[2022-05-21 10:35:23,156] {logging_mixin.py:109} INFO - [2022-05-21 10:35:23,156] {dag.py:2921} INFO - Setting next_dagrun for tutorial_etl_dag to None
[2022-05-21 10:35:23,167] {processor.py:171} INFO - Processing /home/airflow/.local/lib/python3.7/site-packages/airflow/example_dags/tutorial_etl_dag.py took 0.075 seconds
[2022-05-21 10:35:53,273] {processor.py:163} INFO - Started process (PID=368) to work on /home/airflow/.local/lib/python3.7/site-packages/airflow/example_dags/tutorial_etl_dag.py
[2022-05-21 10:35:53,279] {processor.py:620} INFO - Processing file /home/airflow/.local/lib/python3.7/site-packages/airflow/example_dags/tutorial_etl_dag.py for tasks to queue
[2022-05-21 10:35:53,282] {logging_mixin.py:109} INFO - [2022-05-21 10:35:53,282] {dagbag.py:500} INFO - Filling up the DagBag from /home/airflow/.local/lib/python3.7/site-packages/airflow/example_dags/tutorial_etl_dag.py
[2022-05-21 10:35:53,319] {processor.py:632} INFO - DAG(s) dict_keys(['tutorial_etl_dag']) retrieved from /home/airflow/.local/lib/python3.7/site-packages/airflow/example_dags/tutorial_etl_dag.py
[2022-05-21 10:35:53,341] {logging_mixin.py:109} INFO - [2022-05-21 10:35:53,340] {dag.py:2389} INFO - Sync 1 DAGs
[2022-05-21 10:35:53,376] {logging_mixin.py:109} INFO - [2022-05-21 10:35:53,376] {dag.py:2921} INFO - Setting next_dagrun for tutorial_etl_dag to None
[2022-05-21 10:35:53,398] {processor.py:171} INFO - Processing /home/airflow/.local/lib/python3.7/site-packages/airflow/example_dags/tutorial_etl_dag.py took 0.130 seconds
