[2022-05-21 10:34:32,505] {processor.py:163} INFO - Started process (PID=211) to work on /home/airflow/.local/lib/python3.7/site-packages/airflow/example_dags/tutorial.py
[2022-05-21 10:34:32,506] {processor.py:620} INFO - Processing file /home/airflow/.local/lib/python3.7/site-packages/airflow/example_dags/tutorial.py for tasks to queue
[2022-05-21 10:34:32,508] {logging_mixin.py:109} INFO - [2022-05-21 10:34:32,508] {dagbag.py:500} INFO - Filling up the DagBag from /home/airflow/.local/lib/python3.7/site-packages/airflow/example_dags/tutorial.py
[2022-05-21 10:34:32,540] {processor.py:632} INFO - DAG(s) dict_keys(['tutorial']) retrieved from /home/airflow/.local/lib/python3.7/site-packages/airflow/example_dags/tutorial.py
[2022-05-21 10:34:34,228] {logging_mixin.py:109} INFO - [2022-05-21 10:34:34,228] {providers_manager.py:156} WARNING - Exception when importing 'airflow.providers.google.leveldb.hooks.leveldb.LevelDBHook' from 'apache-airflow-providers-google' package: No module named 'plyvel'
[2022-05-21 10:34:34,612] {logging_mixin.py:109} INFO - [2022-05-21 10:34:34,612] {providers_manager.py:156} WARNING - Exception when importing 'airflow.providers.google.leveldb.hooks.leveldb.LevelDBHook' from 'apache-airflow-providers-google' package: No module named 'plyvel'
[2022-05-21 10:34:34,641] {logging_mixin.py:109} INFO - [2022-05-21 10:34:34,641] {manager.py:496} INFO - Created Permission View: can edit on DAG:tutorial
[2022-05-21 10:34:34,652] {logging_mixin.py:109} INFO - [2022-05-21 10:34:34,651] {manager.py:496} INFO - Created Permission View: can read on DAG:tutorial
[2022-05-21 10:34:34,653] {logging_mixin.py:109} INFO - [2022-05-21 10:34:34,652] {dag.py:2389} INFO - Sync 1 DAGs
[2022-05-21 10:34:34,665] {logging_mixin.py:109} INFO - [2022-05-21 10:34:34,664] {dag.py:2408} INFO - Creating ORM DAG for tutorial
[2022-05-21 10:34:34,673] {logging_mixin.py:109} INFO - [2022-05-21 10:34:34,673] {dag.py:2921} INFO - Setting next_dagrun for tutorial to 2022-05-20T10:34:34.673518+00:00
[2022-05-21 10:34:34,685] {processor.py:171} INFO - Processing /home/airflow/.local/lib/python3.7/site-packages/airflow/example_dags/tutorial.py took 2.184 seconds
[2022-05-21 10:35:05,518] {processor.py:163} INFO - Started process (PID=277) to work on /home/airflow/.local/lib/python3.7/site-packages/airflow/example_dags/tutorial.py
[2022-05-21 10:35:05,520] {processor.py:620} INFO - Processing file /home/airflow/.local/lib/python3.7/site-packages/airflow/example_dags/tutorial.py for tasks to queue
[2022-05-21 10:35:05,522] {logging_mixin.py:109} INFO - [2022-05-21 10:35:05,521] {dagbag.py:500} INFO - Filling up the DagBag from /home/airflow/.local/lib/python3.7/site-packages/airflow/example_dags/tutorial.py
[2022-05-21 10:35:05,554] {processor.py:632} INFO - DAG(s) dict_keys(['tutorial']) retrieved from /home/airflow/.local/lib/python3.7/site-packages/airflow/example_dags/tutorial.py
[2022-05-21 10:35:05,564] {logging_mixin.py:109} INFO - [2022-05-21 10:35:05,564] {dag.py:2389} INFO - Sync 1 DAGs
[2022-05-21 10:35:05,579] {logging_mixin.py:109} INFO - [2022-05-21 10:35:05,579] {dag.py:2921} INFO - Setting next_dagrun for tutorial to 2022-05-20T10:35:05.579421+00:00
[2022-05-21 10:35:05,588] {processor.py:171} INFO - Processing /home/airflow/.local/lib/python3.7/site-packages/airflow/example_dags/tutorial.py took 0.074 seconds
[2022-05-21 10:35:36,032] {processor.py:163} INFO - Started process (PID=341) to work on /home/airflow/.local/lib/python3.7/site-packages/airflow/example_dags/tutorial.py
[2022-05-21 10:35:36,033] {processor.py:620} INFO - Processing file /home/airflow/.local/lib/python3.7/site-packages/airflow/example_dags/tutorial.py for tasks to queue
[2022-05-21 10:35:36,034] {logging_mixin.py:109} INFO - [2022-05-21 10:35:36,034] {dagbag.py:500} INFO - Filling up the DagBag from /home/airflow/.local/lib/python3.7/site-packages/airflow/example_dags/tutorial.py
[2022-05-21 10:35:36,065] {processor.py:632} INFO - DAG(s) dict_keys(['tutorial']) retrieved from /home/airflow/.local/lib/python3.7/site-packages/airflow/example_dags/tutorial.py
[2022-05-21 10:35:36,075] {logging_mixin.py:109} INFO - [2022-05-21 10:35:36,075] {dag.py:2389} INFO - Sync 1 DAGs
[2022-05-21 10:35:36,092] {logging_mixin.py:109} INFO - [2022-05-21 10:35:36,092] {dag.py:2921} INFO - Setting next_dagrun for tutorial to 2022-05-20T10:35:36.092197+00:00
[2022-05-21 10:35:36,103] {processor.py:171} INFO - Processing /home/airflow/.local/lib/python3.7/site-packages/airflow/example_dags/tutorial.py took 0.074 seconds
[2022-05-21 10:36:06,945] {processor.py:163} INFO - Started process (PID=394) to work on /home/airflow/.local/lib/python3.7/site-packages/airflow/example_dags/tutorial.py
[2022-05-21 10:36:06,947] {processor.py:620} INFO - Processing file /home/airflow/.local/lib/python3.7/site-packages/airflow/example_dags/tutorial.py for tasks to queue
[2022-05-21 10:36:06,948] {logging_mixin.py:109} INFO - [2022-05-21 10:36:06,947] {dagbag.py:500} INFO - Filling up the DagBag from /home/airflow/.local/lib/python3.7/site-packages/airflow/example_dags/tutorial.py
[2022-05-21 10:36:06,994] {processor.py:632} INFO - DAG(s) dict_keys(['tutorial']) retrieved from /home/airflow/.local/lib/python3.7/site-packages/airflow/example_dags/tutorial.py
[2022-05-21 10:36:07,005] {logging_mixin.py:109} INFO - [2022-05-21 10:36:07,005] {dag.py:2389} INFO - Sync 1 DAGs
[2022-05-21 10:36:07,022] {logging_mixin.py:109} INFO - [2022-05-21 10:36:07,021] {dag.py:2921} INFO - Setting next_dagrun for tutorial to 2022-05-20T10:36:07.021311+00:00
[2022-05-21 10:36:07,032] {processor.py:171} INFO - Processing /home/airflow/.local/lib/python3.7/site-packages/airflow/example_dags/tutorial.py took 0.091 seconds
