[2022-05-21 10:34:26,209] {processor.py:163} INFO - Started process (PID=170) to work on /home/airflow/.local/lib/python3.7/site-packages/airflow/example_dags/tutorial_taskflow_api_etl.py
[2022-05-21 10:34:26,212] {processor.py:620} INFO - Processing file /home/airflow/.local/lib/python3.7/site-packages/airflow/example_dags/tutorial_taskflow_api_etl.py for tasks to queue
[2022-05-21 10:34:26,214] {logging_mixin.py:109} INFO - [2022-05-21 10:34:26,213] {dagbag.py:500} INFO - Filling up the DagBag from /home/airflow/.local/lib/python3.7/site-packages/airflow/example_dags/tutorial_taskflow_api_etl.py
[2022-05-21 10:34:26,254] {processor.py:632} INFO - DAG(s) dict_keys(['tutorial_taskflow_api_etl']) retrieved from /home/airflow/.local/lib/python3.7/site-packages/airflow/example_dags/tutorial_taskflow_api_etl.py
[2022-05-21 10:34:27,809] {logging_mixin.py:109} INFO - [2022-05-21 10:34:27,809] {providers_manager.py:156} WARNING - Exception when importing 'airflow.providers.google.leveldb.hooks.leveldb.LevelDBHook' from 'apache-airflow-providers-google' package: No module named 'plyvel'
[2022-05-21 10:34:28,199] {logging_mixin.py:109} INFO - [2022-05-21 10:34:28,199] {providers_manager.py:156} WARNING - Exception when importing 'airflow.providers.google.leveldb.hooks.leveldb.LevelDBHook' from 'apache-airflow-providers-google' package: No module named 'plyvel'
[2022-05-21 10:34:28,221] {logging_mixin.py:109} INFO - [2022-05-21 10:34:28,221] {manager.py:496} INFO - Created Permission View: can edit on DAG:tutorial_taskflow_api_etl
[2022-05-21 10:34:28,233] {logging_mixin.py:109} INFO - [2022-05-21 10:34:28,233] {manager.py:496} INFO - Created Permission View: can read on DAG:tutorial_taskflow_api_etl
[2022-05-21 10:34:28,235] {logging_mixin.py:109} INFO - [2022-05-21 10:34:28,235] {dag.py:2389} INFO - Sync 1 DAGs
[2022-05-21 10:34:28,245] {logging_mixin.py:109} INFO - [2022-05-21 10:34:28,245] {dag.py:2408} INFO - Creating ORM DAG for tutorial_taskflow_api_etl
[2022-05-21 10:34:28,256] {logging_mixin.py:109} INFO - [2022-05-21 10:34:28,256] {dag.py:2921} INFO - Setting next_dagrun for tutorial_taskflow_api_etl to None
[2022-05-21 10:34:28,271] {processor.py:171} INFO - Processing /home/airflow/.local/lib/python3.7/site-packages/airflow/example_dags/tutorial_taskflow_api_etl.py took 2.067 seconds
[2022-05-21 10:34:58,679] {processor.py:163} INFO - Started process (PID=270) to work on /home/airflow/.local/lib/python3.7/site-packages/airflow/example_dags/tutorial_taskflow_api_etl.py
[2022-05-21 10:34:58,681] {processor.py:620} INFO - Processing file /home/airflow/.local/lib/python3.7/site-packages/airflow/example_dags/tutorial_taskflow_api_etl.py for tasks to queue
[2022-05-21 10:34:58,682] {logging_mixin.py:109} INFO - [2022-05-21 10:34:58,682] {dagbag.py:500} INFO - Filling up the DagBag from /home/airflow/.local/lib/python3.7/site-packages/airflow/example_dags/tutorial_taskflow_api_etl.py
[2022-05-21 10:34:58,719] {processor.py:632} INFO - DAG(s) dict_keys(['tutorial_taskflow_api_etl']) retrieved from /home/airflow/.local/lib/python3.7/site-packages/airflow/example_dags/tutorial_taskflow_api_etl.py
[2022-05-21 10:34:59,009] {logging_mixin.py:109} INFO - [2022-05-21 10:34:59,009] {dag.py:2389} INFO - Sync 1 DAGs
[2022-05-21 10:34:59,022] {logging_mixin.py:109} INFO - [2022-05-21 10:34:59,022] {dag.py:2921} INFO - Setting next_dagrun for tutorial_taskflow_api_etl to None
[2022-05-21 10:34:59,033] {processor.py:171} INFO - Processing /home/airflow/.local/lib/python3.7/site-packages/airflow/example_dags/tutorial_taskflow_api_etl.py took 0.358 seconds
[2022-05-21 10:35:29,336] {processor.py:163} INFO - Started process (PID=322) to work on /home/airflow/.local/lib/python3.7/site-packages/airflow/example_dags/tutorial_taskflow_api_etl.py
[2022-05-21 10:35:29,337] {processor.py:620} INFO - Processing file /home/airflow/.local/lib/python3.7/site-packages/airflow/example_dags/tutorial_taskflow_api_etl.py for tasks to queue
[2022-05-21 10:35:29,338] {logging_mixin.py:109} INFO - [2022-05-21 10:35:29,338] {dagbag.py:500} INFO - Filling up the DagBag from /home/airflow/.local/lib/python3.7/site-packages/airflow/example_dags/tutorial_taskflow_api_etl.py
[2022-05-21 10:35:29,381] {processor.py:632} INFO - DAG(s) dict_keys(['tutorial_taskflow_api_etl']) retrieved from /home/airflow/.local/lib/python3.7/site-packages/airflow/example_dags/tutorial_taskflow_api_etl.py
[2022-05-21 10:35:29,629] {logging_mixin.py:109} INFO - [2022-05-21 10:35:29,629] {dag.py:2389} INFO - Sync 1 DAGs
[2022-05-21 10:35:29,641] {logging_mixin.py:109} INFO - [2022-05-21 10:35:29,641] {dag.py:2921} INFO - Setting next_dagrun for tutorial_taskflow_api_etl to None
[2022-05-21 10:35:29,651] {processor.py:171} INFO - Processing /home/airflow/.local/lib/python3.7/site-packages/airflow/example_dags/tutorial_taskflow_api_etl.py took 0.318 seconds
[2022-05-21 10:36:00,586] {processor.py:163} INFO - Started process (PID=385) to work on /home/airflow/.local/lib/python3.7/site-packages/airflow/example_dags/tutorial_taskflow_api_etl.py
[2022-05-21 10:36:00,588] {processor.py:620} INFO - Processing file /home/airflow/.local/lib/python3.7/site-packages/airflow/example_dags/tutorial_taskflow_api_etl.py for tasks to queue
[2022-05-21 10:36:00,589] {logging_mixin.py:109} INFO - [2022-05-21 10:36:00,589] {dagbag.py:500} INFO - Filling up the DagBag from /home/airflow/.local/lib/python3.7/site-packages/airflow/example_dags/tutorial_taskflow_api_etl.py
[2022-05-21 10:36:00,630] {processor.py:632} INFO - DAG(s) dict_keys(['tutorial_taskflow_api_etl']) retrieved from /home/airflow/.local/lib/python3.7/site-packages/airflow/example_dags/tutorial_taskflow_api_etl.py
[2022-05-21 10:36:00,945] {logging_mixin.py:109} INFO - [2022-05-21 10:36:00,945] {dag.py:2389} INFO - Sync 1 DAGs
[2022-05-21 10:36:00,957] {logging_mixin.py:109} INFO - [2022-05-21 10:36:00,957] {dag.py:2921} INFO - Setting next_dagrun for tutorial_taskflow_api_etl to None
[2022-05-21 10:36:00,967] {processor.py:171} INFO - Processing /home/airflow/.local/lib/python3.7/site-packages/airflow/example_dags/tutorial_taskflow_api_etl.py took 0.385 seconds
