[2022-05-21 10:37:13,625] {processor.py:163} INFO - Started process (PID=42) to work on /opt/airflow/dags/j_chernigin_8_cbr_currency_load.py
[2022-05-21 10:37:13,626] {processor.py:620} INFO - Processing file /opt/airflow/dags/j_chernigin_8_cbr_currency_load.py for tasks to queue
[2022-05-21 10:37:13,631] {logging_mixin.py:109} INFO - [2022-05-21 10:37:13,631] {dagbag.py:500} INFO - Filling up the DagBag from /opt/airflow/dags/j_chernigin_8_cbr_currency_load.py
[2022-05-21 10:37:13,727] {processor.py:632} INFO - DAG(s) dict_keys(['cbr_currency_to_greenplum']) retrieved from /opt/airflow/dags/j_chernigin_8_cbr_currency_load.py
[2022-05-21 10:37:18,286] {logging_mixin.py:109} INFO - [2022-05-21 10:37:18,286] {providers_manager.py:156} WARNING - Exception when importing 'airflow.providers.google.leveldb.hooks.leveldb.LevelDBHook' from 'apache-airflow-providers-google' package: No module named 'plyvel'
[2022-05-21 10:37:19,767] {logging_mixin.py:109} INFO - [2022-05-21 10:37:19,767] {providers_manager.py:156} WARNING - Exception when importing 'airflow.providers.google.leveldb.hooks.leveldb.LevelDBHook' from 'apache-airflow-providers-google' package: No module named 'plyvel'
[2022-05-21 10:37:19,790] {logging_mixin.py:109} INFO - [2022-05-21 10:37:19,790] {manager.py:496} INFO - Created Permission View: can edit on DAG:cbr_currency_to_greenplum
[2022-05-21 10:37:19,803] {logging_mixin.py:109} INFO - [2022-05-21 10:37:19,803] {manager.py:496} INFO - Created Permission View: can read on DAG:cbr_currency_to_greenplum
[2022-05-21 10:37:19,805] {logging_mixin.py:109} INFO - [2022-05-21 10:37:19,804] {dag.py:2389} INFO - Sync 1 DAGs
[2022-05-21 10:37:19,815] {logging_mixin.py:109} INFO - [2022-05-21 10:37:19,814] {dag.py:2408} INFO - Creating ORM DAG for cbr_currency_to_greenplum
[2022-05-21 10:37:19,829] {logging_mixin.py:109} INFO - [2022-05-21 10:37:19,829] {dag.py:2921} INFO - Setting next_dagrun for cbr_currency_to_greenplum to 2022-05-18T00:00:00+00:00
[2022-05-21 10:37:19,848] {processor.py:171} INFO - Processing /opt/airflow/dags/j_chernigin_8_cbr_currency_load.py took 6.226 seconds
[2022-05-21 10:37:50,009] {processor.py:163} INFO - Started process (PID=82) to work on /opt/airflow/dags/j_chernigin_8_cbr_currency_load.py
[2022-05-21 10:37:50,011] {processor.py:620} INFO - Processing file /opt/airflow/dags/j_chernigin_8_cbr_currency_load.py for tasks to queue
[2022-05-21 10:37:50,013] {logging_mixin.py:109} INFO - [2022-05-21 10:37:50,013] {dagbag.py:500} INFO - Filling up the DagBag from /opt/airflow/dags/j_chernigin_8_cbr_currency_load.py
[2022-05-21 10:37:50,060] {processor.py:632} INFO - DAG(s) dict_keys(['cbr_currency_to_greenplum']) retrieved from /opt/airflow/dags/j_chernigin_8_cbr_currency_load.py
[2022-05-21 10:37:50,073] {logging_mixin.py:109} INFO - [2022-05-21 10:37:50,072] {dag.py:2389} INFO - Sync 1 DAGs
[2022-05-21 10:37:50,092] {logging_mixin.py:109} INFO - [2022-05-21 10:37:50,092] {dag.py:2921} INFO - Setting next_dagrun for cbr_currency_to_greenplum to 2022-05-18T00:00:00+00:00
[2022-05-21 10:37:50,104] {processor.py:171} INFO - Processing /opt/airflow/dags/j_chernigin_8_cbr_currency_load.py took 0.100 seconds
[2022-05-21 10:40:02,724] {processor.py:163} INFO - Started process (PID=40) to work on /opt/airflow/dags/j_chernigin_8_cbr_currency_load.py
[2022-05-21 10:40:02,727] {processor.py:620} INFO - Processing file /opt/airflow/dags/j_chernigin_8_cbr_currency_load.py for tasks to queue
[2022-05-21 10:40:02,728] {logging_mixin.py:109} INFO - [2022-05-21 10:40:02,728] {dagbag.py:500} INFO - Filling up the DagBag from /opt/airflow/dags/j_chernigin_8_cbr_currency_load.py
[2022-05-21 10:40:02,963] {processor.py:632} INFO - DAG(s) dict_keys(['cbr_currency_to_greenplum']) retrieved from /opt/airflow/dags/j_chernigin_8_cbr_currency_load.py
[2022-05-21 10:40:03,009] {logging_mixin.py:109} INFO - [2022-05-21 10:40:03,009] {dag.py:2389} INFO - Sync 1 DAGs
[2022-05-21 10:40:03,076] {logging_mixin.py:109} INFO - [2022-05-21 10:40:03,076] {dag.py:2921} INFO - Setting next_dagrun for cbr_currency_to_greenplum to 2022-05-18T00:00:00+00:00
[2022-05-21 10:40:03,109] {processor.py:171} INFO - Processing /opt/airflow/dags/j_chernigin_8_cbr_currency_load.py took 0.408 seconds
[2022-05-21 10:40:33,225] {processor.py:163} INFO - Started process (PID=62) to work on /opt/airflow/dags/j_chernigin_8_cbr_currency_load.py
[2022-05-21 10:40:33,226] {processor.py:620} INFO - Processing file /opt/airflow/dags/j_chernigin_8_cbr_currency_load.py for tasks to queue
[2022-05-21 10:40:33,228] {logging_mixin.py:109} INFO - [2022-05-21 10:40:33,228] {dagbag.py:500} INFO - Filling up the DagBag from /opt/airflow/dags/j_chernigin_8_cbr_currency_load.py
[2022-05-21 10:40:33,264] {processor.py:632} INFO - DAG(s) dict_keys(['cbr_currency_to_greenplum']) retrieved from /opt/airflow/dags/j_chernigin_8_cbr_currency_load.py
[2022-05-21 10:40:33,274] {logging_mixin.py:109} INFO - [2022-05-21 10:40:33,274] {dag.py:2389} INFO - Sync 1 DAGs
[2022-05-21 10:40:33,294] {logging_mixin.py:109} INFO - [2022-05-21 10:40:33,293] {dag.py:2921} INFO - Setting next_dagrun for cbr_currency_to_greenplum to 2022-05-18T00:00:00+00:00
[2022-05-21 10:40:33,303] {processor.py:171} INFO - Processing /opt/airflow/dags/j_chernigin_8_cbr_currency_load.py took 0.083 seconds
[2022-05-21 10:41:03,410] {processor.py:163} INFO - Started process (PID=84) to work on /opt/airflow/dags/j_chernigin_8_cbr_currency_load.py
[2022-05-21 10:41:03,412] {processor.py:620} INFO - Processing file /opt/airflow/dags/j_chernigin_8_cbr_currency_load.py for tasks to queue
[2022-05-21 10:41:03,413] {logging_mixin.py:109} INFO - [2022-05-21 10:41:03,413] {dagbag.py:500} INFO - Filling up the DagBag from /opt/airflow/dags/j_chernigin_8_cbr_currency_load.py
[2022-05-21 10:41:03,450] {processor.py:632} INFO - DAG(s) dict_keys(['cbr_currency_to_greenplum']) retrieved from /opt/airflow/dags/j_chernigin_8_cbr_currency_load.py
[2022-05-21 10:41:03,460] {logging_mixin.py:109} INFO - [2022-05-21 10:41:03,460] {dag.py:2389} INFO - Sync 1 DAGs
[2022-05-21 10:41:03,476] {logging_mixin.py:109} INFO - [2022-05-21 10:41:03,476] {dag.py:2921} INFO - Setting next_dagrun for cbr_currency_to_greenplum to 2022-05-18T00:00:00+00:00
[2022-05-21 10:41:03,486] {processor.py:171} INFO - Processing /opt/airflow/dags/j_chernigin_8_cbr_currency_load.py took 0.080 seconds
[2022-05-21 10:41:33,597] {processor.py:163} INFO - Started process (PID=116) to work on /opt/airflow/dags/j_chernigin_8_cbr_currency_load.py
[2022-05-21 10:41:33,599] {processor.py:620} INFO - Processing file /opt/airflow/dags/j_chernigin_8_cbr_currency_load.py for tasks to queue
[2022-05-21 10:41:33,601] {logging_mixin.py:109} INFO - [2022-05-21 10:41:33,601] {dagbag.py:500} INFO - Filling up the DagBag from /opt/airflow/dags/j_chernigin_8_cbr_currency_load.py
[2022-05-21 10:41:33,648] {processor.py:632} INFO - DAG(s) dict_keys(['cbr_currency_to_greenplum']) retrieved from /opt/airflow/dags/j_chernigin_8_cbr_currency_load.py
[2022-05-21 10:41:33,664] {logging_mixin.py:109} INFO - [2022-05-21 10:41:33,664] {dag.py:2389} INFO - Sync 1 DAGs
[2022-05-21 10:41:33,684] {logging_mixin.py:109} INFO - [2022-05-21 10:41:33,683] {dag.py:2921} INFO - Setting next_dagrun for cbr_currency_to_greenplum to 2022-05-18T00:00:00+00:00
[2022-05-21 10:41:33,694] {processor.py:171} INFO - Processing /opt/airflow/dags/j_chernigin_8_cbr_currency_load.py took 0.101 seconds
[2022-05-21 10:42:03,803] {processor.py:163} INFO - Started process (PID=138) to work on /opt/airflow/dags/j_chernigin_8_cbr_currency_load.py
[2022-05-21 10:42:03,805] {processor.py:620} INFO - Processing file /opt/airflow/dags/j_chernigin_8_cbr_currency_load.py for tasks to queue
[2022-05-21 10:42:03,806] {logging_mixin.py:109} INFO - [2022-05-21 10:42:03,806] {dagbag.py:500} INFO - Filling up the DagBag from /opt/airflow/dags/j_chernigin_8_cbr_currency_load.py
[2022-05-21 10:42:03,847] {processor.py:632} INFO - DAG(s) dict_keys(['cbr_currency_to_greenplum']) retrieved from /opt/airflow/dags/j_chernigin_8_cbr_currency_load.py
[2022-05-21 10:42:03,858] {logging_mixin.py:109} INFO - [2022-05-21 10:42:03,858] {dag.py:2389} INFO - Sync 1 DAGs
[2022-05-21 10:42:03,877] {logging_mixin.py:109} INFO - [2022-05-21 10:42:03,877] {dag.py:2921} INFO - Setting next_dagrun for cbr_currency_to_greenplum to 2022-05-18T00:00:00+00:00
[2022-05-21 10:42:03,888] {processor.py:171} INFO - Processing /opt/airflow/dags/j_chernigin_8_cbr_currency_load.py took 0.089 seconds
[2022-05-21 10:42:34,043] {processor.py:163} INFO - Started process (PID=170) to work on /opt/airflow/dags/j_chernigin_8_cbr_currency_load.py
[2022-05-21 10:42:34,045] {processor.py:620} INFO - Processing file /opt/airflow/dags/j_chernigin_8_cbr_currency_load.py for tasks to queue
[2022-05-21 10:42:34,046] {logging_mixin.py:109} INFO - [2022-05-21 10:42:34,046] {dagbag.py:500} INFO - Filling up the DagBag from /opt/airflow/dags/j_chernigin_8_cbr_currency_load.py
[2022-05-21 10:42:34,102] {processor.py:632} INFO - DAG(s) dict_keys(['cbr_currency_to_greenplum']) retrieved from /opt/airflow/dags/j_chernigin_8_cbr_currency_load.py
[2022-05-21 10:42:34,120] {logging_mixin.py:109} INFO - [2022-05-21 10:42:34,120] {dag.py:2389} INFO - Sync 1 DAGs
[2022-05-21 10:42:34,144] {logging_mixin.py:109} INFO - [2022-05-21 10:42:34,144] {dag.py:2921} INFO - Setting next_dagrun for cbr_currency_to_greenplum to 2022-05-18T00:00:00+00:00
[2022-05-21 10:42:34,159] {processor.py:171} INFO - Processing /opt/airflow/dags/j_chernigin_8_cbr_currency_load.py took 0.123 seconds
[2022-05-21 10:43:04,227] {processor.py:163} INFO - Started process (PID=193) to work on /opt/airflow/dags/j_chernigin_8_cbr_currency_load.py
[2022-05-21 10:43:04,229] {processor.py:620} INFO - Processing file /opt/airflow/dags/j_chernigin_8_cbr_currency_load.py for tasks to queue
[2022-05-21 10:43:04,231] {logging_mixin.py:109} INFO - [2022-05-21 10:43:04,231] {dagbag.py:500} INFO - Filling up the DagBag from /opt/airflow/dags/j_chernigin_8_cbr_currency_load.py
[2022-05-21 10:43:04,272] {processor.py:632} INFO - DAG(s) dict_keys(['cbr_currency_to_greenplum']) retrieved from /opt/airflow/dags/j_chernigin_8_cbr_currency_load.py
[2022-05-21 10:43:04,282] {logging_mixin.py:109} INFO - [2022-05-21 10:43:04,282] {dag.py:2389} INFO - Sync 1 DAGs
[2022-05-21 10:43:04,302] {logging_mixin.py:109} INFO - [2022-05-21 10:43:04,301] {dag.py:2921} INFO - Setting next_dagrun for cbr_currency_to_greenplum to 2022-05-18T00:00:00+00:00
[2022-05-21 10:43:04,311] {processor.py:171} INFO - Processing /opt/airflow/dags/j_chernigin_8_cbr_currency_load.py took 0.092 seconds
[2022-05-21 10:43:34,583] {processor.py:163} INFO - Started process (PID=217) to work on /opt/airflow/dags/j_chernigin_8_cbr_currency_load.py
[2022-05-21 10:43:34,586] {processor.py:620} INFO - Processing file /opt/airflow/dags/j_chernigin_8_cbr_currency_load.py for tasks to queue
[2022-05-21 10:43:34,587] {logging_mixin.py:109} INFO - [2022-05-21 10:43:34,587] {dagbag.py:500} INFO - Filling up the DagBag from /opt/airflow/dags/j_chernigin_8_cbr_currency_load.py
[2022-05-21 10:43:34,627] {processor.py:632} INFO - DAG(s) dict_keys(['cbr_currency_to_greenplum']) retrieved from /opt/airflow/dags/j_chernigin_8_cbr_currency_load.py
[2022-05-21 10:43:34,638] {logging_mixin.py:109} INFO - [2022-05-21 10:43:34,638] {dag.py:2389} INFO - Sync 1 DAGs
[2022-05-21 10:43:34,655] {logging_mixin.py:109} INFO - [2022-05-21 10:43:34,655] {dag.py:2921} INFO - Setting next_dagrun for cbr_currency_to_greenplum to 2022-05-18T00:00:00+00:00
[2022-05-21 10:43:34,665] {processor.py:171} INFO - Processing /opt/airflow/dags/j_chernigin_8_cbr_currency_load.py took 0.087 seconds
[2022-05-21 10:44:04,743] {processor.py:163} INFO - Started process (PID=248) to work on /opt/airflow/dags/j_chernigin_8_cbr_currency_load.py
[2022-05-21 10:44:04,744] {processor.py:620} INFO - Processing file /opt/airflow/dags/j_chernigin_8_cbr_currency_load.py for tasks to queue
[2022-05-21 10:44:04,745] {logging_mixin.py:109} INFO - [2022-05-21 10:44:04,745] {dagbag.py:500} INFO - Filling up the DagBag from /opt/airflow/dags/j_chernigin_8_cbr_currency_load.py
[2022-05-21 10:44:04,783] {processor.py:632} INFO - DAG(s) dict_keys(['cbr_currency_to_greenplum']) retrieved from /opt/airflow/dags/j_chernigin_8_cbr_currency_load.py
[2022-05-21 10:44:04,796] {logging_mixin.py:109} INFO - [2022-05-21 10:44:04,795] {dag.py:2389} INFO - Sync 1 DAGs
[2022-05-21 10:44:04,819] {logging_mixin.py:109} INFO - [2022-05-21 10:44:04,818] {dag.py:2921} INFO - Setting next_dagrun for cbr_currency_to_greenplum to 2022-05-18T00:00:00+00:00
[2022-05-21 10:44:04,830] {processor.py:171} INFO - Processing /opt/airflow/dags/j_chernigin_8_cbr_currency_load.py took 0.091 seconds
[2022-05-21 10:44:34,942] {processor.py:163} INFO - Started process (PID=271) to work on /opt/airflow/dags/j_chernigin_8_cbr_currency_load.py
[2022-05-21 10:44:34,944] {processor.py:620} INFO - Processing file /opt/airflow/dags/j_chernigin_8_cbr_currency_load.py for tasks to queue
[2022-05-21 10:44:34,945] {logging_mixin.py:109} INFO - [2022-05-21 10:44:34,945] {dagbag.py:500} INFO - Filling up the DagBag from /opt/airflow/dags/j_chernigin_8_cbr_currency_load.py
[2022-05-21 10:44:34,980] {processor.py:632} INFO - DAG(s) dict_keys(['cbr_currency_to_greenplum']) retrieved from /opt/airflow/dags/j_chernigin_8_cbr_currency_load.py
[2022-05-21 10:44:34,991] {logging_mixin.py:109} INFO - [2022-05-21 10:44:34,990] {dag.py:2389} INFO - Sync 1 DAGs
[2022-05-21 10:44:35,008] {logging_mixin.py:109} INFO - [2022-05-21 10:44:35,008] {dag.py:2921} INFO - Setting next_dagrun for cbr_currency_to_greenplum to 2022-05-18T00:00:00+00:00
[2022-05-21 10:44:35,018] {processor.py:171} INFO - Processing /opt/airflow/dags/j_chernigin_8_cbr_currency_load.py took 0.080 seconds
[2022-05-21 10:45:05,177] {processor.py:163} INFO - Started process (PID=302) to work on /opt/airflow/dags/j_chernigin_8_cbr_currency_load.py
[2022-05-21 10:45:05,179] {processor.py:620} INFO - Processing file /opt/airflow/dags/j_chernigin_8_cbr_currency_load.py for tasks to queue
[2022-05-21 10:45:05,180] {logging_mixin.py:109} INFO - [2022-05-21 10:45:05,180] {dagbag.py:500} INFO - Filling up the DagBag from /opt/airflow/dags/j_chernigin_8_cbr_currency_load.py
[2022-05-21 10:45:05,219] {processor.py:632} INFO - DAG(s) dict_keys(['cbr_currency_to_greenplum']) retrieved from /opt/airflow/dags/j_chernigin_8_cbr_currency_load.py
[2022-05-21 10:45:05,230] {logging_mixin.py:109} INFO - [2022-05-21 10:45:05,229] {dag.py:2389} INFO - Sync 1 DAGs
[2022-05-21 10:45:05,247] {logging_mixin.py:109} INFO - [2022-05-21 10:45:05,247] {dag.py:2921} INFO - Setting next_dagrun for cbr_currency_to_greenplum to 2022-05-18T00:00:00+00:00
[2022-05-21 10:45:05,259] {processor.py:171} INFO - Processing /opt/airflow/dags/j_chernigin_8_cbr_currency_load.py took 0.085 seconds
